------Start of DE processing------ = [7/3/18 12:24:20:577 CAT]
Exception = java.lang.NoClassDefFoundError
Source = com.ibm.ws.injectionengine.InjectionProcessorManager.getAllDeclaredFields
probeid = 249
Stack Dump = java.lang.NoClassDefFoundError: org/apache/tiles/el/ScopeELResolver
	at java.lang.Class.getDeclaredFields0(Native Method)
	at java.lang.Class.privateGetDeclaredFields(Class.java:2583)
	at java.lang.Class.getDeclaredFields(Class.java:1916)
	at com.ibm.ws.injectionengine.InjectionProcessorManager.getAllDeclaredFields(InjectionProcessorManager.java:374)
	at com.ibm.ws.injectionengine.InjectionProcessorManager.processAnnotations(InjectionProcessorManager.java:215)
	at com.ibm.ws.injectionengine.AbstractInjectionEngine.processInjectionMetaData(AbstractInjectionEngine.java:513)
	at com.ibm.ws.injectionengine.osgi.internal.OSGiInjectionEngineImpl.processInjectionMetaData(OSGiInjectionEngineImpl.java:238)
	at com.ibm.ws.injectionengine.ReferenceContextImpl.processImpl(ReferenceContextImpl.java:594)
	at com.ibm.ws.injectionengine.ReferenceContextImpl.process(ReferenceContextImpl.java:289)
	at com.ibm.ws.injectionengine.osgi.internal.OSGiReferenceContextImpl.process(OSGiReferenceContextImpl.java:30)
	at com.ibm.ws.cdi.impl.weld.WebSphereCDIDeploymentImpl.initializeInjectionServices(WebSphereCDIDeploymentImpl.java:631)
	at com.ibm.ws.cdi.impl.CDIContainerImpl.startInitialization(CDIContainerImpl.java:133)
	at com.ibm.ws.cdi.liberty.CDIRuntimeImpl.applicationStarting(CDIRuntimeImpl.java:400)
	at com.ibm.ws.container.service.state.internal.ApplicationStateManager.fireStarting(ApplicationStateManager.java:28)
	at com.ibm.ws.container.service.state.internal.StateChangeServiceImpl.fireApplicationStarting(StateChangeServiceImpl.java:50)
	at com.ibm.ws.app.manager.module.internal.DeployedAppInfoBase.preDeployApp(DeployedAppInfoBase.java:383)
	at com.ibm.ws.app.manager.module.internal.DeployedAppInfoBase.deployApp(DeployedAppInfoBase.java:412)
	at com.ibm.ws.app.manager.war.internal.WARApplicationHandlerImpl.install(WARApplicationHandlerImpl.java:65)
	at com.ibm.ws.app.manager.internal.statemachine.StartAction.execute(StartAction.java:140)
	at com.ibm.ws.app.manager.internal.statemachine.ApplicationStateMachineImpl.enterState(ApplicationStateMachineImpl.java:1258)
	at com.ibm.ws.app.manager.internal.statemachine.ApplicationStateMachineImpl.run(ApplicationStateMachineImpl.java:873)
	at java.util.concurrent.ThreadPoolExecutor.runWorker(ThreadPoolExecutor.java:1149)
	at java.util.concurrent.ThreadPoolExecutor$Worker.run(ThreadPoolExecutor.java:624)
	at java.lang.Thread.run(Thread.java:748)
Caused by: java.lang.ClassNotFoundException: org.apache.tiles.el.ScopeELResolver
	at com.ibm.ws.classloading.internal.AppClassLoader.findClassCommonLibraryClassLoaders(AppClassLoader.java:504)
	at com.ibm.ws.classloading.internal.AppClassLoader.findClass(AppClassLoader.java:276)
	at java.lang.ClassLoader.loadClass(ClassLoader.java:424)
	at com.ibm.ws.classloading.internal.AppClassLoader.findOrDelegateLoadClass(AppClassLoader.java:482)
	at com.ibm.ws.classloading.internal.AppClassLoader.loadClass(AppClassLoader.java:443)
	at java.lang.ClassLoader.loadClass(ClassLoader.java:357)
	... 24 more

Dump of callerThis
null
==> Performing default dump from com.ibm.ws.injectionengine.ffdc.InjectionDiagnosticModule  = Tue Jul 03 12:24:20 CAT 2018
 = *** Start InjectionDiagnosticModule Dump ***
 = > InjectionDiagnosticModule: dump Object array : 2
 = 
 =    Non-Formattable :
 =       > java.lang.Class@74c4a338
 =            class org.springframework.web.servlet.view.tiles3.TilesConfigurer$CompositeELResolverImpl
 =       > java.lang.Class@74c4a338
 =            class org.springframework.web.servlet.view.tiles3.TilesConfigurer$CompositeELResolverImpl
 = < InjectionDiagnosticModule: dump Object array complete
 = 
 = *** Start InjectionEngine Dump    ---> com.ibm.ws.injectionengine.osgi.internal.OSGiInjectionEngineImpl@1c060dfa
 = 
 =    Default Factories : 
 =       Indirect    = com.ibm.ws.injectionengine.osgi.internal.IndirectJndiLookupReferenceFactoryImpl@466acb8b
 =       ResIndirect = com.ibm.ws.injectionengine.osgi.internal.IndirectJndiLookupReferenceFactoryImpl@67fdb6ab
 =       ResRef      = com.ibm.ws.injectionengine.osgi.internal.ResRefReferenceFactoryImpl@7c55f310
 =       ResAuto     = com.ibm.ws.injectionengine.osgi.internal.ResAutoLinkReferenceFactoryImpl@509058bd
 =       EJBLink     = com.ibm.ws.injectionengine.osgi.internal.EJBLinkReferenceFactoryImpl@4036f7b7
 =       MBLink      = com.ibm.ws.injectionengine.factory.MBLinkReferenceFactoryImpl@4af449f4
 = 
 =    Actual Factories : 
 =       com.ibm.ws.ejbcontainer.injection.factory.MBLinkReferenceFactoryImpl@196afec9
 = 
 =    Registered Processors : 
 =       javax.mail.MailSessionDefinition : com.ibm.ws.javamail.internal.injection.MailSessionDefinitionInjectionProcessorProvider@4bed18e9
 =       javax.inject.Inject : com.ibm.ws.cdi.impl.inject.InjectProcessorProvider@3c11c56c
 =       javax.ws.rs.BeanParam : com.ibm.ws.jaxrs20.component.injection.BeanParamProcessProvider@544280f3
 =       javax.ejb.EJB : com.ibm.ws.ejb.injection.processor.EJBProcessorProvider@1a90a004
 =       javax.persistence.PersistenceContext : com.ibm.ws.jpa.container.osgi.internal.JPAPCtxtProcessorProvider@3919d9ef
 =       javax.ws.rs.CookieParam : com.ibm.ws.jaxrs20.component.injection.CookieParamProcessorProvider@b115105
 =       javax.ws.rs.HeaderParam : com.ibm.ws.jaxrs20.component.injection.HeaderParamProcessorProvider@4b141d8c
 =       javax.resource.AdministeredObjectDefinition : com.ibm.ws.jca17.processor.AdministeredObjectDefinitionProcessorProvider@541b146a
 =       javax.ws.rs.QueryParam : com.ibm.ws.jaxrs20.component.injection.QueryParamProcessorProvider@23ba69a7
 =       javax.jms.JMSDestinationDefinition : com.ibm.ws.jca.processor.jms.destination.JMSDestinationDefinitionProcessorProvider@22228dac
 =       javax.jms.JMSConnectionFactoryDefinition : com.ibm.ws.jca.processor.jms.connectionfactory.JMSConnectionFactoryDefinitionProcessorProvider@49b10c19
 =       javax.ws.rs.MatrixParam : com.ibm.ws.jaxrs20.component.injection.MatrixParamProcessorProvider@4585f901
 =       javax.resource.ConnectionFactoryDefinition : com.ibm.ws.jca17.processor.ConnectionFactoryDefinitionProcessorProvider@35824747
 =       javax.persistence.PersistenceUnit : com.ibm.ws.jpa.container.osgi.internal.JPAPUnitProcessorProvider@3fbe3b6
 =       javax.annotation.Resource : com.ibm.ws.injectionengine.processor.ResourceProcessorProvider@42ebf614
 =       javax.ws.rs.core.Context : com.ibm.ws.jaxrs20.component.injection.ContextProcessorProvider@284c52b9
 =       javax.annotation.sql.DataSourceDefinition : com.ibm.ws.injectionengine.processor.DataSourceDefinitionProcessorProvider@fd39088
 =       javax.ws.rs.PathParam : com.ibm.ws.jaxrs20.component.injection.PathParamProcessorProvider@53e92497
 =       javax.xml.ws.WebServiceRef : com.ibm.ws.jaxws.client.injection.WebServiceRefProcessorProvider@4e2f33a8
 = 
 =    Registered Object Factories : 
 = 
 =    Registered No-Override Object Factories : 
 =       javax.annotation.Resource
 =          javax.ejb.MessageDrivenContext : com.ibm.ws.injectionengine.ObjectFactoryInfoImpl@4bc794e[class com.ibm.ws.ejbcontainer.injection.factory.EJBContextObjectFactory, null]
 =          javax.ejb.EntityContext : com.ibm.ws.injectionengine.ObjectFactoryInfoImpl@1778fe81[class com.ibm.ws.ejbcontainer.injection.factory.EJBContextObjectFactory, null]
 =          javax.transaction.UserTransaction : com.ibm.ws.transaction.services.TransactionObjectFactoryInfo@d2fbd65
 =          com.ibm.wsspi.uow.UOWManager : com.ibm.ws.transaction.services.UOWManagerObjectFactoryInfo@3aaa7d1b
 =          com.ibm.websphere.ejbcontainer.EJBContextExtension : com.ibm.ws.injectionengine.ObjectFactoryInfoImpl@5d3b0509[class com.ibm.ws.ejbcontainer.injection.factory.EJBContextObjectFactory, null]
 =          com.ibm.websphere.ejbcontainer.EntityContextExtension : com.ibm.ws.injectionengine.ObjectFactoryInfoImpl@de764d9[class com.ibm.ws.ejbcontainer.injection.factory.EJBContextObjectFactory, null]
 =          javax.ejb.TimerService : com.ibm.ws.injectionengine.ObjectFactoryInfoImpl@7d532495[class com.ibm.ws.ejbcontainer.injection.factory.TimerServiceObjectFactory, null]
 =          com.ibm.websphere.ejbcontainer.MessageDrivenContextExtension : com.ibm.ws.injectionengine.ObjectFactoryInfoImpl@1478dc81[class com.ibm.ws.ejbcontainer.injection.factory.EJBContextObjectFactory, null]
 =          javax.ejb.EJBContext : com.ibm.ws.injectionengine.ObjectFactoryInfoImpl@116e904a[class com.ibm.ws.ejbcontainer.injection.factory.EJBContextObjectFactory, null]
 =          javax.ejb.SessionContext : com.ibm.ws.injectionengine.ObjectFactoryInfoImpl@2719ef12[class com.ibm.ws.ejbcontainer.injection.factory.EJBContextObjectFactory, null]
 =          javax.transaction.TransactionSynchronizationRegistry : com.ibm.ws.transaction.services.TransactionSynchronizationRegistryObjectFactoryInfo@430a10e8
 =          javax.validation.Validator : com.ibm.ws.beanvalidation.ValidatorObjectFactoryInfo@11c450dc
 =          javax.validation.ValidatorFactory : com.ibm.ws.beanvalidation.ValidatorFactoryObjectFactoryInfo@74cd7e6e
 =          javax.xml.ws.WebServiceContext : com.ibm.ws.jaxws.injection.WebServiceContextObjectFactoryInfo@1c447e9a
 =          com.ibm.websphere.ejbcontainer.SessionContextExtension : com.ibm.ws.injectionengine.ObjectFactoryInfoImpl@fdaa0aa[class com.ibm.ws.ejbcontainer.injection.factory.EJBContextObjectFactory, null]
 =          javax.enterprise.inject.spi.BeanManager : com.ibm.ws.cdi.jndi.liberty.BeanManagerObjectFactoryInfo@3cab533d
 =          org.omg.CORBA.ORB : com.ibm.ws.ejbcontainer.remote.internal.ORBObjectFactoryInfo@230a64c8
 = 
 =    Registered Override Reference Factories : 
 = 
 =    Registered MetaDataListeners : 
 =       com.ibm.ws.ejbcontainer.osgi.internal.EJBRuntimeImpl@1c856e9d
 =       com.ibm.ws.ejbcontainer.osgi.internal.EJBRuntimeImpl@46805257
 =       com.ibm.ws.jaxws.support.JaxWsInjectionMetaDataListener@20d4d301
 =       com.ibm.ws.cdi.impl.CDIContainerImpl@5008dff7
 = 
 =    isEmbeddable    : false
 = 
 = *** InjectionEngine Dump Complete ***
 = 
 = *** InjectionDiagnosticModule Dump Complete ***
+ Data for directive [Default] obtained. = 
==> Dump complete for com.ibm.ws.injectionengine.ffdc.InjectionDiagnosticModule  = Tue Jul 03 12:24:20 CAT 2018
