------Start of DE processing------ = [7/2/18 10:53:45:211 CAT]
Exception = com.ibm.ws.webcontainer.exception.WebAppNotLoadedException
Source = com.ibm.ws.webcontainer.Webcontainer
probeid = 732
Stack Dump = com.ibm.ws.webcontainer.exception.WebAppNotLoadedException: Failed to load webapp: Context root /v1/legacyDashboard/* is already bound. Cannot start application legacy-integration-0.0.1-SNAPSHOT
	at com.ibm.ws.webcontainer.osgi.DynamicVirtualHost.addWebApplication(DynamicVirtualHost.java:128)
	at com.ibm.ws.webcontainer.WebContainer.addWebApp(WebContainer.java:542)
	at com.ibm.ws.webcontainer.WebContainer.addWebApplication(WebContainer.java:497)
	at com.ibm.ws.webcontainer.osgi.WebContainer.startModule(WebContainer.java:931)
	at com.ibm.ws.app.manager.module.internal.ModuleHandlerBase.deployModule(ModuleHandlerBase.java:99)
	at com.ibm.ws.app.manager.module.internal.DeployedModuleInfoImpl.installModule(DeployedModuleInfoImpl.java:49)
	at com.ibm.ws.app.manager.module.internal.DeployedAppInfoBase.deployModules(DeployedAppInfoBase.java:429)
	at com.ibm.ws.app.manager.module.internal.DeployedAppInfoBase.deployApp(DeployedAppInfoBase.java:415)
	at com.ibm.ws.app.manager.war.internal.WARApplicationHandlerImpl.install(WARApplicationHandlerImpl.java:65)
	at com.ibm.ws.app.manager.internal.statemachine.StartAction.execute(StartAction.java:140)
	at com.ibm.ws.app.manager.internal.statemachine.ApplicationStateMachineImpl.enterState(ApplicationStateMachineImpl.java:1258)
	at com.ibm.ws.app.manager.internal.statemachine.ApplicationStateMachineImpl.run(ApplicationStateMachineImpl.java:873)
	at java.util.concurrent.ThreadPoolExecutor.runWorker(ThreadPoolExecutor.java:1149)
	at java.util.concurrent.ThreadPoolExecutor$Worker.run(ThreadPoolExecutor.java:624)
	at java.lang.Thread.run(Thread.java:748)

Dump of callerThis
Object type = com.ibm.ws.webcontainer.osgi.WebContainer
  tc = class com.ibm.websphere.ras.TraceComponent@3c4956f9
    strings[0] = "TraceComponent[com.ibm.ws.webcontainer.osgi.WebContainer,class com.ibm.ws.webcontainer.osgi.WebContainer,[webcontainer],com.ibm.ws.webcontainer.resources.LShimMessages,null]"
  CLASS_NAME = "com.ibm.ws.webcontainer.osgi.WebContainer"
  initialized = true
  eventService = class com.ibm.ws.event.internal.EventEngineImpl@1a106acd
    tc = class com.ibm.websphere.ras.TraceComponent@1c27bb2e
      strings[0] = "TraceComponent[com.ibm.ws.event.internal.EventEngineImpl,class com.ibm.ws.event.internal.EventEngineImpl,[EventEngine],,null]"
    OSGI_EVENT_HANDLER_REFERENCE_NAME = "OsgiEventHandler"
    WS_EVENT_HANDLER_REFERENCE_NAME = "WsEventHandler"
    CFG_KEY_REENTRANT_HANDLER_DEFAULT = "reentrant.handler.default"
    CFG_KEY_STAGE_PREFIX = "stage.topics."
    topicCache = class com.ibm.ws.event.internal.TopicBasedCache@27fc3266
      serialVersionUID = -1668099068630434622
      DEFAULT_STAGE_NAME = "Events"
      serviceReferenceMap = class java.util.HashMap@2525ea9c
      discreteEventHandlers = class java.util.HashMap@7fc9d347
      wildcardEventHandlers = class java.util.HashMap@321f7c4f
      discreteStageTopics = class java.util.HashMap@2c9e5a0a
      wildcardStageTopics = class java.util.HashMap@26e5240f
      topicDataCache = class java.util.concurrent.ConcurrentHashMap@1707987f
      eventEngine = class com.ibm.ws.event.internal.EventEngineImpl@1a106acd
      $$$tc$$$ = class com.ibm.websphere.ras.TraceComponent@cc029
    componentContext = class org.apache.felix.scr.impl.manager.ComponentContextImpl@2829173f
      m_componentManager = class org.apache.felix.scr.impl.manager.SingleComponentManager@3c687231
      edgeInfos = class org.apache.felix.scr.impl.manager.EdgeInfo[4]
      m_componentInstance = class org.apache.felix.scr.impl.manager.ComponentContextImpl$ComponentInstanceImpl@11a7bbfd
      m_usingBundle = class org.eclipse.osgi.internal.framework.EquinoxBundle@4a9626a9
      m_serviceRegistration = class org.eclipse.osgi.internal.serviceregistry.ServiceRegistrationImpl@6f8bbff8
      m_implementationObject = class com.ibm.ws.event.internal.EventEngineImpl@1a106acd
      m_implementationAccessible = true
      accessibleLatch = class java.util.concurrent.CountDownLatch@48b38f30
      serviceObjectsHelper = class org.apache.felix.scr.impl.helper.ComponentServiceObjectsHelper@37b585ed
      boundValues = null
    bundleContext = class org.eclipse.osgi.internal.framework.BundleContextImpl@5e279cc6
      findHookName = "org.osgi.framework.hooks.bundle.FindHook"
      valid = true
      bundle = class org.eclipse.osgi.internal.framework.EquinoxBundle@4a9626a9
      container = class org.eclipse.osgi.internal.framework.EquinoxContainer@293a2e6
      debug = class org.eclipse.osgi.internal.debug.Debug@6cd98fc5
      servicesInUse = class java.util.HashMap@54acf557
      activator = null
      contextLock = class java.lang.Object@3c80775
    logService = class com.ibm.ws.logging.internal.osgi.TrLogServiceImpl@7cba4ef5
      LOG_EVENT = -5
      COULD_NOT_OBTAIN_LOCK_EXCEPTION = "Could not obtain lock"
      publishEvents = false
      publishDebugEvents = false
      logImpl = class com.ibm.ws.logging.internal.osgi.TrLogImpl@3fe5d499
      bundle = class org.eclipse.osgi.internal.framework.EquinoxBundle@4a9626a9
      ffdcMe = "com.ibm.ws.event-1.0.21.cl180220180619-0403"
      tc = class com.ibm.ws.logging.internal.osgi.TrLogServiceImpl$OSGiTraceComponent@634da976
    frameworkEventAdapter = class com.ibm.ws.event.internal.adapter.FrameworkEventAdapter@b6ee435
      FRAMEWORK_EVENT_TOPIC_PREFIX = "org/osgi/framework/FrameworkEvent/"
      eventAdmin = class com.ibm.ws.event.internal.EventEngineImpl@1a106acd
      serialVersionUID = -1092610607214715909
      $$$tc$$$ = class com.ibm.websphere.ras.TraceComponent@6d975f1d
    bundleEventAdapter = class com.ibm.ws.event.internal.adapter.BundleEventAdapter@4dc7883c
      BUNDLE_EVENT_TOPIC_PREFIX = "org/osgi/framework/BundleEvent/"
      eventAdmin = class com.ibm.ws.event.internal.EventEngineImpl@1a106acd
      serialVersionUID = -818773777250172927
      $$$tc$$$ = class com.ibm.websphere.ras.TraceComponent@78e82ee7
    serviceEventAdapter = class com.ibm.ws.event.internal.adapter.ServiceEventAdapter@2db7ee54
      SERVICE_EVENT_TOPIC_PREFIX = "org/osgi/framework/ServiceEvent/"
      eventAdmin = class com.ibm.ws.event.internal.EventEngineImpl@1a106acd
      serialVersionUID = 408387796793790680
      $$$tc$$$ = class com.ibm.websphere.ras.TraceComponent@4c0069ff
    executorServiceFactory = class com.ibm.ws.event.internal.WorkStageExecutorServiceFactory@354c0f1
      executorService = class com.ibm.ws.threading.internal.ExecutorServiceImpl@546ecd3e
      serialVersionUID = -89348135483836177
      $$$tc$$$ = class com.ibm.websphere.ras.TraceComponent@517d5f43
    defaultReentrancy = true
    skipSchedule = false
    serialVersionUID = -3714378010555321089
  futureMonitor = class com.ibm.ws.threading.internal.FutureMonitorImpl@33e944a2
    _monitor = class java.util.concurrent.ConcurrentLinkedQueue@7eb0c866
      serialVersionUID = 196745693267521676
      head = class java.util.concurrent.ConcurrentLinkedQueue$Node@42a6a625
      tail = class java.util.concurrent.ConcurrentLinkedQueue$Node@42a6a625
      UNSAFE = class sun.misc.Unsafe@108a284b
      headOffset = 12
      tailOffset = 16
      MAX_ARRAY_SIZE = 2147483639
    _executor = class com.ibm.ws.threading.internal.ScheduledExecutorImpl@1e128037
      threadGroupName = "Scheduled Executor Thread Group"
      executor = class com.ibm.ws.threading.internal.ExecutorServiceImpl@546ecd3e
      serialVersionUID = -9110693807503469597
      $$$tc$$$ = class com.ibm.websphere.ras.TraceComponent@a9af62d
      continueExistingPeriodicTasksAfterShutdown = false
      executeExistingDelayedTasksAfterShutdown = true
      removeOnCancel = false
      sequencer = class java.util.concurrent.atomic.AtomicLong@4617497d
      ctl = class java.util.concurrent.atomic.AtomicInteger@12d56cf7
      COUNT_BITS = 29
      CAPACITY = 536870911
      RUNNING = -536870912
      SHUTDOWN = 0
      STOP = 536870912
      TIDYING = 1073741824
      TERMINATED = 1610612736
      workQueue = class java.util.concurrent.ScheduledThreadPoolExecutor$DelayedWorkQueue@459efa65
      mainLock = class java.util.concurrent.locks.ReentrantLock@6c23ca1a
      workers = class java.util.HashSet@10032a42
      termination = class java.util.concurrent.locks.AbstractQueuedSynchronizer$ConditionObject@29085e61
      largestPoolSize = 1
      completedTaskCount = 0
      threadFactory = class com.ibm.ws.threading.internal.ThreadFactoryImpl@1b77c4f7
      handler = class java.util.concurrent.ThreadPoolExecutor$AbortPolicy@69f6ae99
      keepAliveTime = 0
      allowCoreThreadTimeOut = false
      corePoolSize = 1
      maximumPoolSize = 2147483647
      defaultHandler = class java.util.concurrent.ThreadPoolExecutor$AbortPolicy@69f6ae99
      shutdownPerm = class java.lang.RuntimePermission@602ed8df
      acc = null
      ONLY_ONE = true
      $assertionsDisabled = true
    _threadRunning = class java.util.concurrent.atomic.AtomicBoolean@5f1654ae
      serialVersionUID = 4654671469794556979
      unsafe = class sun.misc.Unsafe@108a284b
      valueOffset = 12
      value = 0
    _thread = class com.ibm.ws.threading.internal.FutureMonitorImpl$1@1d167b4d
      this$0 = class com.ibm.ws.threading.internal.FutureMonitorImpl@33e944a2
      serialVersionUID = 2422512430832938099
      $$$tc$$$ = class com.ibm.websphere.ras.TraceComponent@6aa0cddc
    serialVersionUID = 2765238413969174390
    $$$tc$$$ = class com.ibm.websphere.ras.TraceComponent@44a09c12
      strings[0] = "TraceComponent[com.ibm.ws.threading.internal.FutureMonitorImpl,class com.ibm.ws.threading.internal.FutureMonitorImpl,[Threading],com.ibm.ws.threading.internal.resources.ThreadingMessages,null]"
  classLoadingSRRef = class com.ibm.wsspi.kernel.service.utils.AtomicServiceReference@4aa7ccf3
    referenceName = "classLoadingService"
    tuple = class java.util.concurrent.atomic.AtomicReference@58048a2f
      serialVersionUID = -1848883965231344442
      unsafe = class sun.misc.Unsafe@108a284b
      valueOffset = 12
      value = class com.ibm.wsspi.kernel.service.utils.AtomicServiceReference$ReferenceTuple@7295a527
    serialVersionUID = 2226592364007985000
    $$$tc$$$ = class com.ibm.websphere.ras.TraceComponent@1e93890
  sessionHelperSRRef = class com.ibm.wsspi.kernel.service.utils.AtomicServiceReference@738bfeb2
    referenceName = "sessionHelper"
    tuple = class java.util.concurrent.atomic.AtomicReference@9e7e1bc
      serialVersionUID = -1848883965231344442
      unsafe = class sun.misc.Unsafe@108a284b
      valueOffset = 12
      value = class com.ibm.wsspi.kernel.service.utils.AtomicServiceReference$ReferenceTuple@4a3df817
    serialVersionUID = 2226592364007985000
    $$$tc$$$ = class com.ibm.websphere.ras.TraceComponent@1e93890
      strings[0] = "TraceComponent[com.ibm.wsspi.kernel.service.utils.AtomicServiceReference,class com.ibm.wsspi.kernel.service.utils.AtomicServiceReference,[kernelUtils],com.ibm.ws.kernel.service.utils.resources.ServiceMessages,null]"
  cacheManagerSRRef = class com.ibm.wsspi.kernel.service.utils.AtomicServiceReference@6a54b40c
    referenceName = "cacheManager"
    tuple = class java.util.concurrent.atomic.AtomicReference@399dab44
      serialVersionUID = -1848883965231344442
      unsafe = class sun.misc.Unsafe@108a284b
      valueOffset = 12
      value = class com.ibm.wsspi.kernel.service.utils.AtomicServiceReference$ReferenceTuple@12e8bb6c
    serialVersionUID = 2226592364007985000
    $$$tc$$$ = class com.ibm.websphere.ras.TraceComponent@1e93890
  injectionEngineSRRef = class com.ibm.wsspi.kernel.service.utils.AtomicServiceReference@13e131b0
    referenceName = "injectionEngine"
    tuple = class java.util.concurrent.atomic.AtomicReference@6f5ff318
      serialVersionUID = -1848883965231344442
      unsafe = class sun.misc.Unsafe@108a284b
      valueOffset = 12
      value = class com.ibm.wsspi.kernel.service.utils.AtomicServiceReference$ReferenceTuple@592db135
    serialVersionUID = 2226592364007985000
    $$$tc$$$ = class com.ibm.websphere.ras.TraceComponent@1e93890
  managedObjectServiceSRRef = class com.ibm.wsspi.kernel.service.utils.AtomicServiceReference@67d5b76b
    referenceName = "managedObjectService"
    tuple = class java.util.concurrent.atomic.AtomicReference@7c140a37
      serialVersionUID = -1848883965231344442
      unsafe = class sun.misc.Unsafe@108a284b
      valueOffset = 12
      value = class com.ibm.wsspi.kernel.service.utils.AtomicServiceReference$ReferenceTuple@7da08c0
    serialVersionUID = 2226592364007985000
    $$$tc$$$ = class com.ibm.websphere.ras.TraceComponent@1e93890
  backgroundWebAppStartFutures = class com.ibm.ws.webcontainer.util.OneTimeUseArrayList@4b87ab4d
    enabled = true
    runnables = class java.util.ArrayList@48b15e67
      serialVersionUID = 8683452581122892189
      DEFAULT_CAPACITY = 10
      EMPTY_ELEMENTDATA = class java.lang.Object[0]
      DEFAULTCAPACITY_EMPTY_ELEMENTDATA = class java.lang.Object[0]
      elementData = class java.lang.Object[10]
      size = 6
      MAX_ARRAY_SIZE = 2147483639
      modCount = 6
      MAX_ARRAY_SIZE = 2147483639
  REFERENCE_WEB_MBEAN_RUNTIME = "webMBeanRuntime"
  webMBeanRuntimeServiceRef = class com.ibm.wsspi.kernel.service.utils.AtomicServiceReference@43c82e5
    referenceName = "webMBeanRuntime"
    tuple = class java.util.concurrent.atomic.AtomicReference@5bd59ec1
      serialVersionUID = -1848883965231344442
      unsafe = class sun.misc.Unsafe@108a284b
      valueOffset = 12
      value = class com.ibm.wsspi.kernel.service.utils.AtomicServiceReference$ReferenceTuple@52116b82
    serialVersionUID = 2226592364007985000
    $$$tc$$$ = class com.ibm.websphere.ras.TraceComponent@1e93890
  servletContainerInitializers = class com.ibm.wsspi.kernel.service.utils.ConcurrentServiceReferenceSet@1eca5f63
    referenceName = "servletContainerInitializers"
    contextRef = class java.util.concurrent.atomic.AtomicReference@42b3f0e3
      serialVersionUID = -1848883965231344442
      unsafe = class sun.misc.Unsafe@108a284b
      valueOffset = 12
      value = class org.apache.felix.scr.impl.manager.ComponentContextImpl@1b79ecc8
    elementMap = class java.util.LinkedHashMap@a710da3
      serialVersionUID = 3801124242820219131
      head = class java.util.LinkedHashMap$Entry@18c998f1
      tail = class java.util.LinkedHashMap$Entry@6c783946
      accessOrder = false
      serialVersionUID = 362498820763181265
      DEFAULT_INITIAL_CAPACITY = 16
      MAXIMUM_CAPACITY = 1073741824
      DEFAULT_LOAD_FACTOR = 0.75
      TREEIFY_THRESHOLD = 8
      UNTREEIFY_THRESHOLD = 6
      MIN_TREEIFY_CAPACITY = 64
      table = class java.util.HashMap$Node[16]
      entrySet = null
      size = 8
      modCount = 8
      threshold = 12
      loadFactor = 0.75
      keySet = null
      values = null
    elementSet = class java.util.concurrent.ConcurrentSkipListSet@7ac3766f
      serialVersionUID = -2479143111061671589
      m = class java.util.concurrent.ConcurrentSkipListMap@248610b7
      UNSAFE = class sun.misc.Unsafe@108a284b
      mapOffset = 12
      MAX_ARRAY_SIZE = 2147483639
    elementSetUnsorted = false
    serialVersionUID = 756240983881166148
    $$$tc$$$ = class com.ibm.websphere.ras.TraceComponent@daea217
  es = class com.ibm.ws.threading.internal.ExecutorServiceImpl@546ecd3e
    threadPool = class java.util.concurrent.ThreadPoolExecutor@6f8454cd
      ctl = class java.util.concurrent.atomic.AtomicInteger@4c77f20f
      COUNT_BITS = 29
      CAPACITY = 536870911
      RUNNING = -536870912
      SHUTDOWN = 0
      STOP = 536870912
      TIDYING = 1073741824
      TERMINATED = 1610612736
      workQueue = class com.ibm.ws.threading.internal.BoundedBuffer@3a505865
      mainLock = class java.util.concurrent.locks.ReentrantLock@698208da
      workers = class java.util.HashSet@5d12a8c6
      termination = class java.util.concurrent.locks.AbstractQueuedSynchronizer$ConditionObject@2e06dee1
      largestPoolSize = 24
      completedTaskCount = 95
      threadFactory = class com.ibm.ws.threading.internal.ThreadFactoryImpl@162d3834
      handler = class com.ibm.ws.threading.internal.ExecutorServiceImpl$ExpandPolicy@6f1036f3
      keepAliveTime = 60000000000
      allowCoreThreadTimeOut = false
      corePoolSize = 24
      maximumPoolSize = 24
      defaultHandler = class java.util.concurrent.ThreadPoolExecutor$AbortPolicy@69f6ae99
      shutdownPerm = class java.lang.RuntimePermission@602ed8df
      acc = null
      ONLY_ONE = true
      $assertionsDisabled = true
    threadPoolController = class com.ibm.ws.threading.internal.ThreadPoolController@2daceb7
      tc = class com.ibm.websphere.ras.TraceComponent@44b64e2e
      interval = 1500
      hangInterval = 250
      hangResolutionCountdown = 0
      hangResolutionCycles = 3
      hangBufferPoolSize = 0
      controllerCyclesWithoutHang = 0
      noHangCyclesThreshold = 8
      compareRange = 4
      NUMBER_CPUS = 8
      controllerCycle = 9
      distributionReset = true
      poolIncrement = 8
      poolDecrement = 8
      poolChangeBasis = 8
      poolIncrementBoundLow = 128
      poolIncrementBoundMedium = 512
      poolIncrementMax = 32
      poolIncrementMin = 1
      POOL_INCREMENT_MIN_DEFAULT = 1
      POOL_INCREMENT_MAX_DEFAULT = 32
      minimumDesiredPoolSizeAdjustments = 10
      targetPoolSize = 24
      consecutiveTargetPoolSizeWrong = 0
      MAX_CONSECUTIVE_TARGET_POOLSIZE_WRONG = 3
      highCpu = 90
      dataAgePruneLevel = 5.0
      compareSpanPruneMultiplier = 2
      tputRatioPruneLevel = 5.0
      poolTputRatioHigh = 5.0
      poolTputRatioLow = 3.0
      compareSpanRatioMultiplier = 2
      growScoreFilterLevel = 0.5
      shrinkScoreFilterLevel = 0.5
      resetDistroStdDevEwmaRatio = 0.1
      resetDistroNewTputEwmaRatio = 0.5
      resetDistroConsecutiveOutliers = 5.0
      processCpuUtil = 43.38838693633952
      systemCpuUtil = 54.774637381007686
      cpuUtil = 54.774637381007686
      MAX_INTERVALS_WITHOUT_CHANGE = 5
      EMPTY_QUEUE_SHRINK_MAGIC_PER_INTERVAL = 0.04
      IDLE_INTERVALS_BEFORE_PAUSE = 3
      MAX_OUTLIER_AFTER_CHANGE_BEFORE_RESET = 10
      MAX_THREADS_TO_BREAK_HANG = 1024
      executorService = class com.ibm.ws.threading.internal.ExecutorServiceImpl@546ecd3e
      lastAction = class com.ibm.ws.threading.internal.ThreadPoolController$LastAction@59abddbe
      timer = class java.util.Timer@5896a3e1
      activeTask = class com.ibm.ws.threading.internal.IntervalTask@7258238f
      paused = false
      lastTimerPop = 1530521625015
      previousCompleted = 2420
      previousThroughput = 1463.5278514588858
      consecutiveQueueEmptyCount = 7
      consecutiveNoAdjustment = 1
      consecutiveOutlierAfterAdjustment = 1
      consecutiveIdleCount = 0
      maxThreads = 2147483647
      coreThreads = 16
      threadRange = 2147483631
      threadPool = class java.util.concurrent.ThreadPoolExecutor@6f8454cd
      threadStats = class java.util.TreeMap@6a9adf7c
      poolSizeWhenHangDetected = -1
      hangIntervalCounter = 0
      hangMaxThreadsMessageEmitted = false
      serialVersionUID = 1232639342914721961
    poolName = "Default Executor"
    componentConfig = class org.apache.felix.scr.impl.helper.ReadOnlyDictionary@2cb801b2
      m_delegate = class java.util.Hashtable@576cd236
      m_serviceReference = null
    interceptorsActive = false
    interceptors = class java.util.concurrent.CopyOnWriteArraySet@2230f9af
      serialVersionUID = 5457747651344034263
      al = class java.util.concurrent.CopyOnWriteArrayList@5eb373d4
      MAX_ARRAY_SIZE = 2147483639
    threadFactory = null
    serialVersionUID = -5569391535960693817
    $$$tc$$$ = class com.ibm.websphere.ras.TraceComponent@2d76dc8e
      strings[0] = "TraceComponent[com.ibm.ws.threading.internal.ExecutorServiceImpl,class com.ibm.ws.threading.internal.ExecutorServiceImpl,[Threading],com.ibm.ws.threading.internal.resources.ThreadingMessages,null]"
  locationServiceRef = class java.util.concurrent.atomic.AtomicReference@22c5d93d
    serialVersionUID = -1848883965231344442
    unsafe = class sun.misc.Unsafe@108a284b
    valueOffset = 12
    value = class com.ibm.ws.kernel.service.location.internal.WsLocationAdminImpl@722572b4
  transferContextServiceRef = class com.ibm.wsspi.kernel.service.utils.ConcurrentServiceReferenceSet@420e5c2a
    referenceName = "transferService"
    contextRef = class java.util.concurrent.atomic.AtomicReference@65b5b7e9
      serialVersionUID = -1848883965231344442
      unsafe = class sun.misc.Unsafe@108a284b
      valueOffset = 12
      value = class org.apache.felix.scr.impl.manager.ComponentContextImpl@1b79ecc8
    elementMap = class java.util.LinkedHashMap@4b8778aa
      serialVersionUID = 3801124242820219131
      head = class java.util.LinkedHashMap$Entry@1ce20ffb
      tail = class java.util.LinkedHashMap$Entry@1ce20ffb
      accessOrder = false
      serialVersionUID = 362498820763181265
      DEFAULT_INITIAL_CAPACITY = 16
      MAXIMUM_CAPACITY = 1073741824
      DEFAULT_LOAD_FACTOR = 0.75
      TREEIFY_THRESHOLD = 8
      UNTREEIFY_THRESHOLD = 6
      MIN_TREEIFY_CAPACITY = 64
      table = class java.util.HashMap$Node[16]
      entrySet = null
      size = 1
      modCount = 1
      threshold = 12
      loadFactor = 0.75
      keySet = null
      values = null
    elementSet = class java.util.concurrent.ConcurrentSkipListSet@224a9f1e
      serialVersionUID = -2479143111061671589
      m = class java.util.concurrent.ConcurrentSkipListMap@7f19dad1
      UNSAFE = class sun.misc.Unsafe@108a284b
      mapOffset = 12
      MAX_ARRAY_SIZE = 2147483639
    elementSetUnsorted = false
    serialVersionUID = 756240983881166148
    $$$tc$$$ = class com.ibm.websphere.ras.TraceComponent@daea217
      strings[0] = "TraceComponent[com.ibm.wsspi.kernel.service.utils.ConcurrentServiceReferenceSet,class com.ibm.wsspi.kernel.service.utils.ConcurrentServiceReferenceSet,[kernelUtils],com.ibm.ws.kernel.service.utils.resources.ServiceMessages,null]"
  encodingServiceRef = class java.util.concurrent.atomic.AtomicReference@ef3324f
    serialVersionUID = -1848883965231344442
    unsafe = class sun.misc.Unsafe@108a284b
    valueOffset = 12
    value = class com.ibm.ws.http.internal.EncodingUtilsImpl@4a48e8c3
      tc = class com.ibm.websphere.ras.TraceComponent@13eda6f6
      DEFAULT_ENCODING = "ISO-8859-1"
      TEST_CHAR = {97} /* array length = 1 */
      localeMap = class java.util.HashMap@230747c6
      converterMap = class java.util.HashMap@304b370
      supportedEncodingsCache = class java.util.HashMap@41aef455
      localesCache = class java.util.HashMap@24c576ce
      cachedLocale = null
      cachedEncoding = null
      serialVersionUID = -1198395850126550961
  instance = class java.util.concurrent.atomic.AtomicReference@2cd60992
    serialVersionUID = -1848883965231344442
    unsafe = class sun.misc.Unsafe@108a284b
    valueOffset = 12
    value = class com.ibm.ws.webcontainer.osgi.WebContainer@4b3e034a
  vhostManager = class com.ibm.ws.webcontainer.osgi.DynamicVirtualHostManager@20d63104
    tc = class com.ibm.websphere.ras.TraceComponent@4e2e8870
      strings[0] = "TraceComponent[com.ibm.ws.webcontainer.osgi.DynamicVirtualHostManager,class com.ibm.ws.webcontainer.osgi.DynamicVirtualHostManager,[webcontainer],com.ibm.ws.webcontainer.resources.LShimMessages,null]"
    hostMap = class java.util.concurrent.ConcurrentHashMap@3ba43732
      serialVersionUID = 7249069246763182397
      MAXIMUM_CAPACITY = 1073741824
      DEFAULT_CAPACITY = 16
      MAX_ARRAY_SIZE = 2147483639
      DEFAULT_CONCURRENCY_LEVEL = 16
      LOAD_FACTOR = 0.75
      TREEIFY_THRESHOLD = 8
      UNTREEIFY_THRESHOLD = 6
      MIN_TREEIFY_CAPACITY = 64
      MIN_TRANSFER_STRIDE = 16
      RESIZE_STAMP_BITS = 16
      MAX_RESIZERS = 65535
      RESIZE_STAMP_SHIFT = 16
      MOVED = -1
      TREEBIN = -2
      RESERVED = -3
      HASH_BITS = 2147483647
      NCPU = 8
      serialPersistentFields = class java.io.ObjectStreamField[3]
      table = class java.util.concurrent.ConcurrentHashMap$Node[16]
      nextTable = null
      baseCount = 1
      sizeCtl = 12
      transferIndex = 0
      cellsBusy = 0
      counterCells = null
      keySet = null
      values = class java.util.concurrent.ConcurrentHashMap$ValuesView@10930302
      entrySet = null
      U = class sun.misc.Unsafe@108a284b
      SIZECTL = 20
      TRANSFERINDEX = 32
      BASECOUNT = 24
      CELLSBUSY = 36
      CELLVALUE = 144
      ABASE = 16
      ASHIFT = 2
      keySet = null
      values = null
    transportMap = class java.util.concurrent.ConcurrentHashMap@57fd0465
      serialVersionUID = 7249069246763182397
      MAXIMUM_CAPACITY = 1073741824
      DEFAULT_CAPACITY = 16
      MAX_ARRAY_SIZE = 2147483639
      DEFAULT_CONCURRENCY_LEVEL = 16
      LOAD_FACTOR = 0.75
      TREEIFY_THRESHOLD = 8
      UNTREEIFY_THRESHOLD = 6
      MIN_TREEIFY_CAPACITY = 64
      MIN_TRANSFER_STRIDE = 16
      RESIZE_STAMP_BITS = 16
      MAX_RESIZERS = 65535
      RESIZE_STAMP_SHIFT = 16
      MOVED = -1
      TREEBIN = -2
      RESERVED = -3
      HASH_BITS = 2147483647
      NCPU = 8
      serialPersistentFields = class java.io.ObjectStreamField[3]
      table = class java.util.concurrent.ConcurrentHashMap$Node[16]
      nextTable = null
      baseCount = 1
      sizeCtl = 12
      transferIndex = 0
      cellsBusy = 0
      counterCells = null
      keySet = null
      values = null
      entrySet = null
      U = class sun.misc.Unsafe@108a284b
      SIZECTL = 20
      TRANSFERINDEX = 32
      BASECOUNT = 24
      CELLSBUSY = 36
      CELLVALUE = 144
      ABASE = 16
      ASHIFT = 2
      keySet = null
      values = null
    locationService = class com.ibm.ws.kernel.service.location.internal.WsLocationAdminImpl@722572b4
      tc = class com.ibm.websphere.ras.TraceComponent@21645f28
      LOC_INTERNAL_LIB_DIR = "wlp.lib.dir"
      LOC_AREA_NAME_APPS = "shared/apps/"
      LOC_AREA_NAME_CONFIG = "shared/config/"
      LOC_AREA_NAME_RESC = "shared/resources/"
      LOC_AREA_NAME_STATE = "logs/state/"
      LOC_AREA_NAME_SERVERS = "servers/"
      LOC_AREA_NAME_CLIENTS = "clients/"
      LOC_AREA_NAME_WORKING = "workarea/"
      LOC_AREA_NAME_EXTENSION = "extension/"
      instance = class com.ibm.ws.staticvalue.StaticValue$FinalSingleton@52494bec
      installRoot = class com.ibm.ws.kernel.service.location.internal.SymbolicRootResource@2584afff
      installParentRoot = class com.ibm.ws.kernel.service.location.internal.SymbolicRootResource@726a44a7
      userRoot = class com.ibm.ws.kernel.service.location.internal.SymbolicRootResource@395d7c9
      usrExtensionRoot = class com.ibm.ws.kernel.service.location.internal.SymbolicRootResource@1b1bfa7c
      serverConfigDir = class com.ibm.ws.kernel.service.location.internal.SymbolicRootResource@1b6055b7
      serverOutputDir = class com.ibm.ws.kernel.service.location.internal.SymbolicRootResource@1b6055b7
      bootstrapLib = class com.ibm.ws.kernel.service.location.internal.LocalFileResource@3b8f7500
      serverWorkarea = class com.ibm.ws.kernel.service.location.internal.LocalFileResource@1689c627
      serverState = class com.ibm.ws.kernel.service.location.internal.LocalFileResource@52851690
      sharedAppsRoot = class com.ibm.ws.kernel.service.location.internal.SymbolicRootResource@4bd12c9a
      sharedConfigRoot = class com.ibm.ws.kernel.service.location.internal.SymbolicRootResource@bb67795
      sharedResourceRoot = class com.ibm.ws.kernel.service.location.internal.SymbolicRootResource@5356303a
      tmpRoot = class com.ibm.ws.kernel.service.location.internal.SymbolicRootResource@299d9d56
      serverName = "localhost"
      resourcePaths = class java.util.ArrayList@6beac103
      resourceGroups = class java.util.HashMap@53581934
      commonRoot = class com.ibm.ws.kernel.service.location.internal.VirtualRootResource@316d3485
      serialVersionUID = 7766352982799267432
    schedExecutor = class com.ibm.ws.threading.internal.ScheduledExecutorImpl@1e128037
    pluginCfgVhostUris = class java.util.HashMap@62f288db
      serialVersionUID = 362498820763181265
      DEFAULT_INITIAL_CAPACITY = 16
      MAXIMUM_CAPACITY = 1073741824
      DEFAULT_LOAD_FACTOR = 0.75
      TREEIFY_THRESHOLD = 8
      UNTREEIFY_THRESHOLD = 6
      MIN_TREEIFY_CAPACITY = 64
      table = null
      entrySet = null
      size = 0
      modCount = 0
      threshold = 4
      loadFactor = 0.75
      keySet = null
      values = null
    PLUGIN_CFG = "plugin-cfg.xml"
  metaDataService = class com.ibm.ws.container.service.metadata.internal.MetaDataServiceImpl@1089d638
    applicationMetaDataManager = class com.ibm.ws.container.service.metadata.internal.ApplicationMetaDataManager@c07a446
      serialVersionUID = 1843747281024490904
      $$$tc$$$ = class com.ibm.websphere.ras.TraceComponent@47b301ff
      listeners = class com.ibm.wsspi.kernel.service.utils.ConcurrentServiceReferenceSet@b2144fa
      metaDataIDs = class com.ibm.ws.container.service.metadata.internal.IndexList@1829f911
      metaDatas = class java.util.ArrayList@d600b06
      slotIDs = class com.ibm.ws.container.service.metadata.internal.IndexList@2a704038
      serialVersionUID = 5464421863354792977
      $$$tc$$$ = class com.ibm.websphere.ras.TraceComponent@fb29559
    moduleMetaDataManager = class com.ibm.ws.container.service.metadata.internal.ModuleMetaDataManager@51ee79cd
      serialVersionUID = 2513574389899327209
      $$$tc$$$ = class com.ibm.websphere.ras.TraceComponent@79aabdc8
      listeners = class com.ibm.wsspi.kernel.service.utils.ConcurrentServiceReferenceSet@202359d3
      metaDataIDs = class com.ibm.ws.container.service.metadata.internal.IndexList@56082645
      metaDatas = class java.util.ArrayList@303cc152
      slotIDs = class com.ibm.ws.container.service.metadata.internal.IndexList@3d8d3363
      serialVersionUID = 5464421863354792977
      $$$tc$$$ = class com.ibm.websphere.ras.TraceComponent@fb29559
    componentMetaDataManager = class com.ibm.ws.container.service.metadata.internal.ComponentMetaDataManager@53f06a46
      serialVersionUID = 8629793739641703882
      $$$tc$$$ = class com.ibm.websphere.ras.TraceComponent@421099eb
      listeners = class com.ibm.wsspi.kernel.service.utils.ConcurrentServiceReferenceSet@7e141a0c
      metaDataIDs = class com.ibm.ws.container.service.metadata.internal.IndexList@44b1b8c7
      metaDatas = class java.util.ArrayList@623bd2c7
      slotIDs = class com.ibm.ws.container.service.metadata.internal.IndexList@52573db4
      serialVersionUID = 5464421863354792977
      $$$tc$$$ = class com.ibm.websphere.ras.TraceComponent@fb29559
    methodMetaDataManager = class com.ibm.ws.container.service.metadata.internal.MethodMetaDataManager@32e10e59
      serialVersionUID = -3308748211841563417
      $$$tc$$$ = class com.ibm.websphere.ras.TraceComponent@2ac740ed
      listeners = class com.ibm.wsspi.kernel.service.utils.ConcurrentServiceReferenceSet@79e220d5
      metaDataIDs = class com.ibm.ws.container.service.metadata.internal.IndexList@12b318c0
      metaDatas = class java.util.ArrayList@7252d2d7
      slotIDs = class com.ibm.ws.container.service.metadata.internal.IndexList@2c051a84
      serialVersionUID = 5464421863354792977
      $$$tc$$$ = class com.ibm.websphere.ras.TraceComponent@fb29559
    appModuleNameToModuleContainer = class java.util.concurrent.ConcurrentHashMap@3f5a9d7
      serialVersionUID = 7249069246763182397
      MAXIMUM_CAPACITY = 1073741824
      DEFAULT_CAPACITY = 16
      MAX_ARRAY_SIZE = 2147483639
      DEFAULT_CONCURRENCY_LEVEL = 16
      LOAD_FACTOR = 0.75
      TREEIFY_THRESHOLD = 8
      UNTREEIFY_THRESHOLD = 6
      MIN_TREEIFY_CAPACITY = 64
      MIN_TRANSFER_STRIDE = 16
      RESIZE_STAMP_BITS = 16
      MAX_RESIZERS = 65535
      RESIZE_STAMP_SHIFT = 16
      MOVED = -1
      TREEBIN = -2
      RESERVED = -3
      HASH_BITS = 2147483647
      NCPU = 8
      serialPersistentFields = class java.io.ObjectStreamField[3]
      table = class java.util.concurrent.ConcurrentHashMap$Node[16]
      nextTable = null
      baseCount = 7
      sizeCtl = 12
      transferIndex = 0
      cellsBusy = 0
      counterCells = null
      keySet = null
      values = null
      entrySet = null
      U = class sun.misc.Unsafe@108a284b
      SIZECTL = 20
      TRANSFERINDEX = 32
      BASECOUNT = 24
      CELLSBUSY = 36
      CELLVALUE = 144
      ABASE = 16
      ASHIFT = 2
      keySet = null
      values = null
    jeeNameToComponentMetaData = class java.util.concurrent.ConcurrentHashMap@21778875
      serialVersionUID = 7249069246763182397
      MAXIMUM_CAPACITY = 1073741824
      DEFAULT_CAPACITY = 16
      MAX_ARRAY_SIZE = 2147483639
      DEFAULT_CONCURRENCY_LEVEL = 16
      LOAD_FACTOR = 0.75
      TREEIFY_THRESHOLD = 8
      UNTREEIFY_THRESHOLD = 6
      MIN_TREEIFY_CAPACITY = 64
      MIN_TRANSFER_STRIDE = 16
      RESIZE_STAMP_BITS = 16
      MAX_RESIZERS = 65535
      RESIZE_STAMP_SHIFT = 16
      MOVED = -1
      TREEBIN = -2
      RESERVED = -3
      HASH_BITS = 2147483647
      NCPU = 8
      serialPersistentFields = class java.io.ObjectStreamField[3]
      table = class java.util.concurrent.ConcurrentHashMap$Node[16]
      nextTable = null
      baseCount = 9
      sizeCtl = 12
      transferIndex = 0
      cellsBusy = 0
      counterCells = null
      keySet = null
      values = null
      entrySet = null
      U = class sun.misc.Unsafe@108a284b
      SIZECTL = 20
      TRANSFERINDEX = 32
      BASECOUNT = 24
      CELLSBUSY = 36
      CELLVALUE = 144
      ABASE = 16
      ASHIFT = 2
      keySet = null
      values = null
    deferredMetaDataFactories = class com.ibm.wsspi.kernel.service.utils.ConcurrentServiceReferenceSet@71857447
      referenceName = "deferredMetaDataFactory"
      contextRef = class java.util.concurrent.atomic.AtomicReference@2e834f97
      elementMap = class java.util.LinkedHashMap@219f62a5
      elementSet = class java.util.concurrent.ConcurrentSkipListSet@5fa7b690
      elementSetUnsorted = false
      serialVersionUID = 756240983881166148
      $$$tc$$$ = class com.ibm.websphere.ras.TraceComponent@daea217
    deferredMetaDataInitializers = class com.ibm.wsspi.kernel.service.utils.ConcurrentServiceReferenceMap@4bac2fe8
      referenceName = "deferredMetaDataFactory"
      context = class org.apache.felix.scr.impl.manager.ComponentContextImpl@7c414216
      elementMap = class java.util.concurrent.ConcurrentHashMap@71744ea3
      serialVersionUID = 6980924785166233786
      $$$tc$$$ = class com.ibm.websphere.ras.TraceComponent@21db4126
    serialVersionUID = -2494605732980966097
    $$$tc$$$ = class com.ibm.websphere.ras.TraceComponent@e9555f1
      strings[0] = "TraceComponent[com.ibm.ws.container.service.metadata.internal.MetaDataServiceImpl,class com.ibm.ws.container.service.metadata.internal.MetaDataServiceImpl,[Runtime],,null]"
  j2eeNameFactory = class com.ibm.ws.container.service.metadata.internal.J2EENameFactoryImpl@77fef2c
    serialVersionUID = 3486344295038028821
    $$$tc$$$ = class com.ibm.websphere.ras.TraceComponent@2b01ea05
      strings[0] = "TraceComponent[com.ibm.ws.container.service.metadata.internal.J2EENameFactoryImpl,class com.ibm.ws.container.service.metadata.internal.J2EENameFactoryImpl,[Runtime],,null]"
  context = class org.apache.felix.scr.impl.manager.ComponentContextImpl@1b79ecc8
    m_componentManager = class org.apache.felix.scr.impl.manager.SingleComponentManager@789094a9
      m_useCount = class java.util.concurrent.atomic.AtomicInteger@5d92a1a7
      m_componentContext = class org.apache.felix.scr.impl.manager.ComponentContextImpl@1b79ecc8
      m_configurationProperties = class java.util.HashMap@501500c6
      m_factoryProperties = null
      m_properties = class java.util.HashMap@8ae2bd3
      m_serviceProperties = null
      REASONS = class java.lang.String[7]
      m_container = class org.apache.felix.scr.impl.ComponentRegistry$DefaultConfigurableComponentHolder@6c2a0a9d
      m_factoryInstance = false
      m_componentId = 293
      m_componentMethods = class org.apache.felix.scr.impl.inject.ComponentMethodsImpl@15235478
      m_dependencyManagers = class java.util.ArrayList@786a3c4d
      m_dependencyManagersInitialized = true
      m_trackingCount = class java.util.concurrent.atomic.AtomicInteger@65699e80
      m_stateLock = class java.util.concurrent.locks.ReentrantLock@59ab0e52
      m_enabledLatchRef = class java.util.concurrent.atomic.AtomicReference@5624018b
      state = class java.util.concurrent.atomic.AtomicReference@7f05c756
      m_floor = 50
      m_ceiling = 50
      m_missingLock = class java.util.concurrent.locks.ReentrantLock@56b1cba8
      m_missingCondition = class java.util.concurrent.locks.AbstractQueuedSynchronizer$ConditionObject@57e986b2
      m_missing = class java.util.TreeSet@2137ed9d
      m_activationLock = class java.util.concurrent.locks.ReentrantReadWriteLock@7059a19a
      taskCounter = class java.util.concurrent.atomic.AtomicLong@286dc8b2
      registrationManager = class org.apache.felix.scr.impl.manager.AbstractComponentManager$3@332a171b
    edgeInfos = class org.apache.felix.scr.impl.manager.EdgeInfo[27]
      EdgeInfo[0] = class org.apache.felix.scr.impl.manager.EdgeInfo@3ee46d14
      EdgeInfo[1] = class org.apache.felix.scr.impl.manager.EdgeInfo@1bbcc79f
      EdgeInfo[2] = class org.apache.felix.scr.impl.manager.EdgeInfo@58637fd9
      EdgeInfo[3] = class org.apache.felix.scr.impl.manager.EdgeInfo@56bc91d
      EdgeInfo[4] = class org.apache.felix.scr.impl.manager.EdgeInfo@187a9869
      EdgeInfo[5] = class org.apache.felix.scr.impl.manager.EdgeInfo@650724c6
      EdgeInfo[6] = class org.apache.felix.scr.impl.manager.EdgeInfo@26d91208
      EdgeInfo[7] = class org.apache.felix.scr.impl.manager.EdgeInfo@7d2104ef
      EdgeInfo[8] = class org.apache.felix.scr.impl.manager.EdgeInfo@315462f2
      EdgeInfo[9] = class org.apache.felix.scr.impl.manager.EdgeInfo@6da9410a
      EdgeInfo[10] = class org.apache.felix.scr.impl.manager.EdgeInfo@38e57e5
      EdgeInfo[11] = class org.apache.felix.scr.impl.manager.EdgeInfo@76fd2d07
      EdgeInfo[12] = class org.apache.felix.scr.impl.manager.EdgeInfo@64ac92d8
      EdgeInfo[13] = class org.apache.felix.scr.impl.manager.EdgeInfo@432a2e56
      EdgeInfo[14] = class org.apache.felix.scr.impl.manager.EdgeInfo@326a68a9
      EdgeInfo[15] = class org.apache.felix.scr.impl.manager.EdgeInfo@2d60eef6
      EdgeInfo[16] = class org.apache.felix.scr.impl.manager.EdgeInfo@2d5a93d0
      EdgeInfo[17] = class org.apache.felix.scr.impl.manager.EdgeInfo@3f1040b3
      EdgeInfo[18] = class org.apache.felix.scr.impl.manager.EdgeInfo@5e5e58d8
      EdgeInfo[19] = class org.apache.felix.scr.impl.manager.EdgeInfo@74e30abb
      EdgeInfo[20] = class org.apache.felix.scr.impl.manager.EdgeInfo@d5ed3e4
      EdgeInfo[21] = class org.apache.felix.scr.impl.manager.EdgeInfo@30761f24
      EdgeInfo[22] = class org.apache.felix.scr.impl.manager.EdgeInfo@1cc2196a
      EdgeInfo[23] = class org.apache.felix.scr.impl.manager.EdgeInfo@70187e9b
      EdgeInfo[24] = class org.apache.felix.scr.impl.manager.EdgeInfo@b22428f
      EdgeInfo[25] = class org.apache.felix.scr.impl.manager.EdgeInfo@b2de3f0
      EdgeInfo[26] = class org.apache.felix.scr.impl.manager.EdgeInfo@728a2b6
    m_componentInstance = class org.apache.felix.scr.impl.manager.ComponentContextImpl$ComponentInstanceImpl@894486a
      m_componentContext = class org.apache.felix.scr.impl.manager.ComponentContextImpl@1b79ecc8
    m_usingBundle = class org.eclipse.osgi.internal.framework.EquinoxBundle@167607e3
      equinoxContainer = class org.eclipse.osgi.internal.framework.EquinoxContainer@293a2e6
      module = class org.eclipse.osgi.internal.framework.EquinoxBundle$EquinoxModule@d054b97
      monitor = class java.lang.Object@46227bf8
      context = class org.eclipse.osgi.internal.framework.BundleContextImpl@345248fe
      signerInfos = null
      $SWITCH_TABLE$org$eclipse$osgi$container$Module$State = {1,2,3,4,5,6,7} /* array length = 7 */
    m_serviceRegistration = class org.eclipse.osgi.internal.serviceregistry.ServiceRegistrationImpl@619003be
      registry = class org.eclipse.osgi.internal.serviceregistry.ServiceRegistry@856c545
      context = class org.eclipse.osgi.internal.framework.BundleContextImpl@345248fe
      bundle = class org.eclipse.osgi.internal.framework.EquinoxBundle@167607e3
      clazzes = class java.lang.String[2]
      service = class org.apache.felix.scr.impl.manager.SingleComponentManager@789094a9
      reference = class org.eclipse.osgi.internal.serviceregistry.ServiceReferenceImpl@5e6c53a
      contextsUsing = class java.util.ArrayList@42879cf6
      properties = class java.util.Collections$UnmodifiableMap@7c45050e
      serviceid = 765
      serviceranking = 0
      registrationLock = class java.lang.Object@44c93873
      state = 0
      REGISTERED = 0
      UNREGISTERING = 1
      UNREGISTERED = 2
      FRAMEWORK_SET_SERVICE_PROPERTIES_COUNT = 4
      $assertionsDisabled = true
    m_implementationObject = class com.ibm.ws.webcontainer.osgi.WebContainer@4b3e034a
    m_implementationAccessible = true
    accessibleLatch = class java.util.concurrent.CountDownLatch@2166c667
      sync = class java.util.concurrent.CountDownLatch$Sync@465c4596
    serviceObjectsHelper = class org.apache.felix.scr.impl.helper.ComponentServiceObjectsHelper@5daf3b3e
      bundleContext = class org.eclipse.osgi.internal.framework.BundleContextImpl@345248fe
      services = class java.util.concurrent.ConcurrentHashMap@2de6c46a
      closedServices = class java.util.ArrayList@221ab41e
      prototypeInstances = class java.util.concurrent.ConcurrentHashMap@360c36ae
    boundValues = null
  contextRoots = class java.util.Collections$SynchronizedSet@ab6b0b2
    serialVersionUID = 487447009682186044
    serialVersionUID = 3053995032091335093
    c = class java.util.HashSet@7f9e1dc5
      serialVersionUID = -5024744406713321676
      map = class java.util.HashMap@597c1e2c
      PRESENT = class java.lang.Object@7b437afc
      MAX_ARRAY_SIZE = 2147483639
    mutex = class java.util.Collections$SynchronizedSet@ab6b0b2
  pendingContextRoots = class java.util.HashMap@54509fca
    serialVersionUID = 362498820763181265
    DEFAULT_INITIAL_CAPACITY = 16
    MAXIMUM_CAPACITY = 1073741824
    DEFAULT_LOAD_FACTOR = 0.75
    TREEIFY_THRESHOLD = 8
    UNTREEIFY_THRESHOLD = 6
    MIN_TREEIFY_CAPACITY = 64
    table = null
    entrySet = null
    size = 0
    modCount = 0
    threshold = 0
    loadFactor = 0.75
    keySet = null
    values = null
  deployedModuleMap = class java.util.concurrent.ConcurrentHashMap@2cae0ce3
    serialVersionUID = 7249069246763182397
    MAXIMUM_CAPACITY = 1073741824
    DEFAULT_CAPACITY = 16
    MAX_ARRAY_SIZE = 2147483639
    DEFAULT_CONCURRENCY_LEVEL = 16
    LOAD_FACTOR = 0.75
    TREEIFY_THRESHOLD = 8
    UNTREEIFY_THRESHOLD = 6
    MIN_TREEIFY_CAPACITY = 64
    MIN_TRANSFER_STRIDE = 16
    RESIZE_STAMP_BITS = 16
    MAX_RESIZERS = 65535
    RESIZE_STAMP_SHIFT = 16
    MOVED = -1
    TREEBIN = -2
    RESERVED = -3
    HASH_BITS = 2147483647
    NCPU = 8
    serialPersistentFields = class java.io.ObjectStreamField[3]
    table = class java.util.concurrent.ConcurrentHashMap$Node[16]
      Node[0] = null
      Node[1] = null
      Node[2] = null
      Node[3] = null
      Node[4] = null
      Node[5] = class java.util.concurrent.ConcurrentHashMap$Node@7409d13b
      Node[6] = null
      Node[7] = null
      Node[8] = class java.util.concurrent.ConcurrentHashMap$Node@47bc84a0
      Node[9] = class java.util.concurrent.ConcurrentHashMap$Node@48cd08d
      Node[10] = null
      Node[11] = class java.util.concurrent.ConcurrentHashMap$Node@26fe9b5f
      Node[12] = null
      Node[13] = class java.util.concurrent.ConcurrentHashMap$Node@1cc416b2
      Node[14] = null
      Node[15] = null
    nextTable = null
    baseCount = 7
    sizeCtl = 12
    transferIndex = 0
    cellsBusy = 0
    counterCells = null
    keySet = null
    values = null
    entrySet = null
    U = class sun.misc.Unsafe@108a284b
    SIZECTL = 20
    TRANSFERINDEX = 32
    BASECOUNT = 24
    CELLSBUSY = 36
    CELLVALUE = 144
    ABASE = 16
    ASHIFT = 2
    keySet = null
    values = null
  connContextPool = class com.ibm.ws.webcontainer40.osgi.srt.factory.SRTConnectionContextPool40Impl@78e5ba12
    head = class java.lang.ThreadLocal@4aaca399
      threadLocalHashCode = 1768822552
      nextHashCode = class java.util.concurrent.atomic.AtomicInteger@30ea0512
      HASH_INCREMENT = 1640531527
    serialVersionUID = 1328956725011480048
    $$$tc$$$ = class com.ibm.websphere.ras.TraceComponent@57dcec1f
      strings[0] = "TraceComponent[com.ibm.ws.webcontainer40.osgi.srt.factory.SRTConnectionContextPool40Impl,class com.ibm.ws.webcontainer40.osgi.srt.factory.SRTConnectionContextPool40Impl,[],null,null]"
  DEFAULT_PORT = "*"
  DEFAULT_VHOST_NAME = "default_host"
  cachedServerInfo = "IBM WebSphere Liberty/18.0.0.2"
  lock = class com.ibm.ws.webcontainer.osgi.WebContainer$1@4769a69c
    this$0 = class com.ibm.ws.webcontainer.osgi.WebContainer@4b3e034a
  webAppFactory = class com.ibm.ws.webcontainer40.osgi.webapp.factory.WebAppFactory40Impl@1797df74
    serialVersionUID = 8172918271897210367
    $$$tc$$$ = class com.ibm.websphere.ras.TraceComponent@3d7feb7d
      strings[0] = "TraceComponent[com.ibm.ws.webcontainer40.osgi.webapp.factory.WebAppFactory40Impl,class com.ibm.ws.webcontainer40.osgi.webapp.factory.WebAppFactory40Impl,[],null,null]"
  requestFactory = class com.ibm.ws.webcontainer40.osgi.response.factory.IRequestResponseFactory40Impl@4b021071
    serialVersionUID = 3336627925143380461
    $$$tc$$$ = class com.ibm.websphere.ras.TraceComponent@2b14bfe7
      strings[0] = "TraceComponent[com.ibm.ws.webcontainer40.osgi.response.factory.IRequestResponseFactory40Impl,class com.ibm.ws.webcontainer40.osgi.response.factory.IRequestResponseFactory40Impl,[],null,null]"
  responseFactory = class com.ibm.ws.webcontainer40.osgi.response.factory.IRequestResponseFactory40Impl@4b021071
  asyncContextFactory = class com.ibm.ws.webcontainer40.async.factory.AsyncContextFactory40Impl@1e621629
    serialVersionUID = 2251738312435757516
    $$$tc$$$ = class com.ibm.websphere.ras.TraceComponent@625d9003
      strings[0] = "TraceComponent[com.ibm.ws.webcontainer40.async.factory.AsyncContextFactory40Impl,class com.ibm.ws.webcontainer40.async.factory.AsyncContextFactory40Impl,[],null,null]"
  DEFAULT_MAX_VERSION = 30
  versionRef = class org.eclipse.osgi.internal.serviceregistry.ServiceReferenceImpl@14b51e3f
    registration = class org.eclipse.osgi.internal.serviceregistry.ServiceRegistrationImpl@60e06632
      registry = class org.eclipse.osgi.internal.serviceregistry.ServiceRegistry@856c545
      context = class org.eclipse.osgi.internal.framework.BundleContextImpl@7bece2e1
      bundle = class org.eclipse.osgi.internal.framework.EquinoxBundle@18cc3539
      clazzes = class java.lang.String[1]
      service = class org.apache.felix.scr.impl.manager.SingleComponentManager@3c5dc892
      reference = class org.eclipse.osgi.internal.serviceregistry.ServiceReferenceImpl@14b51e3f
      contextsUsing = class java.util.ArrayList@2dbb2fc9
      properties = class java.util.Collections$UnmodifiableMap@8a6f5da
      serviceid = 415
      serviceranking = 0
      registrationLock = class java.lang.Object@4a02c07b
      state = 0
      REGISTERED = 0
      UNREGISTERING = 1
      UNREGISTERED = 2
      FRAMEWORK_SET_SERVICE_PROPERTIES_COUNT = 4
      $assertionsDisabled = true
  serverStopping = class com.ibm.ws.staticvalue.StaticValue$FinalSingleton@3df00fa2
    singleton = class java.util.concurrent.atomic.AtomicBoolean@4714d357
      serialVersionUID = 4654671469794556979
      unsafe = class sun.misc.Unsafe@108a284b
      valueOffset = 12
      value = 0
    multiplex = false
  modulesStarting = 1
  uriMatcherFactory = class com.ibm.wsspi.webcontainer40.util.factory.URIMatcherFactory40Impl@66aa11f5
    serialVersionUID = 4507504838389585711
    $$$tc$$$ = class com.ibm.websphere.ras.TraceComponent@68e68b20
      strings[0] = "TraceComponent[com.ibm.wsspi.webcontainer40.util.factory.URIMatcherFactory40Impl,class com.ibm.wsspi.webcontainer40.util.factory.URIMatcherFactory40Impl,[],null,null]"
  SPEC_LEVEL_UNLOADED = -1
  SPEC_LEVEL_30 = 30
  SPEC_LEVEL_31 = 31
  SPEC_LEVEL_40 = 40
  DEFAULT_SPEC_LEVEL = 30
  loadedContainerSpecLevel = 40
  ISO = "ISO-8859-1"
  encoding = "UTF-8"
  decode = true
  wcconfig = class com.ibm.ws.webcontainer.osgi.WebContainerConfiguration@540f2f90
    properties = class org.apache.felix.scr.impl.helper.ReadOnlyDictionary@299e5f69
      m_delegate = class java.util.Hashtable@3ffe180e
      m_serviceReference = null
    CFG_KEY_ENFORCE_SEC = "enforce.security"
    logger = class com.ibm.ws.logging.internal.WsLogger@934c8dd
    CLASS_NAME = "com.ibm.ws.webcontainer.WebContainerConfiguration"
    _localeProps = null
    _jvmProps = null
    enableServletCaching = false
    defaultVirtualHostName = "default_host"
    ardEnabled = false
    ardIncludeTimeout = 0
    poolingDisabled = false
    maximumExpiredEntries = 0
    maximumResponseStoreSize = 0
    useAsyncRunnableWorkManager = false
    asyncRunnableWorkManagerName = null
    numAsyncTimerThreads = 2
    defaultAsyncServletTimeout = 30000
  applicationListeners = class java.util.ArrayList@693fa7ac
    serialVersionUID = 8683452581122892189
    DEFAULT_CAPACITY = 10
    EMPTY_ELEMENTDATA = class java.lang.Object[0]
    DEFAULTCAPACITY_EMPTY_ELEMENTDATA = class java.lang.Object[0]
    elementData = class java.lang.Object[0]
    size = 0
    MAX_ARRAY_SIZE = 2147483639
    modCount = 0
    MAX_ARRAY_SIZE = 2147483639
  servletListeners = class java.util.ArrayList@5fac36c7
    serialVersionUID = 8683452581122892189
    DEFAULT_CAPACITY = 10
    EMPTY_ELEMENTDATA = class java.lang.Object[0]
    DEFAULTCAPACITY_EMPTY_ELEMENTDATA = class java.lang.Object[0]
    elementData = class java.lang.Object[0]
    size = 0
    MAX_ARRAY_SIZE = 2147483639
    modCount = 0
    MAX_ARRAY_SIZE = 2147483639
  servletErrorListeners = class java.util.ArrayList@b8de05d
    serialVersionUID = 8683452581122892189
    DEFAULT_CAPACITY = 10
    EMPTY_ELEMENTDATA = class java.lang.Object[0]
    DEFAULTCAPACITY_EMPTY_ELEMENTDATA = class java.lang.Object[0]
    elementData = class java.lang.Object[0]
    size = 0
    MAX_ARRAY_SIZE = 2147483639
    modCount = 0
    MAX_ARRAY_SIZE = 2147483639
  servletInvocationListeners = class java.util.ArrayList@26533d13
    serialVersionUID = 8683452581122892189
    DEFAULT_CAPACITY = 10
    EMPTY_ELEMENTDATA = class java.lang.Object[0]
    DEFAULTCAPACITY_EMPTY_ELEMENTDATA = class java.lang.Object[0]
    elementData = class java.lang.Object[0]
    size = 0
    MAX_ARRAY_SIZE = 2147483639
    modCount = 0
    MAX_ARRAY_SIZE = 2147483639
  filterInvocationListeners = class java.util.ArrayList@32c5ecb2
    serialVersionUID = 8683452581122892189
    DEFAULT_CAPACITY = 10
    EMPTY_ELEMENTDATA = class java.lang.Object[0]
    DEFAULTCAPACITY_EMPTY_ELEMENTDATA = class java.lang.Object[0]
    elementData = class java.lang.Object[0]
    size = 0
    MAX_ARRAY_SIZE = 2147483639
    modCount = 0
    MAX_ARRAY_SIZE = 2147483639
  filterErrorListeners = class java.util.ArrayList@c61fe23
    serialVersionUID = 8683452581122892189
    DEFAULT_CAPACITY = 10
    EMPTY_ELEMENTDATA = class java.lang.Object[0]
    DEFAULTCAPACITY_EMPTY_ELEMENTDATA = class java.lang.Object[0]
    elementData = class java.lang.Object[0]
    size = 0
    MAX_ARRAY_SIZE = 2147483639
    modCount = 0
    MAX_ARRAY_SIZE = 2147483639
  filterListeners = class java.util.ArrayList@688a68fa
    serialVersionUID = 8683452581122892189
    DEFAULT_CAPACITY = 10
    EMPTY_ELEMENTDATA = class java.lang.Object[0]
    DEFAULTCAPACITY_EMPTY_ELEMENTDATA = class java.lang.Object[0]
    elementData = class java.lang.Object[0]
    size = 0
    MAX_ARRAY_SIZE = 2147483639
    modCount = 0
    MAX_ARRAY_SIZE = 2147483639
  servletRequestListeners = class java.util.ArrayList@570e6b5d
    serialVersionUID = 8683452581122892189
    DEFAULT_CAPACITY = 10
    EMPTY_ELEMENTDATA = class java.lang.Object[0]
    DEFAULTCAPACITY_EMPTY_ELEMENTDATA = class java.lang.Object[0]
    elementData = class java.lang.Object[0]
    size = 0
    MAX_ARRAY_SIZE = 2147483639
    modCount = 0
    MAX_ARRAY_SIZE = 2147483639
  servletRequestAttributeListeners = class java.util.ArrayList@4ab3ad72
    serialVersionUID = 8683452581122892189
    DEFAULT_CAPACITY = 10
    EMPTY_ELEMENTDATA = class java.lang.Object[0]
    DEFAULTCAPACITY_EMPTY_ELEMENTDATA = class java.lang.Object[0]
    elementData = class java.lang.Object[0]
    size = 0
    MAX_ARRAY_SIZE = 2147483639
    modCount = 0
    MAX_ARRAY_SIZE = 2147483639
  servletContextListeners = class java.util.ArrayList@49a0c2e1
    serialVersionUID = 8683452581122892189
    DEFAULT_CAPACITY = 10
    EMPTY_ELEMENTDATA = class java.lang.Object[0]
    DEFAULTCAPACITY_EMPTY_ELEMENTDATA = class java.lang.Object[0]
    elementData = class java.lang.Object[0]
    size = 0
    MAX_ARRAY_SIZE = 2147483639
    modCount = 0
    MAX_ARRAY_SIZE = 2147483639
  servletContextAttributeListeners = class java.util.ArrayList@72d6be97
    serialVersionUID = 8683452581122892189
    DEFAULT_CAPACITY = 10
    EMPTY_ELEMENTDATA = class java.lang.Object[0]
    DEFAULTCAPACITY_EMPTY_ELEMENTDATA = class java.lang.Object[0]
    elementData = class java.lang.Object[0]
    size = 0
    MAX_ARRAY_SIZE = 2147483639
    modCount = 0
    MAX_ARRAY_SIZE = 2147483639
  sessionListeners = class java.util.ArrayList@56267713
    serialVersionUID = 8683452581122892189
    DEFAULT_CAPACITY = 10
    EMPTY_ELEMENTDATA = class java.lang.Object[0]
    DEFAULTCAPACITY_EMPTY_ELEMENTDATA = class java.lang.Object[0]
    elementData = class java.lang.Object[0]
    size = 0
    MAX_ARRAY_SIZE = 2147483639
    modCount = 0
    MAX_ARRAY_SIZE = 2147483639
  sessionIdListeners = class java.util.ArrayList@1a99898
    serialVersionUID = 8683452581122892189
    DEFAULT_CAPACITY = 10
    EMPTY_ELEMENTDATA = class java.lang.Object[0]
    DEFAULTCAPACITY_EMPTY_ELEMENTDATA = class java.lang.Object[0]
    elementData = class java.lang.Object[0]
    size = 0
    MAX_ARRAY_SIZE = 2147483639
    modCount = 0
    MAX_ARRAY_SIZE = 2147483639
  sessionAttributeListeners = class java.util.ArrayList@4e51e586
    serialVersionUID = 8683452581122892189
    DEFAULT_CAPACITY = 10
    EMPTY_ELEMENTDATA = class java.lang.Object[0]
    DEFAULTCAPACITY_EMPTY_ELEMENTDATA = class java.lang.Object[0]
    elementData = class java.lang.Object[0]
    size = 0
    MAX_ARRAY_SIZE = 2147483639
    modCount = 0
    MAX_ARRAY_SIZE = 2147483639
  DEFAULT_HOST = "default_host"
  _initialized = true
  logger = class com.ibm.ws.logging.internal.WsLogger@934c8dd
    tc = class com.ibm.websphere.ras.TraceComponent@6216956d
      strings[0] = "TraceComponent[com.ibm.ws.logging.internal.WsLogger,class com.ibm.ws.logging.internal.WsLogger,[logging],com.ibm.ws.logging.internal.resources.LoggingMessages,null]"
    ivCachedResourceBundleName = "com.ibm.ws.webcontainer.resources.Messages"
    ivCachedResourceBundle = class com.ibm.ws.webcontainer.resources.Messages@1c47b882
      resources = class [Ljava.lang.Object;[332]
      lookup = class java.util.HashMap@2e7e97a8
      INITIAL_CACHE_SIZE = 32
      NONEXISTENT_BUNDLE = class java.util.ResourceBundle$1@4c0fa7c1
      cacheList = class java.util.concurrent.ConcurrentHashMap@264dbf57
      referenceQueue = class java.lang.ref.ReferenceQueue@202b8295
      parent = null
      locale = class java.util.Locale@c48aead
      name = "com.ibm.ws.webcontainer.resources.Messages"
      expired = false
      cacheKey = class java.util.ResourceBundle$CacheKey@7ab282ef
      keySet = null
      providers = null
      $assertionsDisabled = true
    ivComponent = null
    ivOrganization = null
    ivProduct = null
    ivMinimumLocalizationLevelIntValue = 625
    ivTC = class com.ibm.websphere.ras.TraceComponent@4b50ee57
      strings[0] = "TraceComponent[com.ibm.ws.webcontainer,class com.ibm.wsspi.webcontainer.logging.LoggerFactory$1,[com.ibm.ws.webcontainer],null,null]"
    loggerRegistrationComponent = class java.lang.ThreadLocal@39b1a0b3
      threadLocalHashCode = -1457684129
      nextHashCode = class java.util.concurrent.atomic.AtomicInteger@30ea0512
      HASH_INCREMENT = 1640531527
    emptyHandlers = class java.util.logging.Handler[0]
    offValue = 2147483647
    SYSTEM_LOGGER_RB_NAME = "sun.util.logging.resources.logging"
    SYSTEM_BUNDLE = class java.util.logging.Logger$LoggerBundle@7785f30d
      resourceBundleName = "sun.util.logging.resources.logging"
      userBundle = null
    NO_RESOURCE_BUNDLE = class java.util.logging.Logger$LoggerBundle@5627c6d7
      resourceBundleName = null
      userBundle = null
    manager = class com.ibm.ws.kernel.boot.logging.WsLogManager@62a75098
      CLASS_NAME = "com.ibm.ws.kernel.boot.logging.WsLogManager"
      CONFIGURE_BY_SERVER_PROPERTY_NAME = "java.util.logging.configureByServer"
      CONFIGURE_BY_LOGGING_PROPERTIES_FILE = "java.util.logging.configureByLoggingPropertiesFile"
      configureByServer = true
      configureByLoggingProperties = false
      wsLogger = class java.lang.reflect.Constructor@10077eb0
      resetEnabled = true
      svBinaryLoggingEnable = false
      manager = class com.ibm.ws.kernel.boot.logging.WsLogManager@62a75098
      props = class java.util.Properties@35184b53
      defaultLevel = class java.util.logging.Level@5fc260b4
      listenerMap = class java.util.HashMap@625fb269
      systemContext = class java.util.logging.LogManager$SystemLoggerContext@4986b26c
      userContext = class java.util.logging.LogManager$LoggerContext@5793ecda
      rootLogger = class java.util.logging.LogManager$RootLogger@2e4b5411
      readPrimordialConfiguration = true
      initializedGlobalHandlers = true
      deathImminent = false
      initializedCalled = true
      initializationDone = true
      contextsMap = null
      loggerRefQueue = class java.lang.ref.ReferenceQueue@20a667a8
      MAX_ITERATIONS = 400
      controlPermission = class java.util.logging.LoggingPermission@3ff5452f
      loggingMXBean = null
      LOGGING_MXBEAN_NAME = "java.util.logging:type=Logging"
      $assertionsDisabled = true
    name = "com.ibm.ws.webcontainer"
    handlers = class java.util.concurrent.CopyOnWriteArrayList@5a729dc4
      serialVersionUID = 8673264195747942595
      lock = class java.util.concurrent.locks.ReentrantLock@c4d8988
      array = class java.lang.Object[0]
      UNSAFE = class sun.misc.Unsafe@108a284b
      lockOffset = 12
    loggerBundle = class java.util.logging.Logger$LoggerBundle@2b7101c
      resourceBundleName = "com.ibm.ws.webcontainer.resources.Messages"
      userBundle = null
    useParentHandlers = true
    filter = null
    anonymous = false
    catalog = class com.ibm.ws.webcontainer.resources.Messages@1c47b882
    catalogName = "com.ibm.ws.webcontainer.resources.Messages"
    catalogLocale = class java.util.Locale@6a4e6fe3
      LOCALECACHE = class java.util.Locale$Cache@61eefa20
      ENGLISH = class java.util.Locale@78b49923
      FRENCH = class java.util.Locale@3ab5d87d
      GERMAN = class java.util.Locale@2e226434
      ITALIAN = class java.util.Locale@388ba42a
      JAPANESE = class java.util.Locale@64aa4f99
      KOREAN = class java.util.Locale@70c81541
      CHINESE = class java.util.Locale@4df6cca8
      SIMPLIFIED_CHINESE = class java.util.Locale@28b98bc8
      TRADITIONAL_CHINESE = class java.util.Locale@1ed9dfc1
      FRANCE = class java.util.Locale@2e0bb346
      GERMANY = class java.util.Locale@55e3a9a3
      ITALY = class java.util.Locale@31e08f1c
      JAPAN = class java.util.Locale@61976936
      KOREA = class java.util.Locale@127567c1
      CHINA = class java.util.Locale@28b98bc8
      PRC = class java.util.Locale@28b98bc8
      TAIWAN = class java.util.Locale@1ed9dfc1
      UK = class java.util.Locale@5a936a9d
      US = class java.util.Locale@6a4e6fe3
      CANADA = class java.util.Locale@6fbe86bc
      CANADA_FRENCH = class java.util.Locale@353a8ca4
      ROOT = class java.util.Locale@c48aead
      PRIVATE_USE_EXTENSION = x
      UNICODE_LOCALE_EXTENSION = u
      serialVersionUID = 9149081749638150636
      DISPLAY_LANGUAGE = 0
      DISPLAY_COUNTRY = 1
      DISPLAY_VARIANT = 2
      DISPLAY_SCRIPT = 3
      baseLocale = class sun.util.locale.BaseLocale@4dceea3b
      localeExtensions = null
      hashCodeValue = 96636889
      defaultLocale = class java.util.Locale@6a4e6fe3
      defaultDisplayLocale = null
      defaultFormatLocale = class java.util.Locale@6a4e6fe3
      languageTag = "en-US"
      serialPersistentFields = class java.io.ObjectStreamField[6]
      isoLanguages = null
      isoCountries = null
      $assertionsDisabled = true
    treeLock = class java.lang.Object@32b5d1a2
    parent = class java.util.logging.Logger@7ce7e68d
      emptyHandlers = class java.util.logging.Handler[0]
      offValue = 2147483647
      SYSTEM_LOGGER_RB_NAME = "sun.util.logging.resources.logging"
      SYSTEM_BUNDLE = class java.util.logging.Logger$LoggerBundle@7785f30d
      NO_RESOURCE_BUNDLE = class java.util.logging.Logger$LoggerBundle@5627c6d7
      manager = class com.ibm.ws.kernel.boot.logging.WsLogManager@62a75098
      name = ""
      handlers = class java.util.concurrent.CopyOnWriteArrayList@2bb55123
      loggerBundle = class java.util.logging.Logger$LoggerBundle@5627c6d7
      useParentHandlers = true
      filter = null
      anonymous = false
      catalog = null
      catalogName = null
      catalogLocale = null
      treeLock = class java.lang.Object@32b5d1a2
      parent = null
      kids = class java.util.ArrayList@4d5cf713
      levelObject = null
      levelValue = 800
      callersClassLoaderRef = null
      isSystemLogger = false
      GLOBAL_LOGGER_NAME = "global"
      global = class java.util.logging.Logger@76c750
      $assertionsDisabled = true
    kids = class java.util.ArrayList@46ea2efd
      serialVersionUID = 8683452581122892189
      DEFAULT_CAPACITY = 10
      EMPTY_ELEMENTDATA = class java.lang.Object[0]
      DEFAULTCAPACITY_EMPTY_ELEMENTDATA = class java.lang.Object[0]
      elementData = class java.lang.Object[9]
      size = 7
      MAX_ARRAY_SIZE = 2147483639
      modCount = 7
      MAX_ARRAY_SIZE = 2147483639
    levelObject = class java.util.logging.Level@5fc260b4
      defaultBundle = "sun.util.logging.resources.logging"
      name = "INFO"
      value = 800
      resourceBundleName = "sun.util.logging.resources.logging"
      localizedLevelName = "INFO"
      cachedLocale = class java.util.Locale@6a4e6fe3
      OFF = class java.util.logging.Level@3348898e
      SEVERE = class java.util.logging.Level@f15c1a4
      WARNING = class java.util.logging.Level@3fb30fb3
      INFO = class java.util.logging.Level@5fc260b4
      CONFIG = class java.util.logging.Level@4342ebf6
      FINE = class java.util.logging.Level@34b11ee9
      FINER = class java.util.logging.Level@1588f13a
      FINEST = class java.util.logging.Level@3261baaf
      ALL = class java.util.logging.Level@6628ea4e
      serialVersionUID = -8176160795706313070
    levelValue = 800
    callersClassLoaderRef = class java.lang.ref.WeakReference@43e6922f
      referent = class org.eclipse.osgi.internal.loader.EquinoxClassLoader@39da8124
      queue = class java.lang.ref.ReferenceQueue$Null@7c0daf47
      next = null
      discovered = null
      lock = class java.lang.ref.Reference$Lock@12c6efd3
      pending = null
    isSystemLogger = false
    GLOBAL_LOGGER_NAME = "global"
    global = class java.util.logging.Logger@76c750
      emptyHandlers = class java.util.logging.Handler[0]
      offValue = 2147483647
      SYSTEM_LOGGER_RB_NAME = "sun.util.logging.resources.logging"
      SYSTEM_BUNDLE = class java.util.logging.Logger$LoggerBundle@7785f30d
      NO_RESOURCE_BUNDLE = class java.util.logging.Logger$LoggerBundle@5627c6d7
      manager = class com.ibm.ws.kernel.boot.logging.WsLogManager@62a75098
      name = "global"
      handlers = class java.util.concurrent.CopyOnWriteArrayList@bbe79ed
      loggerBundle = class java.util.logging.Logger$LoggerBundle@5627c6d7
      useParentHandlers = true
      filter = null
      anonymous = false
      catalog = null
      catalogName = null
      catalogLocale = null
      treeLock = class java.lang.Object@32b5d1a2
      parent = class java.util.logging.LogManager$RootLogger@2e4b5411
      kids = null
      levelObject = null
      levelValue = 800
      callersClassLoaderRef = null
      isSystemLogger = true
      GLOBAL_LOGGER_NAME = "global"
      global = class java.util.logging.Logger@76c750
      $assertionsDisabled = true
    $assertionsDisabled = true
  CLASS_NAME = "com.ibm.ws.webcontainer.internal.WebContainer"
  nls = class com.ibm.ejs.ras.TraceNLS@6ccfb807
    resolver = class com.ibm.ws.logging.internal.TraceNLSResolver@1c018922
      tc = class com.ibm.websphere.ras.TraceComponent@16f65612
      DEBUG_TRACE_NLS_PROPERTY = "com.ibm.ejs.ras.debugTraceNLSResolver"
      debugTraceNLSResolver = false
      makeNoise = false
      nullKey = "null"
      svNullBundleName = "Resource Bundle name is null, key = {0}"
      svBundleNotLoaded = "Unable to load ResourceBundle {0}"
      svNullKeyMessage = "Null key passed while using ResourceBundle {0}"
      svMalformedMessage = "No message text associated with key {0} in bundle {1}"
    finder = class com.ibm.ws.logging.internal.StackFinder@33af93ad
      inCheck = false
      initialized = true
      rootGroup = class java.lang.ThreadGroup@598cdd3b
      packageAccessValid = false
      packageAccess = null
      packageAccessLock = class java.lang.Object@320db12
      packageDefinitionValid = false
      packageDefinition = null
      packageDefinitionLock = class java.lang.Object@6ff03ce5
    ivBundleName = "com.ibm.ws.webcontainer.resources.Messages"
    caller = class java.lang.Class@68f78057
      ANNOTATION = 8192
      ENUM = 16384
      SYNTHETIC = 4096
      cachedConstructor = null
      newInstanceCallerCache = null
      name = null
      allPermDomain = class java.security.ProtectionDomain@500f1456
      useCaches = true
      reflectionData = class java.lang.ref.SoftReference@232c02
      classRedefinedCount = 0
      genericInfo = null
      serialVersionUID = 3206093459760846163
      serialPersistentFields = class java.io.ObjectStreamField[0]
      reflectionFactory = class sun.reflect.ReflectionFactory@62f6cfc5
      initted = true
      enumConstants = null
      enumConstantDirectory = null
      annotationData = class java.lang.Class$AnnotationData@fe9b555
      annotationType = null
      classValueMap = null
  self = class java.util.concurrent.atomic.AtomicReference@21ef805e
    serialVersionUID = -1848883965231344442
    unsafe = class sun.misc.Unsafe@108a284b
      theUnsafe = class sun.misc.Unsafe@108a284b
      INVALID_FIELD_OFFSET = -1
      ARRAY_BOOLEAN_BASE_OFFSET = 16
      ARRAY_BYTE_BASE_OFFSET = 16
      ARRAY_SHORT_BASE_OFFSET = 16
      ARRAY_CHAR_BASE_OFFSET = 16
      ARRAY_INT_BASE_OFFSET = 16
      ARRAY_LONG_BASE_OFFSET = 16
      ARRAY_FLOAT_BASE_OFFSET = 16
      ARRAY_DOUBLE_BASE_OFFSET = 16
      ARRAY_OBJECT_BASE_OFFSET = 16
      ARRAY_BOOLEAN_INDEX_SCALE = 1
      ARRAY_BYTE_INDEX_SCALE = 1
      ARRAY_SHORT_INDEX_SCALE = 2
      ARRAY_CHAR_INDEX_SCALE = 2
      ARRAY_INT_INDEX_SCALE = 4
      ARRAY_LONG_INDEX_SCALE = 8
      ARRAY_FLOAT_INDEX_SCALE = 4
      ARRAY_DOUBLE_INDEX_SCALE = 8
      ARRAY_OBJECT_INDEX_SCALE = 4
      ADDRESS_SIZE = 8
    valueOffset = 12
    value = class com.ibm.ws.webcontainer.osgi.WebContainer@4b3e034a
  _cipherToBit = class java.util.HashMap@60532c30
    serialVersionUID = 362498820763181265
    DEFAULT_INITIAL_CAPACITY = 16
    MAXIMUM_CAPACITY = 1073741824
    DEFAULT_LOAD_FACTOR = 0.75
    TREEIFY_THRESHOLD = 8
    UNTREEIFY_THRESHOLD = 6
    MIN_TREEIFY_CAPACITY = 64
    table = null
    entrySet = null
    size = 0
    modCount = 0
    threshold = 0
    loadFactor = 0.75
    keySet = null
    values = null
  cacheKeyStringBuilder = class com.ibm.ws.util.WSThreadLocal@4f8e62c7
    tc = class com.ibm.ejs.ras.TraceComponent@3211d5a0
      strings[0] = "TraceComponent[com.ibm.ws.util.WSThreadLocal,class com.ibm.ws.util.WSThreadLocal,[Runtime],com.ibm.ws.runtime.runtime,null]"
    count = 7
    index = 3
    SUSPECTED_MISUSAGE_THRESHOLD = 200
    threadLocalHashCode = -498336260
    nextHashCode = class java.util.concurrent.atomic.AtomicInteger@30ea0512
      serialVersionUID = 6214790243416807050
      unsafe = class sun.misc.Unsafe@108a284b
      valueOffset = 12
      value = 711753988
      serialVersionUID = -8742448824652078965
    HASH_INCREMENT = 1640531527
  listenersInitialized = true
  webConProperties = class java.util.Properties@5e90e4b1
    serialVersionUID = 4112578634029874840
    defaults = null
    hexDigit = {0123456789ABCDEF} /* array length = 16 */
    table = class java.util.Hashtable$Entry[95]
      Entry[0] = class java.util.Hashtable$Entry@2dd8f255
      Entry[1] = class java.util.Hashtable$Entry@498ea67d
      Entry[2] = null
      Entry[3] = class java.util.Hashtable$Entry@bf180e8
      Entry[4] = null
      Entry[5] = class java.util.Hashtable$Entry@ce2d60
      Entry[6] = class java.util.Hashtable$Entry@6a6e3d76
      Entry[7] = null
      Entry[8] = class java.util.Hashtable$Entry@56efd308
      Entry[9] = class java.util.Hashtable$Entry@519efffd
      Entry[10] = class java.util.Hashtable$Entry@204a7d83
      Entry[11] = null
      Entry[12] = class java.util.Hashtable$Entry@3b547171
      Entry[13] = null
      Entry[14] = class java.util.Hashtable$Entry@138b8280
      Entry[15] = class java.util.Hashtable$Entry@354cf61b
      Entry[16] = null
      Entry[17] = null
      Entry[18] = null
      Entry[19] = class java.util.Hashtable$Entry@46992354
      Entry[20] = class java.util.Hashtable$Entry@5e5e1d0f
      Entry[21] = null
      Entry[22] = class java.util.Hashtable$Entry@118e1bc6
      Entry[23] = class java.util.Hashtable$Entry@43a0dbc2
      Entry[24] = null
      Entry[25] = null
      Entry[26] = class java.util.Hashtable$Entry@4c2cd361
      Entry[27] = null
      Entry[28] = class java.util.Hashtable$Entry@62b4098e
      Entry[29] = class java.util.Hashtable$Entry@3057e35
      Entry[30] = null
      Entry[31] = null
      Entry[32] = null
      Entry[33] = null
      Entry[34] = class java.util.Hashtable$Entry@463edb5c
      Entry[35] = null
      Entry[36] = class java.util.Hashtable$Entry@6ca3af21
      Entry[37] = null
      Entry[38] = null
      Entry[39] = null
      Entry[40] = null
      Entry[41] = null
      Entry[42] = null
      Entry[43] = class java.util.Hashtable$Entry@2e993342
      Entry[44] = class java.util.Hashtable$Entry@6c51472
      Entry[45] = class java.util.Hashtable$Entry@3611dbcd
      Entry[46] = null
      Entry[47] = class java.util.Hashtable$Entry@473ab089
      Entry[48] = null
      Entry[49] = class java.util.Hashtable$Entry@20de980f
      Entry[50] = class java.util.Hashtable$Entry@e166ee2
      Entry[51] = null
      Entry[52] = class java.util.Hashtable$Entry@36e1135e
      Entry[53] = class java.util.Hashtable$Entry@24cd53f3
      Entry[54] = class java.util.Hashtable$Entry@7087b985
      Entry[55] = null
      Entry[56] = null
      Entry[57] = null
      Entry[58] = null
      Entry[59] = null
      Entry[60] = null
      Entry[61] = null
      Entry[62] = null
      Entry[63] = null
      Entry[64] = class java.util.Hashtable$Entry@4d5bb809
      Entry[65] = class java.util.Hashtable$Entry@731e291f
      Entry[66] = null
      Entry[67] = null
      Entry[68] = null
      Entry[69] = null
      Entry[70] = class java.util.Hashtable$Entry@3d82be44
      Entry[71] = null
      Entry[72] = null
      Entry[73] = class java.util.Hashtable$Entry@700473e0
      Entry[74] = null
      Entry[75] = null
      Entry[76] = class java.util.Hashtable$Entry@600f1619
      Entry[77] = null
      Entry[78] = class java.util.Hashtable$Entry@62db8dd6
      Entry[79] = null
      Entry[80] = class java.util.Hashtable$Entry@4a036f57
      Entry[81] = null
      Entry[82] = null
      Entry[83] = null
      Entry[84] = null
      Entry[85] = class java.util.Hashtable$Entry@19cb9e84
      Entry[86] = null
      Entry[87] = null
      Entry[88] = class java.util.Hashtable$Entry@1ecec7a
      Entry[89] = null
      Entry[90] = null
      Entry[91] = null
      Entry[92] = class java.util.Hashtable$Entry@3fe764ac
      Entry[93] = class java.util.Hashtable$Entry@6e4fddd0
      Entry[94] = null
    count = 56
    threshold = 71
    loadFactor = 0.75
    modCount = 59
    serialVersionUID = 1421746759512286392
    MAX_ARRAY_SIZE = 2147483639
    keySet = null
    entrySet = null
    values = null
    KEYS = 0
    VALUES = 1
    ENTRIES = 2
  sessionRegistry = null
  isStopped = false
  readWriteLockForStopping = class java.util.concurrent.locks.ReentrantReadWriteLock@320724d
    serialVersionUID = -6992448646407690164
    readerLock = class java.util.concurrent.locks.ReentrantReadWriteLock$ReadLock@5b7799ee
      serialVersionUID = -5992448646407690164
      sync = class java.util.concurrent.locks.ReentrantReadWriteLock$NonfairSync@1a8d01dc
    writerLock = class java.util.concurrent.locks.ReentrantReadWriteLock$WriteLock@2c770f45
      serialVersionUID = -4992448646407690164
      sync = class java.util.concurrent.locks.ReentrantReadWriteLock$NonfairSync@1a8d01dc
    sync = class java.util.concurrent.locks.ReentrantReadWriteLock$NonfairSync@1a8d01dc
      serialVersionUID = -8159625535654395037
      serialVersionUID = 6317671515068378041
      SHARED_SHIFT = 16
      SHARED_UNIT = 65536
      MAX_COUNT = 65535
      EXCLUSIVE_MASK = 65535
      readHolds = class java.util.concurrent.locks.ReentrantReadWriteLock$Sync$ThreadLocalHoldCounter@6e498a9d
      cachedHoldCounter = null
      firstReader = null
      firstReaderHoldCount = 0
      serialVersionUID = 7373984972572414691
      head = null
      tail = null
      state = 0
      spinForTimeoutThreshold = 1000
      unsafe = class sun.misc.Unsafe@108a284b
      stateOffset = 16
      headOffset = 20
      tailOffset = 24
      waitStatusOffset = 12
      nextOffset = 20
      serialVersionUID = 3737899427754241961
      exclusiveOwnerThread = null
    UNSAFE = class sun.misc.Unsafe@108a284b
    TID_OFFSET = 40
  urlPrefix = ";jsessionid="
  extensionFactories = class java.util.ArrayList@7a6becb5
    serialVersionUID = 8683452581122892189
    DEFAULT_CAPACITY = 10
    EMPTY_ELEMENTDATA = class java.lang.Object[0]
    DEFAULTCAPACITY_EMPTY_ELEMENTDATA = class java.lang.Object[0]
    elementData = class java.lang.Object[10]
      Object[0] = class com.ibm.ws.jsp.webcontainerext.JSPExtensionFactory@5a52e634
      Object[1] = class com.ibm.ws.jaxrs20.server.component.JaxRsExtensionFactory@881dd65
      Object[2] = class com.ibm.ws.jaxws.webcontainer.JaxWsExtensionFactory@378aaa18
      Object[3] = class com.ibm.ws.jsf.beanvalidation.extprocessor.JSFBeanValidationExtensionFactory@16515c3d
      Object[4] = class com.ibm.ws.jsf.extprocessor.JSFExtensionFactory@5b7f7b85
      Object[5] = class com.ibm.ws.app.manager.wab.internal.WABExtensionFactory@5d13ef7a
      Object[6] = null
      Object[7] = null
      Object[8] = null
      Object[9] = null
    size = 6
    MAX_ARRAY_SIZE = 2147483639
    modCount = 12
    MAX_ARRAY_SIZE = 2147483639
  postInitExtensionFactories = null
  httpResponseListeners = class java.util.ArrayList@46cf2165
    serialVersionUID = 8683452581122892189
    DEFAULT_CAPACITY = 10
    EMPTY_ELEMENTDATA = class java.lang.Object[0]
    DEFAULTCAPACITY_EMPTY_ELEMENTDATA = class java.lang.Object[0]
    elementData = class java.lang.Object[0]
    size = 0
    MAX_ARRAY_SIZE = 2147483639
    modCount = 0
    MAX_ARRAY_SIZE = 2147483639
  servletContainerInitializers = class java.util.ServiceLoader@1fa3f061
    PREFIX = "META-INF/services/"
    service = class java.lang.Class@4685ae9e
      ANNOTATION = 8192
      ENUM = 16384
      SYNTHETIC = 4096
      cachedConstructor = null
      newInstanceCallerCache = null
      name = "javax.servlet.ServletContainerInitializer"
      allPermDomain = class java.security.ProtectionDomain@500f1456
      useCaches = true
      reflectionData = null
      classRedefinedCount = 0
      genericInfo = null
      serialVersionUID = 3206093459760846163
      serialPersistentFields = class java.io.ObjectStreamField[0]
      reflectionFactory = class sun.reflect.ReflectionFactory@62f6cfc5
      initted = true
      enumConstants = null
      enumConstantDirectory = null
      annotationData = null
      annotationType = null
      classValueMap = null
    loader = class org.eclipse.osgi.internal.loader.EquinoxClassLoader@39da8124
      EQUINOX_REGISTERED_AS_PARALLEL = true
      configuration = class org.eclipse.osgi.internal.framework.EquinoxConfiguration@332f0592
      debug = class org.eclipse.osgi.internal.debug.Debug@6cd98fc5
      delegate = class org.eclipse.osgi.internal.loader.BundleLoader@7cde4591
      generation = class org.eclipse.osgi.storage.BundleInfo$Generation@396a51ab
      manager = class org.eclipse.osgi.internal.loader.classpath.ClasspathManager@609e00f6
      isRegisteredAsParallel = true
      ALLPERMISSIONS = class java.security.AllPermissionCollection@4ccaf41
      REGISTERED_AS_PARALLEL = true
      classNameLocks = class java.util.HashMap@1cacf4a1
      pkgLock = class java.lang.Object@57646133
      parent = class com.ibm.ws.kernel.internal.classloader.BootstrapChildFirstJarClassloader@6e2c634b
      parallelLockMap = class java.util.concurrent.ConcurrentHashMap@59184483
      package2certs = class java.util.concurrent.ConcurrentHashMap@38cf5e46
      nocerts = class java.security.cert.Certificate[0]
      classes = class java.util.Vector@43bdac02
      defaultDomain = class java.security.ProtectionDomain@372430bf
      domains = class java.util.Collections$SynchronizedSet@2c834684
      packages = class java.util.HashMap@6efc103c
      scl = class sun.misc.Launcher$AppClassLoader@18b4aac2
      sclSet = true
      loadedLibraryNames = class java.util.Vector@408f7c5d
      systemNativeLibraries = class java.util.Vector@56b80d3b
      nativeLibraries = class java.util.Vector@6039d60e
      nativeLibraryContext = class java.util.Stack@6eca57c5
      usr_paths = class java.lang.String[22]
      sys_paths = class java.lang.String[1]
      assertionLock = class java.lang.Object@6d7c8a5b
      defaultAssertionStatus = false
      packageAssertionStatus = null
      classAssertionStatus = null
    acc = null
    providers = class java.util.LinkedHashMap@26813007
      serialVersionUID = 3801124242820219131
      head = null
      tail = null
      accessOrder = false
      serialVersionUID = 362498820763181265
      DEFAULT_INITIAL_CAPACITY = 16
      MAXIMUM_CAPACITY = 1073741824
      DEFAULT_LOAD_FACTOR = 0.75
      TREEIFY_THRESHOLD = 8
      UNTREEIFY_THRESHOLD = 6
      MIN_TREEIFY_CAPACITY = 64
      table = null
      entrySet = null
      size = 0
      modCount = 1
      threshold = 0
      loadFactor = 0.75
      keySet = null
      values = null
    lookupIterator = class java.util.ServiceLoader$LazyIterator@2b82dae4
      service = class java.lang.Class@4685ae9e
      loader = class org.eclipse.osgi.internal.loader.EquinoxClassLoader@39da8124
      configs = null
      pending = null
      nextName = null
      this$0 = class java.util.ServiceLoader@1fa3f061
  auditManager = class com.ibm.websphere.security.audit.context.AuditManager@1f114bc2
    threadLocal = class com.ibm.websphere.security.audit.context.AuditManager$AuditThreadLocal@396b783e
      serialVersionUID = 7915092222804478388
      $$$tc$$$ = class com.ibm.websphere.ras.TraceComponent@2257372c
      threadLocalHashCode = -1296418892
      nextHashCode = class java.util.concurrent.atomic.AtomicInteger@30ea0512
      HASH_INCREMENT = 1640531527
    serialVersionUID = 8297158904878279977
    $$$tc$$$ = class com.ibm.websphere.ras.TraceComponent@229a5ec5
      strings[0] = "TraceComponent[com.ibm.websphere.security.audit.context.AuditManager,class com.ibm.websphere.security.audit.context.AuditManager,[],null,null]"
  threadLocal = class java.lang.ThreadLocal@3a3a12d1
    threadLocalHashCode = 1142195267
    nextHashCode = class java.util.concurrent.atomic.AtomicInteger@30ea0512
    HASH_INCREMENT = 1640531527
  invocationCacheSize = 500
  decodePlusSign = true
  _cacheMap = class java.util.concurrent.ConcurrentHashMap@5c1c8fa
    serialVersionUID = 7249069246763182397
    MAXIMUM_CAPACITY = 1073741824
    DEFAULT_CAPACITY = 16
    MAX_ARRAY_SIZE = 2147483639
    DEFAULT_CONCURRENCY_LEVEL = 16
    LOAD_FACTOR = 0.75
    TREEIFY_THRESHOLD = 8
    UNTREEIFY_THRESHOLD = 6
    MIN_TREEIFY_CAPACITY = 64
    MIN_TRANSFER_STRIDE = 16
    RESIZE_STAMP_BITS = 16
    MAX_RESIZERS = 65535
    RESIZE_STAMP_SHIFT = 16
    MOVED = -1
    TREEBIN = -2
    RESERVED = -3
    HASH_BITS = 2147483647
    NCPU = 8
    serialPersistentFields = class java.io.ObjectStreamField[3]
      ObjectStreamField[0] = class java.io.ObjectStreamField@f920a3c
      ObjectStreamField[1] = class java.io.ObjectStreamField@5bc8052f
      ObjectStreamField[2] = class java.io.ObjectStreamField@76d7a519
    table = null
    nextTable = null
    baseCount = 0
    sizeCtl = 1024
    transferIndex = 0
    cellsBusy = 0
    counterCells = null
    keySet = null
    values = null
    entrySet = null
    U = class sun.misc.Unsafe@108a284b
    SIZECTL = 20
    TRANSFERINDEX = 32
    BASECOUNT = 24
    CELLSBUSY = 36
    CELLVALUE = 144
    ABASE = 16
    ASHIFT = 2
    keySet = null
    values = null
  _cacheSize = class java.util.concurrent.atomic.AtomicInteger@56100db
    serialVersionUID = 6214790243416807050
    unsafe = class sun.misc.Unsafe@108a284b
    valueOffset = 12
    value = 0
    serialVersionUID = -8742448824652078965
  vHostCompatFlag = false
  platformHelper = class com.ibm.ws.webcontainer.PlatformHelper@103b14ee
  isDefaultTempDir = true
  tempDir = null
  servletCachingInitNeeded = true
  appInstallBegun = true
  cacheServletWrapperFactory = class com.ibm.ws.webcontainer40.servlet.factory.CacheServletWrapperFactory40Impl@7afd20a2
    serialVersionUID = 6641793567262460833
    $$$tc$$$ = class com.ibm.websphere.ras.TraceComponent@2b2fc0f6
      strings[0] = "TraceComponent[com.ibm.ws.webcontainer40.servlet.factory.CacheServletWrapperFactory40Impl,class com.ibm.ws.webcontainer40.servlet.factory.CacheServletWrapperFactory40Impl,[],null,null]"
  commands = class java.util.ArrayList@7c9a1022
    serialVersionUID = 8683452581122892189
    DEFAULT_CAPACITY = 10
    EMPTY_ELEMENTDATA = class java.lang.Object[0]
    DEFAULTCAPACITY_EMPTY_ELEMENTDATA = class java.lang.Object[0]
    elementData = class java.lang.Object[3]
      Object[0] = null
      Object[1] = null
      Object[2] = null
    size = 0
    MAX_ARRAY_SIZE = 2147483639
    modCount = 0
    MAX_ARRAY_SIZE = 2147483639
  requestMapper = class com.ibm.ws.webcontainer.util.VirtualHostContextRootMapper@34cef73b
    cachedMappers = class java.util.Collections$SynchronizedMap@1aa7ded2
      serialVersionUID = 1978198479659022715
      m = class java.util.HashMap@6ddba9bc
      mutex = class java.util.Collections$SynchronizedMap@1aa7ded2
      keySet = null
      entrySet = null
      values = null
    nls = class com.ibm.ejs.ras.TraceNLS@68d6bfbb
      resolver = class com.ibm.ws.logging.internal.TraceNLSResolver@1c018922
      finder = class com.ibm.ws.logging.internal.StackFinder@33af93ad
      ivBundleName = "com.ibm.ws.webcontainer.resources.Messages"
      caller = class java.lang.Class@e3ee577
    logger = class com.ibm.ws.logging.internal.WsLogger@c1950a4
      tc = class com.ibm.websphere.ras.TraceComponent@6216956d
      ivCachedResourceBundleName = null
      ivCachedResourceBundle = null
      ivComponent = null
      ivOrganization = null
      ivProduct = null
      ivMinimumLocalizationLevelIntValue = 625
      ivTC = class com.ibm.websphere.ras.TraceComponent@24b607d0
      loggerRegistrationComponent = class java.lang.ThreadLocal@39b1a0b3
      emptyHandlers = class java.util.logging.Handler[0]
      offValue = 2147483647
      SYSTEM_LOGGER_RB_NAME = "sun.util.logging.resources.logging"
      SYSTEM_BUNDLE = class java.util.logging.Logger$LoggerBundle@7785f30d
      NO_RESOURCE_BUNDLE = class java.util.logging.Logger$LoggerBundle@5627c6d7
      manager = class com.ibm.ws.kernel.boot.logging.WsLogManager@62a75098
      name = "com.ibm.ws.webcontainer.util"
      handlers = class java.util.concurrent.CopyOnWriteArrayList@44097359
      loggerBundle = class java.util.logging.Logger$LoggerBundle@4ef60600
      useParentHandlers = true
      filter = null
      anonymous = false
      catalog = class com.ibm.ws.webcontainer.resources.Messages@1c47b882
      catalogName = "com.ibm.ws.webcontainer.resources.Messages"
      catalogLocale = class java.util.Locale@6a4e6fe3
      treeLock = class java.lang.Object@32b5d1a2
      parent = class com.ibm.ws.logging.internal.WsLogger@934c8dd
      kids = null
      levelObject = class java.util.logging.Level@5fc260b4
      levelValue = 800
      callersClassLoaderRef = class java.lang.ref.WeakReference@2a56a163
      isSystemLogger = false
      GLOBAL_LOGGER_NAME = "global"
      global = class java.util.logging.Logger@76c750
      $assertionsDisabled = true
    CLASS_NAME = "com.ibm.ws.webcontainer.util.VirtualHostContextRootMapper"
    CLASSNAME = "com.ibm.ws.util.VirtualHostMapper"
    tc = class com.ibm.ejs.ras.TraceComponent@4d6f1c80
      strings[0] = "TraceComponent[com.ibm.ws.util.VirtualHostMapper,class com.ibm.ws.util.VirtualHostMapper,[Runtime],null,null]"
    vHostTable = class java.util.concurrent.ConcurrentHashMap@c765ec3
      serialVersionUID = 7249069246763182397
      MAXIMUM_CAPACITY = 1073741824
      DEFAULT_CAPACITY = 16
      MAX_ARRAY_SIZE = 2147483639
      DEFAULT_CONCURRENCY_LEVEL = 16
      LOAD_FACTOR = 0.75
      TREEIFY_THRESHOLD = 8
      UNTREEIFY_THRESHOLD = 6
      MIN_TREEIFY_CAPACITY = 64
      MIN_TRANSFER_STRIDE = 16
      RESIZE_STAMP_BITS = 16
      MAX_RESIZERS = 65535
      RESIZE_STAMP_SHIFT = 16
      MOVED = -1
      TREEBIN = -2
      RESERVED = -3
      HASH_BITS = 2147483647
      NCPU = 8
      serialPersistentFields = class java.io.ObjectStreamField[3]
      table = null
      nextTable = null
      baseCount = 0
      sizeCtl = 0
      transferIndex = 0
      cellsBusy = 0
      counterCells = null
      keySet = null
      values = null
      entrySet = null
      U = class sun.misc.Unsafe@108a284b
      SIZECTL = 20
      TRANSFERINDEX = 32
      BASECOUNT = 24
      CELLSBUSY = 36
      CELLVALUE = 144
      ABASE = 16
      ASHIFT = 2
      keySet = null
      values = null
  parent = null
  name = "Was.webcontainer"
  isAlive = true
  subElements = class java.util.HashMap@53a91c92
    serialVersionUID = 362498820763181265
    DEFAULT_INITIAL_CAPACITY = 16
    MAXIMUM_CAPACITY = 1073741824
    DEFAULT_LOAD_FACTOR = 0.75
    TREEIFY_THRESHOLD = 8
    UNTREEIFY_THRESHOLD = 6
    MIN_TREEIFY_CAPACITY = 64
    table = class java.util.HashMap$Node[16]
      Node[0] = null
      Node[1] = null
      Node[2] = null
      Node[3] = null
      Node[4] = null
      Node[5] = null
      Node[6] = null
      Node[7] = null
      Node[8] = null
      Node[9] = null
      Node[10] = null
      Node[11] = null
      Node[12] = null
      Node[13] = null
      Node[14] = class java.util.HashMap$Node@3de52ce7
      Node[15] = null
    entrySet = null
    size = 1
    modCount = 1
    threshold = 12
    loadFactor = 0.75
    keySet = null
    values = null
  attributes = null
  config = null
  serialVersionUID = -8271459000149267764
  $$$tc$$$ = class com.ibm.websphere.ras.TraceComponent@7a8d0377
    strings[0] = "TraceComponent[com.ibm.ws.container.AbstractContainer,class com.ibm.ws.container.AbstractContainer,[],null,null]"

