------Start of DE processing------ = [7/2/18 10:53:45:412 CAT]
Exception = java.lang.NullPointerException
Source = com.ibm.ws.container.service.state.internal.ApplicationStateManager
probeid = 72
Stack Dump = java.lang.NullPointerException
	at com.ibm.ws.cdi.impl.CDIContainerImpl.getDeployment(CDIContainerImpl.java:642)
	at com.ibm.ws.cdi.impl.CDIContainerImpl.applicationStopped(CDIContainerImpl.java:182)
	at com.ibm.ws.cdi.liberty.CDIRuntimeImpl.applicationStopped(CDIRuntimeImpl.java:425)
	at com.ibm.ws.container.service.state.internal.ApplicationStateManager.fireStopped(ApplicationStateManager.java:71)
	at com.ibm.ws.container.service.state.internal.StateChangeServiceImpl.fireApplicationStopped(StateChangeServiceImpl.java:65)
	at com.ibm.ws.app.manager.module.internal.SimpleDeployedAppInfoBase.uninstallApp(SimpleDeployedAppInfoBase.java:501)
	at com.ibm.ws.app.manager.module.internal.DeployedAppInfoBase.deployModules(DeployedAppInfoBase.java:431)
	at com.ibm.ws.app.manager.module.internal.DeployedAppInfoBase.deployApp(DeployedAppInfoBase.java:415)
	at com.ibm.ws.app.manager.war.internal.WARApplicationHandlerImpl.install(WARApplicationHandlerImpl.java:65)
	at com.ibm.ws.app.manager.internal.statemachine.StartAction.execute(StartAction.java:140)
	at com.ibm.ws.app.manager.internal.statemachine.ApplicationStateMachineImpl.enterState(ApplicationStateMachineImpl.java:1258)
	at com.ibm.ws.app.manager.internal.statemachine.ApplicationStateMachineImpl.run(ApplicationStateMachineImpl.java:873)
	at java.util.concurrent.ThreadPoolExecutor.runWorker(ThreadPoolExecutor.java:1149)
	at java.util.concurrent.ThreadPoolExecutor$Worker.run(ThreadPoolExecutor.java:624)
	at java.lang.Thread.run(Thread.java:748)

Dump of callerThis
Object type = com.ibm.ws.container.service.state.internal.ApplicationStateManager
  serialVersionUID = -6685368059484454124
  $$$tc$$$ = class com.ibm.websphere.ras.TraceComponent@7753545
    strings[0] = "TraceComponent[com.ibm.ws.container.service.state.internal.ApplicationStateManager,class com.ibm.ws.container.service.state.internal.ApplicationStateManager,[Runtime],,null]"
  listeners = class com.ibm.wsspi.kernel.service.utils.ConcurrentServiceReferenceSet@13afdec4
    referenceName = "applicationStateListeners"
    contextRef = class java.util.concurrent.atomic.AtomicReference@1457177b
      serialVersionUID = -1848883965231344442
      unsafe = class sun.misc.Unsafe@108a284b
      valueOffset = 12
      value = class org.apache.felix.scr.impl.manager.ComponentContextImpl@6ac384f9
    elementMap = class java.util.LinkedHashMap@7efc47cf
      serialVersionUID = 3801124242820219131
      head = class java.util.LinkedHashMap$Entry@1955918a
      tail = class java.util.LinkedHashMap$Entry@62853577
      accessOrder = false
      serialVersionUID = 362498820763181265
      DEFAULT_INITIAL_CAPACITY = 16
      MAXIMUM_CAPACITY = 1073741824
      DEFAULT_LOAD_FACTOR = 0.75
      TREEIFY_THRESHOLD = 8
      UNTREEIFY_THRESHOLD = 6
      MIN_TREEIFY_CAPACITY = 64
      table = class java.util.HashMap$Node[16]
      entrySet = null
      size = 10
      modCount = 14
      threshold = 12
      loadFactor = 0.75
      keySet = null
      values = null
    elementSet = class java.util.concurrent.ConcurrentSkipListSet@5cbbc4cd
      serialVersionUID = -2479143111061671589
      m = class java.util.concurrent.ConcurrentSkipListMap@5f2f9757
      UNSAFE = class sun.misc.Unsafe@108a284b
      mapOffset = 12
      MAX_ARRAY_SIZE = 2147483639
    elementSetUnsorted = false
    serialVersionUID = 756240983881166148
    $$$tc$$$ = class com.ibm.websphere.ras.TraceComponent@daea217
      strings[0] = "TraceComponent[com.ibm.wsspi.kernel.service.utils.ConcurrentServiceReferenceSet,class com.ibm.wsspi.kernel.service.utils.ConcurrentServiceReferenceSet,[kernelUtils],com.ibm.ws.kernel.service.utils.resources.ServiceMessages,null]"
  serialVersionUID = 2284273176985484160
  $$$tc$$$ = class com.ibm.websphere.ras.TraceComponent@225322a0
    strings[0] = "TraceComponent[com.ibm.ws.container.service.state.internal.StateChangeManager,class com.ibm.ws.container.service.state.internal.StateChangeManager,[Runtime],,null]"

Dump of objectArray[0]
Object type = com.ibm.ws.container.service.app.deploy.internal.ApplicationInfoImpl
  appName = "legacy-integration-0.0.1-SNAPSHOT"
  appMetaData = class com.ibm.ws.container.service.app.deploy.internal.ApplicationMetaDataImpl@8e25ac3
    j2eeName = class com.ibm.ws.container.service.metadata.internal.J2EENameImpl@1703956
      serialVersionUID = 7488184044073147667
      application = "legacy_integration_war_exploded"
      module = null
      component = null
      string = "legacy_integration_war_exploded"
      j2eeNameBytes = null
      $$$tc$$$ = class com.ibm.websphere.ras.TraceComponent@79e4cebd
    serialVersionUID = -7906531148367236579
    $$$tc$$$ = class com.ibm.websphere.ras.TraceComponent@129cc317
      strings[0] = "TraceComponent[com.ibm.ws.container.service.app.deploy.internal.ApplicationMetaDataImpl,class com.ibm.ws.container.service.app.deploy.internal.ApplicationMetaDataImpl,[container.service],com.ibm.ws.container.service.resources.Messages,null]"
    tc = class com.ibm.websphere.ras.TraceComponent@72c6a558
      strings[0] = "TraceComponent[com.ibm.ws.runtime.metadata.MetaDataImpl,class com.ibm.ws.runtime.metadata.MetaDataImpl,[Runtime],null,null]"
    NUM_STATIC_SLOTS = 4
    ID_UNINITIALIZED = -1
    id = 1
    metaDataInterface = class java.lang.Class@3ac4ace
      ANNOTATION = 8192
      ENUM = 16384
      SYNTHETIC = 4096
      cachedConstructor = null
      newInstanceCallerCache = null
      name = null
      allPermDomain = class java.security.ProtectionDomain@500f1456
      useCaches = true
      reflectionData = null
      classRedefinedCount = 0
      genericInfo = null
      serialVersionUID = 3206093459760846163
      serialPersistentFields = class java.io.ObjectStreamField[0]
      reflectionFactory = class sun.reflect.ReflectionFactory@62f6cfc5
      initted = true
      enumConstants = null
      enumConstantDirectory = null
      annotationData = null
      annotationType = null
      classValueMap = null
    staticSlots = class java.lang.Object[4]
      Object[0] = class com.ibm.ws.injectionengine.osgi.internal.OSGiInjectionScopeData@45c196d9
      Object[1] = null
      Object[2] = null
      Object[3] = null
    dynamicSlots = class java.lang.Object[4]
      Object[0] = null
      Object[1] = null
      Object[2] = "legacy-integration-0.0.1-SNAPSHOT"
      Object[3] = null
  appContainer = class com.ibm.ws.adaptable.module.internal.AdaptableContainerImpl@638e0816
    root = class com.ibm.ws.adaptable.module.internal.AdaptableContainerImpl@638e0816
    rootOverlay = class com.ibm.ws.artifact.overlay.internal.DirectoryBasedOverlayContainerImpl@204a7b72
      base = class com.ibm.ws.artifact.file.internal.FileContainer@5029b276
      maskSet = class java.util.HashSet@15012a36
      cfHolder = class com.ibm.ws.artifact.overlay.internal.OverlayContainerFactoryImpl@1fd8cace
      fileOverlayContainer = class com.ibm.ws.artifact.file.internal.FileContainer@290f8e65
      overlayDirectory = class java.io.File@3e9e85f4
      cacheDirForOverlay = class java.io.File@23392a53
      overlayNotifier = class com.ibm.ws.artifact.overlay.internal.DirectoryBasedOverlayNotifier@44102fba
      enclosingContainer = null
      entryInEnclosingContainer = null
      nestedOverlays = class java.util.concurrent.ConcurrentHashMap@3f75f498
      cacheStore = class com.ibm.ws.artifact.overlay.internal.OverlayCache@6a5c39b5
      parentOverlay = null
      isPassThroughMode = true
      serialVersionUID = -1690795617118238166
      $$$tc$$$ = class com.ibm.websphere.ras.TraceComponent@7441fb7
    factoryHolder = class com.ibm.ws.adaptable.module.internal.AdaptableModuleFactoryImpl@66afb6bd
      adapterFactoryService = class com.ibm.ws.adaptable.module.internal.AdapterFactoryServiceImpl@7e3fbc64
      containerFactory = class com.ibm.ws.artifact.internal.ArtifactContainerFactoryService@3b3ebf59
      overlayContainerFactory = class com.ibm.ws.artifact.overlay.internal.OverlayContainerFactoryImpl@1fd8cace
      serialVersionUID = 4200251809856292987
      $$$tc$$$ = class com.ibm.websphere.ras.TraceComponent@536cd669
    delegate = class com.ibm.ws.artifact.overlay.internal.DirectoryBasedOverlayContainerImpl@204a7b72
    notifier = class com.ibm.ws.adaptable.module.internal.NotifierImpl@2e8d7eba
      root = class com.ibm.ws.adaptable.module.internal.AdaptableContainerImpl@638e0816
      delegateNotifier = class com.ibm.ws.artifact.overlay.internal.DirectoryBasedOverlayNotifier@44102fba
      delegateRoot = class com.ibm.ws.artifact.overlay.internal.DirectoryBasedOverlayContainerImpl@204a7b72
      listenerDelegates = class java.util.HashMap@3151ac67
      serialVersionUID = 6839382523957017880
      $$$tc$$$ = class com.ibm.websphere.ras.TraceComponent@878f972
    serialVersionUID = -5621513278641113667
    $$$tc$$$ = class com.ibm.websphere.ras.TraceComponent@426558ce
      strings[0] = "TraceComponent[com.ibm.ws.adaptable.module.internal.AdaptableContainerImpl,class com.ibm.ws.adaptable.module.internal.AdaptableContainerImpl,[archive.adaptable],,null]"
  configHelper = class com.ibm.ws.app.manager.module.ApplicationNestedConfigHelper@7462a6cc
    appInfo = class com.ibm.ws.app.manager.internal.ApplicationInstallInfo@625db54c
    serialVersionUID = -3174031738676705046
    $$$tc$$$ = class com.ibm.websphere.ras.TraceComponent@41c1308
      strings[0] = "TraceComponent[com.ibm.ws.app.manager.module.ApplicationNestedConfigHelper,class com.ibm.ws.app.manager.module.ApplicationNestedConfigHelper,[applications, app.manager],,null]"
  applicationInformation = class com.ibm.ws.app.manager.internal.ApplicationInstallInfo@625db54c
    _config = class com.ibm.ws.app.manager.internal.ApplicationConfig@43dccdcd
      tc = class com.ibm.websphere.ras.TraceComponent@2df6be41
      _configPid = "com.ibm.ws.app.manager_0"
      _config = class com.ibm.ws.config.admin.ConfigurationDictionary@ee7d4e2
      _applicationManager = class com.ibm.ws.app.manager.ApplicationManager@16ce718a
      _location = "C:/Users/tkalam/Documents/projects/legacy-integration/legacy-integration/target/legacy-integration-0.0.1-SNAPSHOT"
      _type = "war"
      _name = "legacy_integration_war_exploded"
      _notificationBroadcasterSupport = class javax.management.NotificationBroadcasterSupport@11563a34
      ONE_TIME_JANDEX_MSGS_DISPLAYED = true
    _handlerInfo = class java.util.concurrent.atomic.AtomicReference@22798ac8
      serialVersionUID = -1848883965231344442
      unsafe = class sun.misc.Unsafe@108a284b
      valueOffset = 12
      value = class com.ibm.ws.app.manager.war.internal.WARDeployedAppInfo@d3ec3be
    _container = class java.util.concurrent.atomic.AtomicReference@27701ad0
      serialVersionUID = -1848883965231344442
      unsafe = class sun.misc.Unsafe@108a284b
      valueOffset = 12
      value = class com.ibm.ws.adaptable.module.internal.AdaptableContainerImpl@638e0816
    _resolvedLocation = class java.util.concurrent.atomic.AtomicReference@4a925608
      serialVersionUID = -1848883965231344442
      unsafe = class sun.misc.Unsafe@108a284b
      valueOffset = 12
      value = class com.ibm.ws.kernel.service.location.internal.LocalFileResource@4a89764e
    _handler = class com.ibm.ws.app.manager.war.internal.WARApplicationHandlerImpl@6f055832
      futureMonitor = class com.ibm.ws.threading.internal.FutureMonitorImpl@33e944a2
      deployedAppFactory = class com.ibm.ws.app.manager.war.internal.WARDeployedAppInfoFactoryImpl@6b7b8d4b
      serialVersionUID = 4622845147410944782
      $$$tc$$$ = class com.ibm.websphere.ras.TraceComponent@7b06786a
    _ami = class java.util.concurrent.atomic.AtomicReference@144a0d0
      serialVersionUID = -1848883965231344442
      unsafe = class sun.misc.Unsafe@108a284b
      valueOffset = 12
      value = class com.ibm.wsspi.application.handler.DefaultApplicationMonitoringInformation@2da3c93a
    _updateHandler = class com.ibm.ws.app.manager.internal.statemachine.ApplicationStateMachineImpl@26458cb2
      _tc = class com.ibm.websphere.ras.TraceComponent@3c275056
      EMPTY_FUTURE_ARRAY = interface java.util.concurrent.Future[0]
      asmSequenceNumber = class java.util.concurrent.atomic.AtomicLong@524b2fe4
      _qscaCounter = class java.util.concurrent.atomic.AtomicInteger@7cc9f5
      _failedThrowable = null
      _interruptibleLock = class com.ibm.ws.app.manager.internal.statemachine.ApplicationStateMachineImpl$2@68fc03a2
      _interruptible = false
      _performingQueuedActions = true
      _queuedActions = class java.util.concurrent.ConcurrentLinkedQueue@66c86cf4
      _callbackState = class java.util.concurrent.atomic.AtomicReference@6df74bc6
      blockAppStartingFutures = class java.util.Collections$SetFromMap@ba204ec
      waitingForAppHandlerFuture = class java.util.concurrent.atomic.AtomicReference@3cbe729
      waitingForExplicitStartFuture = class java.util.concurrent.atomic.AtomicReference@26c18468
      completionListener = class java.util.concurrent.atomic.AtomicReference@713f420d
      _notifyAppStopped = class java.util.concurrent.ConcurrentLinkedQueue@6a21bda2
      _notifyAppStarting = class java.util.concurrent.ConcurrentLinkedQueue@368fed60
      _notifyAppInstallCalled = class java.util.concurrent.ConcurrentLinkedQueue@1cc7cd1d
      _notifyAppStarted = class java.util.concurrent.ConcurrentLinkedQueue@17e3dba2
      _notifyAppRemoved = class java.util.concurrent.ConcurrentLinkedQueue@7048a851
      _stateLock = class com.ibm.ws.app.manager.internal.statemachine.ApplicationStateMachineImpl$3@39e5bfd5
      _internalState = class java.util.concurrent.atomic.AtomicReference@1be822d1
      _currentAction = class java.util.concurrent.atomic.AtomicReference@125fd4c5
      _rfa = class java.util.concurrent.atomic.AtomicReference@27e0ecff
      _appInstallInfo = class java.util.concurrent.atomic.AtomicReference@336fe4c1
      _update = class java.util.concurrent.atomic.AtomicBoolean@69cba6d7
      _appConfig = class java.util.concurrent.atomic.AtomicReference@55ebed7
      _nextAppConfig = class java.util.concurrent.atomic.AtomicReference@25f93d97
      _appContainer = class java.util.concurrent.atomic.AtomicReference@697c8c05
      _resolvedLocation = class java.util.concurrent.atomic.AtomicReference@5d3562e3
      _handler = class java.util.concurrent.atomic.AtomicReference@2dedd794
      _asmSeqNo = 1
      _ctx = class org.eclipse.osgi.internal.framework.BundleContextImpl@30a00e72
      _locAdmin = class com.ibm.ws.kernel.service.location.internal.WsLocationAdminImpl@722572b4
      _futureMonitor = class com.ibm.ws.threading.internal.FutureMonitorImpl@33e944a2
      _artifactFactory = class com.ibm.ws.artifact.internal.ArtifactContainerFactoryService@3b3ebf59
      _moduleFactory = class com.ibm.ws.adaptable.module.internal.AdaptableModuleFactoryImpl@66afb6bd
      _executorService = class com.ibm.ws.threading.internal.ExecutorServiceImpl@546ecd3e
      _scheduledExecutorService = class com.ibm.ws.threading.internal.ScheduledExecutorImpl@1e128037
      _asmHelper = class com.ibm.ws.app.manager.internal.ApplicationConfigurator$NamedApplication@4194523b
      _appMonitor = class com.ibm.ws.app.manager.internal.monitor.ApplicationMonitor@4c05f2a8
      enterStateCalled = class java.util.concurrent.atomic.AtomicBoolean@3a51a3b1
      serialVersionUID = -1399093980790866556
      serialVersionUID = 5501066335104962649
      $$$tc$$$ = class com.ibm.websphere.ras.TraceComponent@700a042
    serialVersionUID = 2630639237123415755
    $$$tc$$$ = class com.ibm.websphere.ras.TraceComponent@1ec16adf
      strings[0] = "TraceComponent[com.ibm.ws.app.manager.internal.ApplicationInstallInfo,class com.ibm.ws.app.manager.internal.ApplicationInstallInfo,[applications, app.manager],com.ibm.ws.app.manager.internal.resources.AppManagerMessages,null]"
  serialVersionUID = -505303337196743781
  $$$tc$$$ = class com.ibm.websphere.ras.TraceComponent@3ec6ad5
    strings[0] = "TraceComponent[com.ibm.ws.container.service.app.deploy.internal.ApplicationInfoImpl,class com.ibm.ws.container.service.app.deploy.internal.ApplicationInfoImpl,[container.service],com.ibm.ws.container.service.resources.Messages,null]"

