------Start of DE processing------ = [7/2/18 16:21:31:079 CAT]
Exception = java.lang.NoClassDefFoundError
Source = com.ibm.wsspi.injectionengine.MethodMap.getAllDeclaredMethods
probeid = 106
Stack Dump = java.lang.NoClassDefFoundError: org/apache/tiles/el/ScopeELResolver
	at java.lang.Class.getDeclaredMethods0(Native Method)
	at java.lang.Class.privateGetDeclaredMethods(Class.java:2701)
	at java.lang.Class.getDeclaredMethods(Class.java:1975)
	at com.ibm.wsspi.injectionengine.MethodMap.getMethods(MethodMap.java:148)
	at com.ibm.wsspi.injectionengine.MethodMap.getAllDeclaredMethods(MethodMap.java:84)
	at com.ibm.ws.injectionengine.InjectionProcessorManager.getAllDeclaredMethods(InjectionProcessorManager.java:428)
	at com.ibm.ws.injectionengine.InjectionProcessorManager.processAnnotations(InjectionProcessorManager.java:230)
	at com.ibm.ws.injectionengine.AbstractInjectionEngine.processInjectionMetaData(AbstractInjectionEngine.java:513)
	at com.ibm.ws.injectionengine.osgi.internal.OSGiInjectionEngineImpl.processInjectionMetaData(OSGiInjectionEngineImpl.java:238)
	at com.ibm.ws.injectionengine.ReferenceContextImpl.processImpl(ReferenceContextImpl.java:594)
	at com.ibm.ws.injectionengine.ReferenceContextImpl.process(ReferenceContextImpl.java:289)
	at com.ibm.ws.injectionengine.osgi.internal.OSGiReferenceContextImpl.process(OSGiReferenceContextImpl.java:30)
	at com.ibm.ws.cdi.impl.weld.WebSphereCDIDeploymentImpl.initializeInjectionServices(WebSphereCDIDeploymentImpl.java:631)
	at com.ibm.ws.cdi.impl.CDIContainerImpl.startInitialization(CDIContainerImpl.java:133)
	at com.ibm.ws.cdi.liberty.CDIRuntimeImpl.applicationStarting(CDIRuntimeImpl.java:400)
	at com.ibm.ws.container.service.state.internal.ApplicationStateManager.fireStarting(ApplicationStateManager.java:28)
	at com.ibm.ws.container.service.state.internal.StateChangeServiceImpl.fireApplicationStarting(StateChangeServiceImpl.java:50)
	at com.ibm.ws.app.manager.module.internal.DeployedAppInfoBase.preDeployApp(DeployedAppInfoBase.java:383)
	at com.ibm.ws.app.manager.module.internal.DeployedAppInfoBase.deployApp(DeployedAppInfoBase.java:412)
	at com.ibm.ws.app.manager.war.internal.WARApplicationHandlerImpl.install(WARApplicationHandlerImpl.java:65)
	at com.ibm.ws.app.manager.internal.statemachine.StartAction.execute(StartAction.java:140)
	at com.ibm.ws.app.manager.internal.statemachine.ApplicationStateMachineImpl.enterState(ApplicationStateMachineImpl.java:1258)
	at com.ibm.ws.app.manager.internal.statemachine.ApplicationStateMachineImpl.run(ApplicationStateMachineImpl.java:873)
	at java.util.concurrent.ThreadPoolExecutor.runWorker(ThreadPoolExecutor.java:1149)
	at java.util.concurrent.ThreadPoolExecutor$Worker.run(ThreadPoolExecutor.java:624)
	at java.lang.Thread.run(Thread.java:748)
Caused by: java.lang.ClassNotFoundException: org.apache.tiles.el.ScopeELResolver
	at com.ibm.ws.classloading.internal.AppClassLoader.findClassCommonLibraryClassLoaders(AppClassLoader.java:504)
	at com.ibm.ws.classloading.internal.AppClassLoader.findClass(AppClassLoader.java:276)
	at java.lang.ClassLoader.loadClass(ClassLoader.java:424)
	at com.ibm.ws.classloading.internal.AppClassLoader.findOrDelegateLoadClass(AppClassLoader.java:482)
	at com.ibm.ws.classloading.internal.AppClassLoader.loadClass(AppClassLoader.java:443)
	at java.lang.ClassLoader.loadClass(ClassLoader.java:357)
	... 26 more

Dump of callerThis
null
==> Performing default dump from com.ibm.ws.injectionengine.ffdc.InjectionDiagnosticModule  = Mon Jul 02 16:21:31 CAT 2018
 = *** Start InjectionDiagnosticModule Dump ***
 = > InjectionDiagnosticModule: dump Object array : 3
 = 
 =    Non-Formattable :
 =       > java.lang.Class@7bea7748
 =            class org.springframework.web.servlet.view.tiles3.TilesConfigurer$CompositeELResolverImpl
 =       > java.lang.Class@7bea7748
 =            class org.springframework.web.servlet.view.tiles3.TilesConfigurer$CompositeELResolverImpl
 =       > java.util.LinkedHashSet@7eabe47d
 =            []
 = < InjectionDiagnosticModule: dump Object array complete
 = 
 = *** Start InjectionEngine Dump    ---> com.ibm.ws.injectionengine.osgi.internal.OSGiInjectionEngineImpl@7e78c3a0
 = 
 =    Default Factories : 
 =       Indirect    = com.ibm.ws.injectionengine.osgi.internal.IndirectJndiLookupReferenceFactoryImpl@46fdbdf4
 =       ResIndirect = com.ibm.ws.injectionengine.osgi.internal.IndirectJndiLookupReferenceFactoryImpl@f93533a
 =       ResRef      = com.ibm.ws.injectionengine.osgi.internal.ResRefReferenceFactoryImpl@7e458c56
 =       ResAuto     = com.ibm.ws.injectionengine.osgi.internal.ResAutoLinkReferenceFactoryImpl@469825fd
 =       EJBLink     = com.ibm.ws.injectionengine.osgi.internal.EJBLinkReferenceFactoryImpl@6d2132c7
 =       MBLink      = com.ibm.ws.injectionengine.factory.MBLinkReferenceFactoryImpl@78beb6da
 = 
 =    Actual Factories : 
 =       com.ibm.ws.ejbcontainer.injection.factory.MBLinkReferenceFactoryImpl@2acbb2a7
 = 
 =    Registered Processors : 
 =       javax.mail.MailSessionDefinition : com.ibm.ws.javamail.internal.injection.MailSessionDefinitionInjectionProcessorProvider@2d7bddce
 =       javax.inject.Inject : com.ibm.ws.cdi.impl.inject.InjectProcessorProvider@49a875ac
 =       javax.ws.rs.BeanParam : com.ibm.ws.jaxrs20.component.injection.BeanParamProcessProvider@44ad0225
 =       javax.ejb.EJB : com.ibm.ws.ejb.injection.processor.EJBProcessorProvider@3304ce9d
 =       javax.persistence.PersistenceContext : com.ibm.ws.jpa.container.osgi.internal.JPAPCtxtProcessorProvider@40e2f09e
 =       javax.ws.rs.CookieParam : com.ibm.ws.jaxrs20.component.injection.CookieParamProcessorProvider@4a6de83b
 =       javax.ws.rs.HeaderParam : com.ibm.ws.jaxrs20.component.injection.HeaderParamProcessorProvider@667d6779
 =       javax.resource.AdministeredObjectDefinition : com.ibm.ws.jca17.processor.AdministeredObjectDefinitionProcessorProvider@73183d0d
 =       javax.ws.rs.QueryParam : com.ibm.ws.jaxrs20.component.injection.QueryParamProcessorProvider@242955f0
 =       javax.jms.JMSDestinationDefinition : com.ibm.ws.jca.processor.jms.destination.JMSDestinationDefinitionProcessorProvider@1a04d7e
 =       javax.jms.JMSConnectionFactoryDefinition : com.ibm.ws.jca.processor.jms.connectionfactory.JMSConnectionFactoryDefinitionProcessorProvider@c6bb49c
 =       javax.ws.rs.MatrixParam : com.ibm.ws.jaxrs20.component.injection.MatrixParamProcessorProvider@3e291049
 =       javax.resource.ConnectionFactoryDefinition : com.ibm.ws.jca17.processor.ConnectionFactoryDefinitionProcessorProvider@50c154a9
 =       javax.persistence.PersistenceUnit : com.ibm.ws.jpa.container.osgi.internal.JPAPUnitProcessorProvider@53893872
 =       javax.annotation.Resource : com.ibm.ws.injectionengine.processor.ResourceProcessorProvider@217a9cb
 =       javax.ws.rs.core.Context : com.ibm.ws.jaxrs20.component.injection.ContextProcessorProvider@744a5a98
 =       javax.annotation.sql.DataSourceDefinition : com.ibm.ws.injectionengine.processor.DataSourceDefinitionProcessorProvider@2ef43ca4
 =       javax.ws.rs.PathParam : com.ibm.ws.jaxrs20.component.injection.PathParamProcessorProvider@34a4dba0
 =       javax.xml.ws.WebServiceRef : com.ibm.ws.jaxws.client.injection.WebServiceRefProcessorProvider@b42750e
 = 
 =    Registered Object Factories : 
 = 
 =    Registered No-Override Object Factories : 
 =       javax.annotation.Resource
 =          javax.ejb.MessageDrivenContext : com.ibm.ws.injectionengine.ObjectFactoryInfoImpl@2d7a6064[class com.ibm.ws.ejbcontainer.injection.factory.EJBContextObjectFactory, null]
 =          javax.ejb.EntityContext : com.ibm.ws.injectionengine.ObjectFactoryInfoImpl@22e46873[class com.ibm.ws.ejbcontainer.injection.factory.EJBContextObjectFactory, null]
 =          javax.transaction.UserTransaction : com.ibm.ws.transaction.services.TransactionObjectFactoryInfo@308fde54
 =          com.ibm.wsspi.uow.UOWManager : com.ibm.ws.transaction.services.UOWManagerObjectFactoryInfo@28fd274e
 =          com.ibm.websphere.ejbcontainer.EJBContextExtension : com.ibm.ws.injectionengine.ObjectFactoryInfoImpl@567a1b75[class com.ibm.ws.ejbcontainer.injection.factory.EJBContextObjectFactory, null]
 =          com.ibm.websphere.ejbcontainer.EntityContextExtension : com.ibm.ws.injectionengine.ObjectFactoryInfoImpl@575c5639[class com.ibm.ws.ejbcontainer.injection.factory.EJBContextObjectFactory, null]
 =          javax.ejb.TimerService : com.ibm.ws.injectionengine.ObjectFactoryInfoImpl@19ef5ff8[class com.ibm.ws.ejbcontainer.injection.factory.TimerServiceObjectFactory, null]
 =          com.ibm.websphere.ejbcontainer.MessageDrivenContextExtension : com.ibm.ws.injectionengine.ObjectFactoryInfoImpl@58e9dcdc[class com.ibm.ws.ejbcontainer.injection.factory.EJBContextObjectFactory, null]
 =          javax.ejb.EJBContext : com.ibm.ws.injectionengine.ObjectFactoryInfoImpl@5e4ec507[class com.ibm.ws.ejbcontainer.injection.factory.EJBContextObjectFactory, null]
 =          javax.ejb.SessionContext : com.ibm.ws.injectionengine.ObjectFactoryInfoImpl@6b16bd69[class com.ibm.ws.ejbcontainer.injection.factory.EJBContextObjectFactory, null]
 =          javax.transaction.TransactionSynchronizationRegistry : com.ibm.ws.transaction.services.TransactionSynchronizationRegistryObjectFactoryInfo@8e52f6c
 =          javax.validation.Validator : com.ibm.ws.beanvalidation.ValidatorObjectFactoryInfo@1efc1d90
 =          javax.validation.ValidatorFactory : com.ibm.ws.beanvalidation.ValidatorFactoryObjectFactoryInfo@36b285b5
 =          javax.xml.ws.WebServiceContext : com.ibm.ws.jaxws.injection.WebServiceContextObjectFactoryInfo@68118bff
 =          com.ibm.websphere.ejbcontainer.SessionContextExtension : com.ibm.ws.injectionengine.ObjectFactoryInfoImpl@49ae57de[class com.ibm.ws.ejbcontainer.injection.factory.EJBContextObjectFactory, null]
 =          javax.enterprise.inject.spi.BeanManager : com.ibm.ws.cdi.jndi.liberty.BeanManagerObjectFactoryInfo@3740d3e6
 =          org.omg.CORBA.ORB : com.ibm.ws.ejbcontainer.remote.internal.ORBObjectFactoryInfo@157d7796
 = 
 =    Registered Override Reference Factories : 
 = 
 =    Registered MetaDataListeners : 
 =       com.ibm.ws.ejbcontainer.osgi.internal.EJBRuntimeImpl@71d748b5
 =       com.ibm.ws.ejbcontainer.osgi.internal.EJBRuntimeImpl@4afce1f6
 =       com.ibm.ws.jaxws.support.JaxWsInjectionMetaDataListener@7b92c4ac
 =       com.ibm.ws.cdi.impl.CDIContainerImpl@5adcd8f
 = 
 =    isEmbeddable    : false
 = 
 = *** InjectionEngine Dump Complete ***
 = 
 = *** InjectionDiagnosticModule Dump Complete ***
+ Data for directive [Default] obtained. = 
==> Dump complete for com.ibm.ws.injectionengine.ffdc.InjectionDiagnosticModule  = Mon Jul 02 16:21:31 CAT 2018
