------Start of DE processing------ = [7/2/18 15:19:23:561 CAT]
Exception = java.lang.NullPointerException
Source = com.ibm.ws.webcontainer.osgi.DynamicVirtualHost
probeid = startWebApp
Stack Dump = java.lang.NullPointerException
	at com.ibm.ws.security.jaspi.JaspiServletContainerInitializer.onStartup(JaspiServletContainerInitializer.java:53)
	at com.ibm.ws.webcontainer.webapp.WebApp.initializeServletContainerInitializers(WebApp.java:2487)
	at com.ibm.ws.webcontainer.webapp.WebApp.initialize(WebApp.java:994)
	at com.ibm.ws.webcontainer.webapp.WebApp.initialize(WebApp.java:6566)
	at com.ibm.ws.webcontainer.osgi.DynamicVirtualHost.startWebApp(DynamicVirtualHost.java:467)
	at com.ibm.ws.webcontainer.osgi.DynamicVirtualHost.createRunnableHandler(DynamicVirtualHost.java:264)
	at com.ibm.ws.webcontainer.osgi.DynamicVirtualHost.createRunnableHandler(DynamicVirtualHost.java:330)
	at com.ibm.ws.http.internal.VirtualHostImpl.discriminate(VirtualHostImpl.java:250)
	at com.ibm.ws.http.dispatcher.internal.channel.HttpDispatcherLink.ready(HttpDispatcherLink.java:356)
	at com.ibm.ws.http.channel.internal.inbound.HttpInboundLink.handleDiscrimination(HttpInboundLink.java:532)
	at com.ibm.ws.http.channel.internal.inbound.HttpInboundLink.handleNewRequest(HttpInboundLink.java:466)
	at com.ibm.ws.http.channel.internal.inbound.HttpInboundLink.processRequest(HttpInboundLink.java:331)
	at com.ibm.ws.http.channel.internal.inbound.HttpInboundLink.ready(HttpInboundLink.java:302)
	at com.ibm.ws.tcpchannel.internal.NewConnectionInitialReadCallback.sendToDiscriminators(NewConnectionInitialReadCallback.java:165)
	at com.ibm.ws.tcpchannel.internal.NewConnectionInitialReadCallback.complete(NewConnectionInitialReadCallback.java:74)
	at com.ibm.ws.tcpchannel.internal.WorkQueueManager.requestComplete(WorkQueueManager.java:501)
	at com.ibm.ws.tcpchannel.internal.WorkQueueManager.attemptIO(WorkQueueManager.java:571)
	at com.ibm.ws.tcpchannel.internal.WorkQueueManager.workerRun(WorkQueueManager.java:926)
	at com.ibm.ws.tcpchannel.internal.WorkQueueManager$Worker.run(WorkQueueManager.java:1015)
	at java.util.concurrent.ThreadPoolExecutor.runWorker(ThreadPoolExecutor.java:1149)
	at java.util.concurrent.ThreadPoolExecutor$Worker.run(ThreadPoolExecutor.java:624)
	at java.lang.Thread.run(Thread.java:748)

Dump of callerThis
Object type = [Ljava.lang.Object;
  Object[0] = class com.ibm.ws.webcontainer.osgi.DynamicVirtualHost@13926175
    tc = class com.ibm.websphere.ras.TraceComponent@18651db0
      strings[0] = "TraceComponent[com.ibm.ws.webcontainer.osgi.DynamicVirtualHost,class com.ibm.ws.webcontainer.osgi.DynamicVirtualHost,[webcontainer],com.ibm.ws.webcontainer.resources.LShimMessages,null]"
    CLASS_NAME = "com.ibm.ws.webcontainer.osgi.DynamicVirtualHost"
    webContainerParent = class com.ibm.ws.webcontainer.osgi.WebContainer@26b4f7a8
      tc = class com.ibm.websphere.ras.TraceComponent@63ec55ad
      CLASS_NAME = "com.ibm.ws.webcontainer.osgi.WebContainer"
      initialized = true
      eventService = class com.ibm.ws.event.internal.EventEngineImpl@2113fa3a
      futureMonitor = class com.ibm.ws.threading.internal.FutureMonitorImpl@1fae069
      classLoadingSRRef = class com.ibm.wsspi.kernel.service.utils.AtomicServiceReference@5368aafb
      sessionHelperSRRef = class com.ibm.wsspi.kernel.service.utils.AtomicServiceReference@199da392
      cacheManagerSRRef = class com.ibm.wsspi.kernel.service.utils.AtomicServiceReference@276158b1
      injectionEngineSRRef = class com.ibm.wsspi.kernel.service.utils.AtomicServiceReference@714e1d9c
      managedObjectServiceSRRef = class com.ibm.wsspi.kernel.service.utils.AtomicServiceReference@67675e3c
      backgroundWebAppStartFutures = class com.ibm.ws.webcontainer.util.OneTimeUseArrayList@1392e071
      REFERENCE_WEB_MBEAN_RUNTIME = "webMBeanRuntime"
      webMBeanRuntimeServiceRef = class com.ibm.wsspi.kernel.service.utils.AtomicServiceReference@3e9b9662
      servletContainerInitializers = class com.ibm.wsspi.kernel.service.utils.ConcurrentServiceReferenceSet@3f38ded0
      es = class com.ibm.ws.threading.internal.ExecutorServiceImpl@62f3e1b5
      locationServiceRef = class java.util.concurrent.atomic.AtomicReference@66e604f2
      transferContextServiceRef = class com.ibm.wsspi.kernel.service.utils.ConcurrentServiceReferenceSet@4aca6ca
      encodingServiceRef = class java.util.concurrent.atomic.AtomicReference@7d1b36d1
      instance = class java.util.concurrent.atomic.AtomicReference@988e8e
      vhostManager = class com.ibm.ws.webcontainer.osgi.DynamicVirtualHostManager@560fdbfb
      metaDataService = class com.ibm.ws.container.service.metadata.internal.MetaDataServiceImpl@252ca7aa
      j2eeNameFactory = class com.ibm.ws.container.service.metadata.internal.J2EENameFactoryImpl@595c852
      context = class org.apache.felix.scr.impl.manager.ComponentContextImpl@37f4bd06
      contextRoots = class java.util.Collections$SynchronizedSet@13fda897
      pendingContextRoots = class java.util.HashMap@57d5a898
      deployedModuleMap = class java.util.concurrent.ConcurrentHashMap@7f2d719a
      connContextPool = class com.ibm.ws.webcontainer40.osgi.srt.factory.SRTConnectionContextPool40Impl@6da3eff4
      DEFAULT_PORT = "*"
      DEFAULT_VHOST_NAME = "default_host"
      cachedServerInfo = "IBM WebSphere Liberty/18.0.0.2"
      lock = class com.ibm.ws.webcontainer.osgi.WebContainer$1@13645bc7
      webAppFactory = class com.ibm.ws.webcontainer40.osgi.webapp.factory.WebAppFactory40Impl@690fb05b
      requestFactory = class com.ibm.ws.webcontainer40.osgi.response.factory.IRequestResponseFactory40Impl@7dbabd41
      responseFactory = class com.ibm.ws.webcontainer40.osgi.response.factory.IRequestResponseFactory40Impl@7dbabd41
      asyncContextFactory = class com.ibm.ws.webcontainer40.async.factory.AsyncContextFactory40Impl@f94214d
      DEFAULT_MAX_VERSION = 30
      versionRef = class org.eclipse.osgi.internal.serviceregistry.ServiceReferenceImpl@3e9fe91b
      serverStopping = class com.ibm.ws.staticvalue.StaticValue$FinalSingleton@2a060bfb
      modulesStarting = 0
      uriMatcherFactory = class com.ibm.wsspi.webcontainer40.util.factory.URIMatcherFactory40Impl@2feeb4f
      SPEC_LEVEL_UNLOADED = -1
      SPEC_LEVEL_30 = 30
      SPEC_LEVEL_31 = 31
      SPEC_LEVEL_40 = 40
      DEFAULT_SPEC_LEVEL = 30
      loadedContainerSpecLevel = 40
      ISO = "ISO-8859-1"
      encoding = "UTF-8"
      decode = true
      wcconfig = class com.ibm.ws.webcontainer.osgi.WebContainerConfiguration@22fe31e3
      applicationListeners = class java.util.ArrayList@591b4b7a
      servletListeners = class java.util.ArrayList@74fbae9d
      servletErrorListeners = class java.util.ArrayList@56eca7ea
      servletInvocationListeners = class java.util.ArrayList@5cef5fd
      filterInvocationListeners = class java.util.ArrayList@68d2ea5
      filterErrorListeners = class java.util.ArrayList@2f2be7af
      filterListeners = class java.util.ArrayList@1ccbc657
      servletRequestListeners = class java.util.ArrayList@6ed8b92e
      servletRequestAttributeListeners = class java.util.ArrayList@14f4a56
      servletContextListeners = class java.util.ArrayList@7129c34f
      servletContextAttributeListeners = class java.util.ArrayList@33924a43
      sessionListeners = class java.util.ArrayList@182894d6
      sessionIdListeners = class java.util.ArrayList@634e607f
      sessionAttributeListeners = class java.util.ArrayList@5c42f4e2
      DEFAULT_HOST = "default_host"
      _initialized = true
      logger = class com.ibm.ws.logging.internal.WsLogger@97ee3b
      CLASS_NAME = "com.ibm.ws.webcontainer.internal.WebContainer"
      nls = class com.ibm.ejs.ras.TraceNLS@7d237d7b
      self = class java.util.concurrent.atomic.AtomicReference@2171d82d
      _cipherToBit = class java.util.HashMap@31ac19e4
      cacheKeyStringBuilder = class com.ibm.ws.util.WSThreadLocal@7a821ed7
      listenersInitialized = true
      webConProperties = class java.util.Properties@1c2c6c59
      sessionRegistry = null
      isStopped = false
      readWriteLockForStopping = class java.util.concurrent.locks.ReentrantReadWriteLock@33b37f41
      urlPrefix = ";jsessionid="
      extensionFactories = class java.util.ArrayList@5bd0b7fa
      postInitExtensionFactories = null
      httpResponseListeners = class java.util.ArrayList@628133ea
      servletContainerInitializers = class java.util.ServiceLoader@81ffdcb
      auditManager = class com.ibm.websphere.security.audit.context.AuditManager@77ae1635
      threadLocal = class java.lang.ThreadLocal@5fcf36f6
      invocationCacheSize = 500
      decodePlusSign = true
      _cacheMap = class java.util.concurrent.ConcurrentHashMap@343a5086
      _cacheSize = class java.util.concurrent.atomic.AtomicInteger@433c026f
      vHostCompatFlag = false
      platformHelper = class com.ibm.ws.webcontainer.PlatformHelper@44a4bb83
      isDefaultTempDir = true
      tempDir = null
      servletCachingInitNeeded = true
      appInstallBegun = true
      cacheServletWrapperFactory = class com.ibm.ws.webcontainer40.servlet.factory.CacheServletWrapperFactory40Impl@627a4d67
      commands = class java.util.ArrayList@4228fce
      requestMapper = class com.ibm.ws.webcontainer.util.VirtualHostContextRootMapper@272eda5f
      parent = null
      name = "Was.webcontainer"
      isAlive = true
      subElements = class java.util.HashMap@4637059a
      attributes = null
      config = null
      serialVersionUID = -8271459000149267764
      $$$tc$$$ = class com.ibm.websphere.ras.TraceComponent@441ca43f
    dhostConfig = class com.ibm.ws.webcontainer.osgi.DynamicVirtualHostConfiguration@10450e1c
      tc = class com.ibm.websphere.ras.TraceComponent@35e6ca50
      name = "default_host"
      activeContexts = class java.util.HashSet@41e6b185
      tc = class com.ibm.websphere.ras.TraceComponent@45d2475
      config = class com.ibm.ws.http.internal.VirtualHostImpl@74815439
      _id = "default_host"
      _attributes = null
      serialVersionUID = 7511545662945734886
      $$$tc$$$ = class com.ibm.websphere.ras.TraceComponent@4a8c3f23
    predefinedMatcher = null
    normalizeRequestURI = false
    logger = class com.ibm.ws.logging.internal.WsLogger@97ee3b
      tc = class com.ibm.websphere.ras.TraceComponent@6216956d
      ivCachedResourceBundleName = "com.ibm.ws.webcontainer.resources.Messages"
      ivCachedResourceBundle = class com.ibm.ws.webcontainer.resources.Messages@3eff2d3b
      ivComponent = null
      ivOrganization = null
      ivProduct = null
      ivMinimumLocalizationLevelIntValue = 625
      ivTC = class com.ibm.websphere.ras.TraceComponent@36fe2475
      loggerRegistrationComponent = class java.lang.ThreadLocal@2c4e2c14
      emptyHandlers = class java.util.logging.Handler[0]
      offValue = 2147483647
      SYSTEM_LOGGER_RB_NAME = "sun.util.logging.resources.logging"
      SYSTEM_BUNDLE = class java.util.logging.Logger$LoggerBundle@6791a9a4
      NO_RESOURCE_BUNDLE = class java.util.logging.Logger$LoggerBundle@54ae19e2
      manager = class com.ibm.ws.kernel.boot.logging.WsLogManager@13ff60b9
      name = "com.ibm.ws.webcontainer"
      handlers = class java.util.concurrent.CopyOnWriteArrayList@dc6906
      loggerBundle = class java.util.logging.Logger$LoggerBundle@6aea2c30
      useParentHandlers = true
      filter = null
      anonymous = false
      catalog = class com.ibm.ws.webcontainer.resources.Messages@3eff2d3b
      catalogName = "com.ibm.ws.webcontainer.resources.Messages"
      catalogLocale = class java.util.Locale@4e2f4986
      treeLock = class java.lang.Object@263d0252
      parent = class java.util.logging.Logger@3c98c569
      kids = class java.util.ArrayList@45cacbca
      levelObject = class java.util.logging.Level@7e7ae4ef
      levelValue = 800
      callersClassLoaderRef = class java.lang.ref.WeakReference@4aadf1df
      isSystemLogger = false
      GLOBAL_LOGGER_NAME = "global"
      global = class java.util.logging.Logger@44c554a
      $assertionsDisabled = true
    CLASS_NAME = "com.ibm.ws.webcontainer.VirtualHost"
    vHostConfig = class com.ibm.ws.webcontainer.osgi.DynamicVirtualHostConfiguration@10450e1c
    commands = class java.util.ArrayList@19f4036
      serialVersionUID = 8683452581122892189
      DEFAULT_CAPACITY = 10
      EMPTY_ELEMENTDATA = class java.lang.Object[0]
      DEFAULTCAPACITY_EMPTY_ELEMENTDATA = class java.lang.Object[0]
      elementData = class java.lang.Object[3]
      size = 0
      MAX_ARRAY_SIZE = 2147483639
      modCount = 0
      MAX_ARRAY_SIZE = 2147483639
    requestMapper = class com.ibm.wsspi.webcontainer.util.URIMapper@7211eece
      matcher = class com.ibm.wsspi.webcontainer40.util.URIMatcher40@6832788
    parent = class com.ibm.ws.webcontainer.osgi.WebContainer@26b4f7a8
    name = "default_host"
    isAlive = true
    subElements = class java.util.HashMap@4fa864b6
      serialVersionUID = 362498820763181265
      DEFAULT_INITIAL_CAPACITY = 16
      MAXIMUM_CAPACITY = 1073741824
      DEFAULT_LOAD_FACTOR = 0.75
      TREEIFY_THRESHOLD = 8
      UNTREEIFY_THRESHOLD = 6
      MIN_TREEIFY_CAPACITY = 64
      table = class java.util.HashMap$Node[16]
      entrySet = null
      size = 6
      modCount = 6
      threshold = 12
      loadFactor = 0.75
      keySet = null
      values = null
    attributes = null
    config = null
    serialVersionUID = -8271459000149267764
    $$$tc$$$ = class com.ibm.websphere.ras.TraceComponent@441ca43f
  Object[1] = class com.ibm.ws.webcontainer40.osgi.webapp.WebApp40@6e1329d6
    tc = class com.ibm.websphere.ras.TraceComponent@7822031e
      strings[0] = "TraceComponent[com.ibm.ws.webcontainer40.osgi.webapp.WebApp40,class com.ibm.ws.webcontainer40.osgi.webapp.WebApp40,[webcontainer],com.ibm.ws.webcontainer31.resources.Messages,null]"
    servlet40NLS = class com.ibm.ejs.ras.TraceNLS@4e7d5a37
      resolver = class com.ibm.ws.logging.internal.TraceNLSResolver@3f15d61
      finder = class com.ibm.ws.logging.internal.StackFinder@ff0147d
      ivBundleName = "com.ibm.ws.webcontainer40.resources.Messages"
      caller = class java.lang.Class@7cd9304e
    CLASS_NAME = "com.ibm.ws.webcontainer40.osgi.webapp.WebApp40"
    defaultSessionTimeout = 30
    tc = class com.ibm.websphere.ras.TraceComponent@425a6a2b
      strings[0] = "TraceComponent[com.ibm.ws.webcontainer31.osgi.webapp.WebApp31,class com.ibm.ws.webcontainer31.osgi.webapp.WebApp31,[webcontainer],com.ibm.ws.webcontainer31.resources.Messages,null]"
    CLASS_NAME = "com.ibm.ws.webcontainer31.osgi.webapp.WebApp31"
    servlet31NLS = class com.ibm.ejs.ras.TraceNLS@703a24a0
      resolver = class com.ibm.ws.logging.internal.TraceNLSResolver@3f15d61
      finder = class com.ibm.ws.logging.internal.StackFinder@ff0147d
      ivBundleName = "com.ibm.ws.webcontainer31.resources.Messages"
      caller = class java.lang.Class@5102a29d
    validListenerClasses = class java.lang.Class[7]
      Class[0] = class java.lang.Class@392b1811
      Class[1] = class java.lang.Class@784c988
      Class[2] = class java.lang.Class@6ae0954
      Class[3] = class java.lang.Class@1c98c4dd
      Class[4] = class java.lang.Class@7d92bccf
      Class[5] = class java.lang.Class@5c7be27c
      Class[6] = class java.lang.Class@3265192d
    wsocServHandler = class com.ibm.ws.wsoc.external.WsocHandlerImpl@40c0c873
      tc = class com.ibm.websphere.ras.TraceComponent@3b06e6d5
      noMoreAddsCalled = false
      serialVersionUID = -2067291126638824067
    tc = class com.ibm.websphere.ras.TraceComponent@3241b56d
      strings[0] = "TraceComponent[com.ibm.ws.webcontainer.osgi.webapp.WebApp,class com.ibm.ws.webcontainer.osgi.webapp.WebApp,[webcontainer],com.ibm.ws.webcontainer.resources.LShimMessages,null]"
    CLASS_NAME = "com.ibm.ws.webcontainer.osgi.webapp.WebApp"
    metaDataService = class com.ibm.ws.container.service.metadata.internal.MetaDataServiceImpl@252ca7aa
      applicationMetaDataManager = class com.ibm.ws.container.service.metadata.internal.ApplicationMetaDataManager@4dd60e08
      moduleMetaDataManager = class com.ibm.ws.container.service.metadata.internal.ModuleMetaDataManager@420ab833
      componentMetaDataManager = class com.ibm.ws.container.service.metadata.internal.ComponentMetaDataManager@30794379
      methodMetaDataManager = class com.ibm.ws.container.service.metadata.internal.MethodMetaDataManager@5e9f24ab
      appModuleNameToModuleContainer = class java.util.concurrent.ConcurrentHashMap@2344c73e
      jeeNameToComponentMetaData = class java.util.concurrent.ConcurrentHashMap@34982845
      deferredMetaDataFactories = class com.ibm.wsspi.kernel.service.utils.ConcurrentServiceReferenceSet@4e80c724
      deferredMetaDataInitializers = class com.ibm.wsspi.kernel.service.utils.ConcurrentServiceReferenceMap@699d0823
      serialVersionUID = -2494605732980966097
      $$$tc$$$ = class com.ibm.websphere.ras.TraceComponent@26337647
    namespacePopulated = false
    referenceContext = class com.ibm.ws.injectionengine.osgi.internal.OSGiReferenceContextImpl@23b48f55
      scopeData = class com.ibm.ws.injectionengine.osgi.internal.OSGiInjectionScopeData@6071ab37
      serialVersionUID = 521511923892134915
      $$$tc$$$ = class com.ibm.websphere.ras.TraceComponent@1a646629
      CLASS_NAME = "com.ibm.ws.injectionengine.ReferenceContextImpl"
      tc = class com.ibm.websphere.ras.TraceComponent@194bd7b9
      ivInjectionEngine = class com.ibm.ws.injectionengine.osgi.internal.OSGiInjectionEngineImpl@5d616f58
      ivProviders = class java.util.ArrayList@7f109869
      ivComponentJavaContext = null
      ivComponentNameSpace = null
      ivJavaColonCompEnvMap = class java.util.LinkedHashMap@52fd72c5
      ivEjbContext10 = class java.util.Properties@5edd2a20
      ivResourceRefConfigList = class com.ibm.ws.resource.internal.ResourceRefConfigListImpl@63907c53
      isAlreadyProcessed = true
      ivProcessFailure = null
      ivInjectionTargetMap = class java.util.concurrent.ConcurrentHashMap@18b86398
      svInjTarMapCacheSize = 256
      ivDeclaredInjectionTargets = class java.util.HashMap@21ea5110
      ivProcessedInjectionClasses = class java.util.HashSet@16d1f327
      ivProcessedInjectionBindings = class java.util.LinkedHashSet@76c3774a
      ivAnyProcessDynamic = true
      ivCheckAppConfig = false
    j2eeNameFactory = class com.ibm.ws.container.service.metadata.internal.J2EENameFactoryImpl@595c852
      serialVersionUID = 3486344295038028821
      $$$tc$$$ = class com.ibm.websphere.ras.TraceComponent@1849211
    moduleLoader = class com.ibm.ws.classloading.internal.AppClassLoader@594f5736
      tc = class com.ibm.websphere.ras.TraceComponent@2e7af828
      PARENT_FIRST_SEARCH_ORDER = class java.util.Collections$UnmodifiableRandomAccessList@11c60c93
      CLASS_LOADING_TRACE_PREFIX = "com.ibm.ws.class.load."
      DEFAULT_PACKAGE = "default.package"
      perPackageClassLoadingTraceComponents = class java.util.concurrent.ConcurrentHashMap@371464cd
      config = class com.ibm.ws.classloading.internal.ClassLoaderConfigurationImpl@34d7031d
      privateLibraries = null
      delegateLoaders = class com.ibm.ws.classloading.internal.util.CompositeIterable@52e8121e
      nativeLibraryFiles = class java.util.ArrayList@736b2e44
      transformers = class java.util.ArrayList@674d1ee8
      apiAccess = class com.ibm.ws.classloading.internal.GatewayClassLoader@11bba163
      generator = class com.ibm.ws.classloading.internal.ClassGeneratorManager@6b0e36f7
      protectionDomains = class java.util.concurrent.ConcurrentHashMap@7964b16a
      parent = class com.ibm.ws.classloading.internal.GatewayClassLoader@11bba163
      serialVersionUID = 952643806680066297
      tc = class com.ibm.websphere.ras.TraceComponent@100a8be
      EMPTY_URL_ARRAY = class java.net.URL[0]
      smartClassPath = class com.ibm.ws.classloading.internal.ContainerClassLoader$SmartClassPathImpl@5ce247d0
      nativeLibraryContainers = class java.util.ArrayList@2764a381
      redefiner = class com.ibm.ws.classloading.internal.util.ClassRedefiner@4bc3314
      mapCreationQueue = class java.util.concurrent.Executors$FinalizableDelegatedExecutorService@3e624b64
      serialVersionUID = 7249739282446266343
      serialVersionUID = -7411549862368381758
      $$$tc$$$ = class com.ibm.websphere.ras.TraceComponent@7f4d0361
      serialVersionUID = -4868702105808481416
      $$$tc$$$ = class com.ibm.websphere.ras.TraceComponent@1fb5688b
      serialVersionUID = 2596921220292114344
      $$$tc$$$ = class com.ibm.websphere.ras.TraceComponent@454b7724
      initialized = true
      pdcache = class java.util.HashMap@46c16b35
      debug = null
      parent = class com.ibm.ws.classloading.internal.GatewayClassLoader@11bba163
      parallelLockMap = null
      package2certs = class java.util.Hashtable@1af26d66
      nocerts = class java.security.cert.Certificate[0]
      classes = class java.util.Vector@740338ed
      defaultDomain = class java.security.ProtectionDomain@3a113d7a
      domains = class java.util.HashSet@77c461ce
      packages = class java.util.HashMap@7e54ab0d
      scl = class sun.misc.Launcher$AppClassLoader@18b4aac2
      sclSet = true
      loadedLibraryNames = class java.util.Vector@6a8bf160
      systemNativeLibraries = class java.util.Vector@7a9dce8f
      nativeLibraries = class java.util.Vector@137d307a
      nativeLibraryContext = class java.util.Stack@d5ea0f7
      usr_paths = class java.lang.String[22]
      sys_paths = class java.lang.String[1]
      assertionLock = class com.ibm.ws.classloading.internal.AppClassLoader@594f5736
      defaultAssertionStatus = false
      packageAssertionStatus = null
      classAssertionStatus = null
    webAppConfig = class com.ibm.ws.webcontainer.osgi.webapp.WebAppConfiguration@43501bc3
      webModuleMetaData = class com.ibm.ws.webcontainer.osgi.metadata.WebModuleMetaDataImpl@4e24daf2
      webComponentMetaData = class com.ibm.ws.webcontainer.osgi.metadata.WebComponentMetaDataImpl@754a9b08
      dVirtualHost = class com.ibm.ws.webcontainer.osgi.DynamicVirtualHost@13926175
      orderedLibPaths = class java.util.Collections$UnmodifiableRandomAccessList@4dc79882
      bundleHeaders = null
      cdiEnabled = true
      CLASS_NAME = "com.ibm.ws.webcontainer.webapp.WebAppConfiguration"
      logger = class com.ibm.ws.logging.internal.WsLogger@66b315d7
      tc = class com.ibm.websphere.ras.TraceComponent@594a8010
      nls = class com.ibm.ejs.ras.TraceNLS@697fb7c9
      version = 30
      contextRoot = "/v1/legacyDashboard"
      isDefaultContextRootUsed = false
      sessionTimeout = 0
      moduleSessionTimeoutSet = false
      moduleSessionTrackingModeSet = false
      sessionCookieConfig = class com.ibm.ws.session.SessionCookieConfigImpl@1e4135e
      hasProgrammaticCookieConfig = false
      sessionDefaultTrackingModeSet = class java.util.RegularEnumSet@20574ab1
      sessionManagerConfig = class com.ibm.ws.session.SessionManagerConfig@6c5132de
      displayName = "legacy-integration-rest-0.0.1-SNAPSHOT"
      description = null
      reloadInterval = 0
      distributable = false
      denyUncoveredHttpMethods = false
      reloadingEnabled = false
      serveServletsByClassnameEnabled = null
      defaultErrorPage = null
      additionalClassPath = null
      fileServingEnabled = null
      directoryBrowsingEnabled = null
      autoRequestEncoding = false
      autoResponseEncoding = false
      autoLoadFilters = false
      requestListeners = null
      requestAttributeListeners = null
      sessionListeners = null
      localeMap = null
      moduleName = "legacy-integration-rest-0.0.1-SNAPSHOT"
      j2eeModuleName = "legacy-integration-rest-0.0.1-SNAPSHOT.war"
      moduleId = null
      isSyncToThreadEnabled = false
      encodeDispatchedRequestURI = false
      isSystemApp = false
      ardEnabled = false
      ardDispatchType = null
      listeners = class java.util.ArrayList@78840162
      welcomeFileList = class java.util.ArrayList@595b93cf
      servletMappings = class java.util.HashMap@43434897
      lastIndexBeforeDeclaredFilters = 6
      filterMappings = class java.util.ArrayList@266155e3
      servletInfo = class java.util.concurrent.ConcurrentHashMap@7eb6cf5c
      filterInfo = class java.util.HashMap@7b76eeae
      mimeMappings = class java.util.HashMap@22a816a7
      mimeFilters = null
      isMimeFilteringEnabled = false
      theWebGroup = null
      jspAttributes = class java.util.HashMap@e4a815c
      fileServingAttributes = class java.util.HashMap@464e73e6
      invokerAttributes = class java.util.HashMap@a81e61f
      contextParams = class java.util.HashMap@687ec4c6
      virtualHost = "default_host"
      exceptionErrorPages = class java.util.HashMap@32e4e8f4
      codeErrorPages = class java.util.HashMap@7006c0d
      tagLibList = null
      precompileJsps = false
      webApp = class com.ibm.ws.webcontainer40.osgi.webapp.WebApp40@6e1329d6
      virtualHostList = class java.util.Collections$EmptyList@234d3ec
      appStartupWeight = 0
      moduleStartupWeight = 0
      metaDataComplete = false
      classesToScan = class java.util.ArrayList@1cf27f98
      uriFilterMappingInfos = null
      servletFilterMappingInfos = null
      dynamicServletRegistrationMap = class java.util.HashMap@9c487ba
      applicationName = "legacy_integration_rest_war"
      libBinPathList = class java.util.ArrayList@d20e28b
      webXmlDefinedListeners = class java.util.HashSet@292feb70
      allRefs = class java.util.EnumMap@262e5f72
      allRefBindings = class java.util.EnumMap@bfaf55a
      envEntryValues = class java.util.HashMap@1447a14
      resourceRefConfigList = class com.ibm.ws.resource.internal.ResourceRefConfigListImpl@57667527
      disallowAllFileServingProp = "false"
      disallowServeServletsByClassnameProp = "true"
      disableStaticMappingCache = false
      jspCachedLocations = class java.util.HashMap@3e77576
      primedSTSHeader = "NoValue"
      enablemultireadofpostdata = false
      requestEncoding = null
      responseEncoding = null
      NULLSERVLETNAME = "com.ibm.ws.webcontainer.NullServletName"
      _id = "WebAppGeneratedId6"
      _attributes = null
      serialVersionUID = 7511545662945734886
      $$$tc$$$ = class com.ibm.websphere.ras.TraceComponent@4a8c3f23
    extensionProcessingDisabled = false
    managedObjectService = class com.ibm.ws.cdi.impl.managedobject.CDIManagedObjectService@53b71869
      cdiServiceRef = class com.ibm.wsspi.kernel.service.utils.AtomicServiceReference@67d6a051
      defaultMOSRef = class com.ibm.wsspi.kernel.service.utils.AtomicServiceReference@13485fb7
      cdiRuntime = class com.ibm.ws.cdi.liberty.CDIRuntimeImpl@78dd8436
      serialVersionUID = 315221146154657842
      $$$tc$$$ = class com.ibm.websphere.ras.TraceComponent@8a988a1
    GenPluginCfgMB = null
    internalServletMetaData = interface com.ibm.wsspi.webcontainer.metadata.WebComponentMetaData[2]
      WebComponentMetaData[0] = null
      WebComponentMetaData[1] = null
    loginProcessor = null
    logoutProcessor = null
    collabHelper = class com.ibm.ws.webcontainer.osgi.collaborator.CollaboratorHelperImpl@5f1076e3
      webAppInvCollabs = class java.util.Collections$UnmodifiableSet@2443c4fb
      securityDomainForApp = null
      logger = class com.ibm.ws.logging.internal.WsLogger@1fad94c7
      staticDefaultSecurityCollaborator = class com.ibm.ws.webcontainer.collaborator.WebAppSecurityCollaborator@67678b6e
      logger = class com.ibm.ws.logging.internal.WsLogger@1887de78
      CLASS_NAME = "com.ibm.wsspi.webcontainer.collaborator.CollaboratorHelper"
      webApp = class com.ibm.ws.webcontainer40.osgi.webapp.WebApp40@6e1329d6
      securityCollaborator = null
      nameSpaceCollaborator = class com.ibm.ws.webcontainer.osgi.collaborator.WebAppNameSpaceCollaboratorImpl@2a9b8160
      transactionCollaborator = class com.ibm.ws.transaction.services.WebAppTransactionCollaboratorImpl@154f6c17
      connectionCollaborator = class com.ibm.ws.webcontainer.collaborator.ConnectionCollaborator@42082903
      allCollabEnum = class java.util.RegularEnumSet@19eff6d7
      servlet_23_or_greater = true
      DEFER_SERVLET_REQUEST_LISTENER_DESTROY_ON_ERROR = false
    envObject = class com.ibm.ws.util.WSThreadLocal@1b1c7e2d
      tc = class com.ibm.ejs.ras.TraceComponent@e06c1f6
      count = 7
      index = 4
      SUSPECTED_MISUSAGE_THRESHOLD = 200
      threadLocalHashCode = 972686477
      nextHashCode = class java.util.concurrent.atomic.AtomicInteger@72de3682
      HASH_INCREMENT = 1640531527
    orderedLibPaths = class java.util.Collections$UnmodifiableRandomAccessList@4dc79882
      serialVersionUID = -2542308836966382001
      serialVersionUID = -283967356065247728
      list = class java.util.ArrayList@37e202eb
      serialVersionUID = 1820017752578914078
      c = class java.util.ArrayList@37e202eb
    perm = class com.ibm.websphere.security.WebSphereRuntimePermission@3ac8cb03
      serialVersionUID = -3306242789188168337
      $$$tc$$$ = class com.ibm.websphere.ras.TraceComponent@2443849c
      serialVersionUID = 6279438298436773498
      wildcard = false
      path = "accessServletContext"
      exitVM = false
      serialVersionUID = -5636570222231596674
      name = "accessServletContext"
    WELCOME_FILE_LIST = "com.ibm.ws.webcontainer.config.WelcomeFileList"
    DIR_BROWSING_MAPPING = "__dirBrowsing__1530537547418"
    FILTER_PROXY_MAPPING = "/__filterProxy__1530537547418"
    logger = class com.ibm.ws.logging.internal.WsLogger@66b315d7
      tc = class com.ibm.websphere.ras.TraceComponent@6216956d
      ivCachedResourceBundleName = "com.ibm.ws.webcontainer.resources.Messages"
      ivCachedResourceBundle = class com.ibm.ws.webcontainer.resources.Messages@3eff2d3b
      ivComponent = null
      ivOrganization = null
      ivProduct = null
      ivMinimumLocalizationLevelIntValue = 625
      ivTC = class com.ibm.websphere.ras.TraceComponent@2f9df90e
      loggerRegistrationComponent = class java.lang.ThreadLocal@2c4e2c14
      emptyHandlers = class java.util.logging.Handler[0]
      offValue = 2147483647
      SYSTEM_LOGGER_RB_NAME = "sun.util.logging.resources.logging"
      SYSTEM_BUNDLE = class java.util.logging.Logger$LoggerBundle@6791a9a4
      NO_RESOURCE_BUNDLE = class java.util.logging.Logger$LoggerBundle@54ae19e2
      manager = class com.ibm.ws.kernel.boot.logging.WsLogManager@13ff60b9
      name = "com.ibm.ws.webcontainer.webapp"
      handlers = class java.util.concurrent.CopyOnWriteArrayList@11094b5f
      loggerBundle = class java.util.logging.Logger$LoggerBundle@e298191
      useParentHandlers = true
      filter = null
      anonymous = false
      catalog = class com.ibm.ws.webcontainer.resources.Messages@3eff2d3b
      catalogName = "com.ibm.ws.webcontainer.resources.Messages"
      catalogLocale = class java.util.Locale@4e2f4986
      treeLock = class java.lang.Object@263d0252
      parent = class com.ibm.ws.logging.internal.WsLogger@97ee3b
      kids = null
      levelObject = class java.util.logging.Level@7e7ae4ef
      levelValue = 800
      callersClassLoaderRef = class java.lang.ref.WeakReference@748f9fb6
      isSystemLogger = false
      GLOBAL_LOGGER_NAME = "global"
      global = class java.util.logging.Logger@44c554a
      $assertionsDisabled = true
    CLASS_NAME = "com.ibm.ws.webcontainer.webapp.WebApp"
    loader = class com.ibm.ws.classloading.internal.ThreadContextClassLoader@423491a8
      tc = class com.ibm.websphere.ras.TraceComponent@61a02a42
      bundle = class java.util.concurrent.atomic.AtomicReference@318d0089
      key = "WebModule:legacy_integration_rest_war#legacy-integration-rest-0.0.1-SNAPSHOT.war"
      refCount = class java.util.concurrent.atomic.AtomicInteger@1e10545f
      appLoader = class com.ibm.ws.classloading.internal.AppClassLoader@594f5736
      clSvc = class com.ibm.ws.classloading.internal.ClassLoadingServiceImpl@2d31d785
      serialVersionUID = 846416563800781557
      followOnClassLoaders = class java.util.ArrayList@63a5266a
      serialVersionUID = -5107316606107305512
      $$$tc$$$ = class com.ibm.websphere.ras.TraceComponent@19390303
      serialVersionUID = -4868702105808481416
      $$$tc$$$ = class com.ibm.websphere.ras.TraceComponent@1fb5688b
      serialVersionUID = 2596921220292114344
      $$$tc$$$ = class com.ibm.websphere.ras.TraceComponent@454b7724
      initialized = true
      pdcache = class java.util.HashMap@57594d3
      debug = null
      parent = class com.ibm.ws.classloading.internal.GatewayClassLoader@3666e122
      parallelLockMap = null
      package2certs = class java.util.Hashtable@4fa97461
      nocerts = class java.security.cert.Certificate[0]
      classes = class java.util.Vector@5a17c558
      defaultDomain = class java.security.ProtectionDomain@2326741a
      domains = class java.util.HashSet@a5cbfa1
      packages = class java.util.HashMap@e52c8f7
      scl = class sun.misc.Launcher$AppClassLoader@18b4aac2
      sclSet = true
      loadedLibraryNames = class java.util.Vector@6a8bf160
      systemNativeLibraries = class java.util.Vector@7a9dce8f
      nativeLibraries = class java.util.Vector@15d3d7ca
      nativeLibraryContext = class java.util.Stack@d5ea0f7
      usr_paths = class java.lang.String[22]
      sys_paths = class java.lang.String[1]
      assertionLock = class com.ibm.ws.classloading.internal.ThreadContextClassLoader@423491a8
      defaultAssertionStatus = false
      packageAssertionStatus = null
      classAssertionStatus = null
    facade = class com.ibm.ws.webcontainer40.facade.ServletContextFacade40@1e26e23a
      context = class com.ibm.ws.webcontainer40.osgi.webapp.WebApp40@6e1329d6
    features = class java.util.ArrayList@6fd46af4
      serialVersionUID = 8683452581122892189
      DEFAULT_CAPACITY = 10
      EMPTY_ELEMENTDATA = class java.lang.Object[0]
      DEFAULTCAPACITY_EMPTY_ELEMENTDATA = class java.lang.Object[0]
      elementData = class java.lang.Object[0]
      size = 0
      MAX_ARRAY_SIZE = 2147483639
      modCount = 0
      MAX_ARRAY_SIZE = 2147483639
    applicationName = "legacy_integration_rest_war"
    config = class com.ibm.ws.webcontainer.osgi.webapp.WebAppConfiguration@43501bc3
    securityEnabledForApp = null
    webExtensionProcessor = class com.ibm.ws.webcontainer.osgi.extension.WebExtensionProcessor@13b834de
      webApp = class com.ibm.ws.webcontainer40.osgi.webapp.WebApp40@6e1329d6
      extensionContext = class com.ibm.ws.webcontainer40.osgi.webapp.WebApp40@6e1329d6
    production = true
    isServlet23 = true
    contextPath = "/v1/legacyDashboard"
    internalServletList = class [Ljava.lang.String;[2]
      String[][0] = class java.lang.String[2]
      String[][1] = class java.lang.String[2]
    BY_NAME_ONLY = "/_1530537552497_/"
    filterManager = null
    documentRoot = null
    SERVLET_API_VERSION = "Servlet 2.5"
    disableServletAuditLogging = 0
    serverInfo = "IBM WebSphere Liberty/18.0.0.2"
    sessionCtx = class com.ibm.ws.webcontainer31.session.impl.HttpSessionContext31Impl@44459e70
      methodClassName = "HttpSessionContextImpl"
      _smc = class com.ibm.ws.session.SessionManagerConfig@6c5132de
      sessionStoreService = null
      _sap = class com.ibm.ws.session.SessionApplicationParameters@5f39c3ca
      _coreHttpSessionManager = class com.ibm.ws.session.SessionManager@74371afd
      _coreHttpAppSessionManager = null
      _sam = class com.ibm.ws.webcontainer.session.impl.SessionAffinityManagerImpl@594036b7
      isSIPApplication = false
      sessionAttributeListener = true
      sessionListener = true
      mHttpSessionAttributeListeners = class java.util.ArrayList@8d3d6ad
      mHttpSessionListeners = class java.util.ArrayList@19e573ee
      mHttpSessionIdListeners = class java.util.ArrayList@55c972dd
      mHttpSessionAttributeListenersJ2eeNames = class java.util.ArrayList@de4035d
      mHttpSessionListenersJ2eeNames = class java.util.ArrayList@1b94caf2
      mHttpSessionIdListenersJ2eeNames = class java.util.ArrayList@295ca06d
      mLocalHost = null
      _refCount = 1
      currentThreadSacHashtable = null
      methodClassName = "SessionContext"
      ANONYMOUS_USER = "anonymous"
      wasHttpSessionObserver = class com.ibm.ws.session.WasHttpSessionObserver@356cdba4
      wasHttpSessionAttributeObserver = null
      _invalidator = class com.ibm.ws.session.SessionInvalidatorWithThreadPool@371d6001
      _storer = class com.ibm.ws.session.EOSSessionStorer@1a4e7354
      wasHttpAppSessionObserver = null
      mHttpAppSessionListeners = null
      cmvcInfo = "CMVC Version 1.9 6/24/07 11:12:24"
      _loggedVersion = true
      CREATE_CORE_SESSION_MANAGER = 0
      GET_REQUESTED_SESSION_ID = 1
      GET_IHTTP_SESSION = 2
      SESSION_PRE_INVOKE = 3
      SESSION_POST_INVOKE = 4
      STOP = 5
      STOP_LISTENERS = 6
      IS_VALID = 7
      ENCODE_URL = 8
      SHOULD_ENCODE_URL = 9
      IS_PROTOCOL_SWITCH = 10
      GET_LOCAL_HOST = 11
      ADD_HTTP_SESSION_ATTRIBUTE_LISTENER = 12
      ADD_HTTP_SESSION_LISTENER = 13
      GET_SESSION_AFFINITY_CONTEXT = 14
      CHECK_SECURITY = 15
      INVALIDATE = 16
      CHECK_SESSSIONID_IS_RIGHT_LENGTH = 17
      LOCK_SESSION = 18
      UNLOCK_SESSION = 19
      ADD_HTTP_SESSION_ID_LISTENER = 20
      methodNames = class java.lang.String[21]
    eventSource = class com.ibm.ws.webcontainer.webapp.WebAppEventSource@88acfc6
      _invocationListeners = class com.ibm.ws.webcontainer.util.EventListeners@fb1ee8b
      _servletListeners = class com.ibm.ws.webcontainer.util.EventListeners@60f9849e
      _errorListeners = class com.ibm.ws.webcontainer.util.EventListeners@5aebbd4f
      _applicationListeners = class com.ibm.ws.webcontainer.util.EventListeners@52ea848b
      _filterInvocationListeners = class com.ibm.ws.webcontainer.util.EventListeners@52affdeb
      _filterListeners = class com.ibm.ws.webcontainer.util.EventListeners@7ede4e54
      _filterErrorListeners = class com.ibm.ws.webcontainer.util.EventListeners@79d88505
    nls = class com.ibm.ejs.ras.TraceNLS@5a4604cd
      resolver = class com.ibm.ws.logging.internal.TraceNLSResolver@3f15d61
      finder = class com.ibm.ws.logging.internal.StackFinder@ff0147d
      ivBundleName = "com.ibm.ws.webcontainer.resources.Messages"
      caller = class java.lang.Class@6901e0f0
    liberty_nls = class com.ibm.ejs.ras.TraceNLS@6b1a7c48
      resolver = class com.ibm.ws.logging.internal.TraceNLSResolver@3f15d61
      finder = class com.ibm.ws.logging.internal.StackFinder@ff0147d
      ivBundleName = "com.ibm.ws.webcontainer.resources.LShimMessages"
      caller = class java.lang.Class@6901e0f0
    error_nls = class com.ibm.ejs.ras.TraceNLS@344d945
      resolver = class com.ibm.ws.logging.internal.TraceNLSResolver@3f15d61
      finder = class com.ibm.ws.logging.internal.StackFinder@ff0147d
      ivBundleName = "com.ibm.ws.webcontainer.resources.ErrorPage"
      caller = class java.lang.Class@6901e0f0
    sessionListeners = class java.util.ArrayList@5d6ec214
      serialVersionUID = 8683452581122892189
      DEFAULT_CAPACITY = 10
      EMPTY_ELEMENTDATA = class java.lang.Object[0]
      DEFAULTCAPACITY_EMPTY_ELEMENTDATA = class java.lang.Object[0]
      elementData = class java.lang.Object[10]
      size = 3
      MAX_ARRAY_SIZE = 2147483639
      modCount = 8
      MAX_ARRAY_SIZE = 2147483639
    sessionIdListeners = class java.util.ArrayList@3764c518
      serialVersionUID = 8683452581122892189
      DEFAULT_CAPACITY = 10
      EMPTY_ELEMENTDATA = class java.lang.Object[0]
      DEFAULTCAPACITY_EMPTY_ELEMENTDATA = class java.lang.Object[0]
      elementData = class java.lang.Object[0]
      size = 0
      MAX_ARRAY_SIZE = 2147483639
      modCount = 0
      MAX_ARRAY_SIZE = 2147483639
    sessionAttrListeners = class java.util.ArrayList@f240780
      serialVersionUID = 8683452581122892189
      DEFAULT_CAPACITY = 10
      EMPTY_ELEMENTDATA = class java.lang.Object[0]
      DEFAULTCAPACITY_EMPTY_ELEMENTDATA = class java.lang.Object[0]
      elementData = class java.lang.Object[10]
      size = 1
      MAX_ARRAY_SIZE = 2147483639
      modCount = 4
      MAX_ARRAY_SIZE = 2147483639
    addedSessionListeners = class java.util.ArrayList@2a0f69d0
      serialVersionUID = 8683452581122892189
      DEFAULT_CAPACITY = 10
      EMPTY_ELEMENTDATA = class java.lang.Object[0]
      DEFAULTCAPACITY_EMPTY_ELEMENTDATA = class java.lang.Object[0]
      elementData = class java.lang.Object[0]
      size = 0
      MAX_ARRAY_SIZE = 2147483639
      modCount = 0
      MAX_ARRAY_SIZE = 2147483639
    addedSessionAttrListeners = class java.util.ArrayList@15a70e7
      serialVersionUID = 8683452581122892189
      DEFAULT_CAPACITY = 10
      EMPTY_ELEMENTDATA = class java.lang.Object[0]
      DEFAULTCAPACITY_EMPTY_ELEMENTDATA = class java.lang.Object[0]
      elementData = class java.lang.Object[0]
      size = 0
      MAX_ARRAY_SIZE = 2147483639
      modCount = 0
      MAX_ARRAY_SIZE = 2147483639
    servletContextListeners = class java.util.ArrayList@100739d1
      serialVersionUID = 8683452581122892189
      DEFAULT_CAPACITY = 10
      EMPTY_ELEMENTDATA = class java.lang.Object[0]
      DEFAULTCAPACITY_EMPTY_ELEMENTDATA = class java.lang.Object[0]
      elementData = class java.lang.Object[10]
      size = 4
      MAX_ARRAY_SIZE = 2147483639
      modCount = 13
      MAX_ARRAY_SIZE = 2147483639
    servletContextLAttrListeners = class java.util.ArrayList@3fb02456
      serialVersionUID = 8683452581122892189
      DEFAULT_CAPACITY = 10
      EMPTY_ELEMENTDATA = class java.lang.Object[0]
      DEFAULTCAPACITY_EMPTY_ELEMENTDATA = class java.lang.Object[0]
      elementData = class java.lang.Object[10]
      size = 1
      MAX_ARRAY_SIZE = 2147483639
      modCount = 4
      MAX_ARRAY_SIZE = 2147483639
    servletRequestListeners = class java.util.ArrayList@6ea09b99
      serialVersionUID = 8683452581122892189
      DEFAULT_CAPACITY = 10
      EMPTY_ELEMENTDATA = class java.lang.Object[0]
      DEFAULTCAPACITY_EMPTY_ELEMENTDATA = class java.lang.Object[0]
      elementData = class java.lang.Object[10]
      size = 3
      MAX_ARRAY_SIZE = 2147483639
      modCount = 8
      MAX_ARRAY_SIZE = 2147483639
    servletRequestLAttrListeners = class java.util.ArrayList@7503d528
      serialVersionUID = 8683452581122892189
      DEFAULT_CAPACITY = 10
      EMPTY_ELEMENTDATA = class java.lang.Object[0]
      DEFAULTCAPACITY_EMPTY_ELEMENTDATA = class java.lang.Object[0]
      elementData = class java.lang.Object[10]
      size = 1
      MAX_ARRAY_SIZE = 2147483639
      modCount = 4
      MAX_ARRAY_SIZE = 2147483639
    prependSlashToResource = false
    destroyed = true
    webAppNameSpaceCollab = class com.ibm.ws.webcontainer.osgi.collaborator.WebAppNameSpaceCollaboratorImpl@2a9b8160
      cmdai = class com.ibm.ws.threadContext.ComponentMetaDataAccessorImpl@2f7d2b00
    txCollab = class com.ibm.ws.transaction.services.WebAppTransactionCollaboratorImpl@154f6c17
      tc = class com.ibm.websphere.ras.TraceComponent@3c8d1af4
      ltCurrentRef = class com.ibm.wsspi.kernel.service.utils.AtomicServiceReference@528d56e7
      tranMgrRef = class com.ibm.wsspi.kernel.service.utils.AtomicServiceReference@6172ce4f
      userTranRef = class com.ibm.wsspi.kernel.service.utils.AtomicServiceReference@7d2bb93e
      uowCallbackRef = class com.ibm.wsspi.kernel.service.utils.AtomicServiceReference@4d909aa
      serialVersionUID = -8319003162899973281
    sessionActivationListeners = class java.util.ArrayList@2be3687c
      serialVersionUID = 8683452581122892189
      DEFAULT_CAPACITY = 10
      EMPTY_ELEMENTDATA = class java.lang.Object[0]
      DEFAULTCAPACITY_EMPTY_ELEMENTDATA = class java.lang.Object[0]
      elementData = class java.lang.Object[0]
      size = 0
      MAX_ARRAY_SIZE = 2147483639
      modCount = 2
      MAX_ARRAY_SIZE = 2147483639
    sessionBindingListeners = class java.util.ArrayList@417542ca
      serialVersionUID = 8683452581122892189
      DEFAULT_CAPACITY = 10
      EMPTY_ELEMENTDATA = class java.lang.Object[0]
      DEFAULTCAPACITY_EMPTY_ELEMENTDATA = class java.lang.Object[0]
      elementData = class java.lang.Object[0]
      size = 0
      MAX_ARRAY_SIZE = 2147483639
      modCount = 2
      MAX_ARRAY_SIZE = 2147483639
    scratchdir = null
    jspClassLoaderLimit = 0
    jspClassLoaderExclusionList = null
    jspClassLoadersMap = null
    jspClassLoaderLimitTrackIF = false
    defaultExtProc = null
    directoryBrowsingServlet = null
    cdiContexts = class java.util.concurrent.ConcurrentHashMap@5016905
      serialVersionUID = 7249069246763182397
      MAXIMUM_CAPACITY = 1073741824
      DEFAULT_CAPACITY = 16
      MAX_ARRAY_SIZE = 2147483639
      DEFAULT_CONCURRENCY_LEVEL = 16
      LOAD_FACTOR = 0.75
      TREEIFY_THRESHOLD = 8
      UNTREEIFY_THRESHOLD = 6
      MIN_TREEIFY_CAPACITY = 64
      MIN_TRANSFER_STRIDE = 16
      RESIZE_STAMP_BITS = 16
      MAX_RESIZERS = 65535
      RESIZE_STAMP_SHIFT = 16
      MOVED = -1
      TREEBIN = -2
      RESERVED = -3
      HASH_BITS = 2147483647
      NCPU = 8
      serialPersistentFields = class java.io.ObjectStreamField[3]
      table = null
      nextTable = null
      baseCount = 0
      sizeCtl = 0
      transferIndex = 0
      cellsBusy = 0
      counterCells = null
      keySet = null
      values = null
      entrySet = null
      U = class sun.misc.Unsafe@44c559a4
      SIZECTL = 20
      TRANSFERINDEX = 32
      BASECOUNT = 24
      CELLSBUSY = 36
      CELLVALUE = 144
      ABASE = 16
      ASHIFT = 2
      keySet = null
      values = null
    moduleConfig = class com.ibm.ws.webcontainer.osgi.container.DeployedModule@6b408266
      tc = class com.ibm.websphere.ras.TraceComponent@a28521f
      loader = class com.ibm.ws.classloading.internal.ThreadContextClassLoader@423491a8
      webApp = class com.ibm.ws.webcontainer40.osgi.webapp.WebApp40@6e1329d6
      webAppConfig = class com.ibm.ws.webcontainer.osgi.webapp.WebAppConfiguration@43501bc3
      contextRootAdded = null
      properContextRoot = "/v1/legacyDashboard"
      mappingContextRoot = "/v1/legacyDashboard/*"
      serialVersionUID = -2104814060051592457
      $$$tc$$$ = class com.ibm.websphere.ras.TraceComponent@5573c32
    extensionFactories = class java.util.ArrayList@5bd0b7fa
      serialVersionUID = 8683452581122892189
      DEFAULT_CAPACITY = 10
      EMPTY_ELEMENTDATA = class java.lang.Object[0]
      DEFAULTCAPACITY_EMPTY_ELEMENTDATA = class java.lang.Object[0]
      elementData = class java.lang.Object[10]
      size = 6
      MAX_ARRAY_SIZE = 2147483639
      modCount = 12
      MAX_ARRAY_SIZE = 2147483639
    initialized = false
    lock = class com.ibm.ws.webcontainer.webapp.WebApp$1@30d8dd58
      this$0 = class com.ibm.ws.webcontainer40.osgi.webapp.WebApp40@6e1329d6
    afterServletContextCreated = false
    redirectContextRoot = false
    errorExceptionTypeFirst = false
    initFilterBeforeServletInit = false
    sortedServletConfigs = class java.util.ArrayList@3e1fc307
      serialVersionUID = 8683452581122892189
      DEFAULT_CAPACITY = 10
      EMPTY_ELEMENTDATA = class java.lang.Object[0]
      DEFAULTCAPACITY_EMPTY_ELEMENTDATA = class java.lang.Object[0]
      elementData = class java.lang.Object[10]
      size = 1
      MAX_ARRAY_SIZE = 2147483639
      modCount = 1
      MAX_ARRAY_SIZE = 2147483639
    effectiveMajorVersion = 3
    effectiveMinorVersion = 0
    canAddServletContextListener = true
    withinContextInitOfProgAddListener = false
    lastProgAddListenerInitialized = null
    webInfLibClassloader = null
    metaInfCache = class com.ibm.ws.webcontainer.webapp.WebApp$2@51a32510
      this$0 = class com.ibm.ws.webcontainer40.osgi.webapp.WebApp40@6e1329d6
      serialVersionUID = 3801124242820219131
      head = null
      tail = null
      accessOrder = true
      serialVersionUID = 362498820763181265
      DEFAULT_INITIAL_CAPACITY = 16
      MAXIMUM_CAPACITY = 1073741824
      DEFAULT_LOAD_FACTOR = 0.75
      TREEIFY_THRESHOLD = 8
      UNTREEIFY_THRESHOLD = 6
      MIN_TREEIFY_CAPACITY = 64
      table = null
      entrySet = null
      size = 0
      modCount = 0
      threshold = 32
      loadFactor = 1.0
      keySet = null
      values = null
    useMetaInfCache = true
    SUN_CONFIGURE_LISTENER_CLASSNAME = "com.sun.faces.config.ConfigureListener"
    MYFACES_LIFECYCLE_LISTENER_CLASSNAME = "org.apache.myfaces.webapp.StartupServletContextListener"
    JSF_IMPL_ENABLED_PARAM = "com.ibm.ws.jsf.JSF_IMPL_ENABLED"
    JSF_IMPL_ENABLED_CUSTOM = "Custom"
    JSF_IMPL_ENABLED_NONE = "None"
    staticDocRoot = class com.ibm.ws.webcontainer.util.DocumentRootUtils@6371101b
      logger = class com.ibm.ws.logging.internal.WsLogger@3ea10693
      CLASS_NAME = "com.ibm.ws.webcontainer.util.DocumentRootUtils"
      useContentLength = false
      matchedFile = null
      matchedZipFile = null
      matchedEntry = null
      matchedURL = null
      edrRoot = null
      pfedrRoot = null
      ctxt = class com.ibm.ws.webcontainer40.osgi.webapp.WebApp40@6e1329d6
      baseDir = null
      edr = null
      pfedr = null
      metaInfRes = null
      searchpfEDR = false
      searchEDR = false
      searchMetaInfRes = true
      matchFromEDR = false
      matchFromMetaInfRes = false
      matchIsADirectory = false
      appConfig = class com.ibm.ws.webcontainer.osgi.webapp.WebAppConfiguration@43501bc3
      attributeType = "staticFile"
      STATIC_FILE = "staticFile"
      JSP = "jsp"
      PFEDR = "preFragmentExtendedDocumentRoot"
      EDR = "extendedDocumentRoot"
    jspDocRoot = class com.ibm.ws.webcontainer.util.DocumentRootUtils@61b8555e
      logger = class com.ibm.ws.logging.internal.WsLogger@3ea10693
      CLASS_NAME = "com.ibm.ws.webcontainer.util.DocumentRootUtils"
      useContentLength = false
      matchedFile = null
      matchedZipFile = null
      matchedEntry = null
      matchedURL = null
      edrRoot = null
      pfedrRoot = null
      ctxt = class com.ibm.ws.webcontainer40.osgi.webapp.WebApp40@6e1329d6
      baseDir = null
      edr = null
      pfedr = null
      metaInfRes = null
      searchpfEDR = false
      searchEDR = false
      searchMetaInfRes = true
      matchFromEDR = false
      matchFromMetaInfRes = false
      matchIsADirectory = false
      appConfig = class com.ibm.ws.webcontainer.osgi.webapp.WebAppConfiguration@43501bc3
      attributeType = "jsp"
      STATIC_FILE = "staticFile"
      JSP = "jsp"
      PFEDR = "preFragmentExtendedDocumentRoot"
      EDR = "extendedDocumentRoot"
    container = class com.ibm.ws.adaptable.module.internal.AdaptableContainerImpl@7c7d669e
      root = class com.ibm.ws.adaptable.module.internal.AdaptableContainerImpl@7c7d669e
      rootOverlay = class com.ibm.ws.artifact.overlay.internal.DirectoryBasedOverlayContainerImpl@5eadd8df
      factoryHolder = class com.ibm.ws.adaptable.module.internal.AdaptableModuleFactoryImpl@47fc50e6
      delegate = class com.ibm.ws.artifact.overlay.internal.DirectoryBasedOverlayContainerImpl@5eadd8df
      notifier = class com.ibm.ws.adaptable.module.internal.NotifierImpl@2a680674
      serialVersionUID = -5621513278641113667
      $$$tc$$$ = class com.ibm.websphere.ras.TraceComponent@3910980f
    metaInfResourceFinder = class com.ibm.ws.webcontainer.util.MetaInfResourceFinder@a7976d4
      jarResourceContainers = class java.util.ArrayList@3e3f9918
      container = class com.ibm.ws.adaptable.module.internal.AdaptableContainerImpl@7c7d669e
    postConstructMethods = class com.ibm.ws.webcontainer.webapp.WebApp$AnnotatedMethods@f9237b9
      annotationClass = class java.lang.Class@5bd95f76
      noOpClassNames = class java.util.HashSet@3cf94b74
      annotatedMethodNames = class java.util.concurrent.ConcurrentHashMap@26a1268c
      EMPTY_METHODS = class java.lang.reflect.Method[0]
    preDestroyMethods = class com.ibm.ws.webcontainer.webapp.WebApp$AnnotatedMethods@79d6090e
      annotationClass = class java.lang.Class@4acf6892
      noOpClassNames = class java.util.HashSet@3c5b5db8
      annotatedMethodNames = class java.util.concurrent.ConcurrentHashMap@4b2cfcca
      EMPTY_METHODS = class java.lang.reflect.Method[0]
    OBJ_EMPTY = class java.lang.Object[0]
    CLASS_EMPTY = class java.lang.Class[0]
    DEFAULT_JSP_EXTENSIONS = class java.util.ArrayList@3911eac8
      serialVersionUID = 8683452581122892189
      DEFAULT_CAPACITY = 10
      EMPTY_ELEMENTDATA = class java.lang.Object[0]
      DEFAULTCAPACITY_EMPTY_ELEMENTDATA = class java.lang.Object[0]
      elementData = class java.lang.Object[10]
      size = 4
      MAX_ARRAY_SIZE = 2147483639
      modCount = 4
      MAX_ARRAY_SIZE = 2147483639
    DEFER_SERVLET_REQUEST_LISTENER_DESTROY_ON_ERROR = false
    DO_ACCEPT_PARTIAL = true
    DO_NOT_ACCEPT_PARTIAL = false
    DO_ACCEPT_EXCLUDED = true
    DO_NOT_ACCEPT_EXCLUDED = false
    commands = class java.util.ArrayList@1785402a
      serialVersionUID = 8683452581122892189
      DEFAULT_CAPACITY = 10
      EMPTY_ELEMENTDATA = class java.lang.Object[0]
      DEFAULTCAPACITY_EMPTY_ELEMENTDATA = class java.lang.Object[0]
      elementData = class java.lang.Object[3]
      size = 0
      MAX_ARRAY_SIZE = 2147483639
      modCount = 0
      MAX_ARRAY_SIZE = 2147483639
    requestMapper = class com.ibm.wsspi.webcontainer.util.URIMapper@34b4f521
      matcher = class com.ibm.wsspi.webcontainer40.util.URIMatcher40@2182420a
    parent = class com.ibm.ws.webcontainer.osgi.webapp.WebGroup@753aeab5
      tc = class com.ibm.websphere.ras.TraceComponent@1b88588c
      logger = class com.ibm.ws.logging.internal.WsLogger@66b315d7
      CLASS_NAME = "com.ibm.ws.webcontainer.webapp.WebGroup"
      sessUrlRewritePrefix = ";jsessionid="
      qMark = "?"
      config = class com.ibm.ws.webcontainer.osgi.webapp.WebGroupConfiguration@163d83bc
      webApp = class com.ibm.ws.webcontainer40.osgi.webapp.WebApp40@6e1329d6
      commands = class java.util.ArrayList@5b7c0523
      requestMapper = null
      parent = class com.ibm.ws.webcontainer.osgi.DynamicVirtualHost@13926175
      name = "/v1/legacyDashboard/*"
      isAlive = true
      subElements = class java.util.HashMap@54e11963
      attributes = null
      config = null
      serialVersionUID = -8271459000149267764
      $$$tc$$$ = class com.ibm.websphere.ras.TraceComponent@441ca43f
    name = "legacy-integration-rest-0.0.1-SNAPSHOT"
    isAlive = true
    subElements = null
    attributes = class java.util.concurrent.ConcurrentHashMap@6f630d33
      serialVersionUID = 7249069246763182397
      MAXIMUM_CAPACITY = 1073741824
      DEFAULT_CAPACITY = 16
      MAX_ARRAY_SIZE = 2147483639
      DEFAULT_CONCURRENCY_LEVEL = 16
      LOAD_FACTOR = 0.75
      TREEIFY_THRESHOLD = 8
      UNTREEIFY_THRESHOLD = 6
      MIN_TREEIFY_CAPACITY = 64
      MIN_TRANSFER_STRIDE = 16
      RESIZE_STAMP_BITS = 16
      MAX_RESIZERS = 65535
      RESIZE_STAMP_SHIFT = 16
      MOVED = -1
      TREEBIN = -2
      RESERVED = -3
      HASH_BITS = 2147483647
      NCPU = 8
      serialPersistentFields = class java.io.ObjectStreamField[3]
      table = class java.util.concurrent.ConcurrentHashMap$Node[32]
      nextTable = null
      baseCount = 22
      sizeCtl = 24
      transferIndex = 0
      cellsBusy = 0
      counterCells = null
      keySet = null
      values = null
      entrySet = class java.util.concurrent.ConcurrentHashMap$EntrySetView@2976a671
      U = class sun.misc.Unsafe@44c559a4
      SIZECTL = 20
      TRANSFERINDEX = 32
      BASECOUNT = 24
      CELLSBUSY = 36
      CELLVALUE = 144
      ABASE = 16
      ASHIFT = 2
      keySet = null
      values = null
    config = null
    serialVersionUID = -8271459000149267764
    $$$tc$$$ = class com.ibm.websphere.ras.TraceComponent@441ca43f
      strings[0] = "TraceComponent[com.ibm.ws.container.AbstractContainer,class com.ibm.ws.container.AbstractContainer,[],null,null]"

