------Start of DE processing------ = [7/2/18 10:53:45:280 CAT]
Exception = com.ibm.ws.webcontainer.exception.WebAppNotLoadedException
Source = com.ibm.ws.webcontainer.osgi.WebContainer
probeid = startModule
Stack Dump = com.ibm.ws.webcontainer.exception.WebAppNotLoadedException: Failed to load webapp: Context root /v1/legacyDashboard/* is already bound. Cannot start application legacy-integration-0.0.1-SNAPSHOT
	at com.ibm.ws.webcontainer.osgi.DynamicVirtualHost.addWebApplication(DynamicVirtualHost.java:128)
	at com.ibm.ws.webcontainer.WebContainer.addWebApp(WebContainer.java:542)
	at com.ibm.ws.webcontainer.WebContainer.addWebApplication(WebContainer.java:497)
	at com.ibm.ws.webcontainer.osgi.WebContainer.startModule(WebContainer.java:931)
	at com.ibm.ws.app.manager.module.internal.ModuleHandlerBase.deployModule(ModuleHandlerBase.java:99)
	at com.ibm.ws.app.manager.module.internal.DeployedModuleInfoImpl.installModule(DeployedModuleInfoImpl.java:49)
	at com.ibm.ws.app.manager.module.internal.DeployedAppInfoBase.deployModules(DeployedAppInfoBase.java:429)
	at com.ibm.ws.app.manager.module.internal.DeployedAppInfoBase.deployApp(DeployedAppInfoBase.java:415)
	at com.ibm.ws.app.manager.war.internal.WARApplicationHandlerImpl.install(WARApplicationHandlerImpl.java:65)
	at com.ibm.ws.app.manager.internal.statemachine.StartAction.execute(StartAction.java:140)
	at com.ibm.ws.app.manager.internal.statemachine.ApplicationStateMachineImpl.enterState(ApplicationStateMachineImpl.java:1258)
	at com.ibm.ws.app.manager.internal.statemachine.ApplicationStateMachineImpl.run(ApplicationStateMachineImpl.java:873)
	at java.util.concurrent.ThreadPoolExecutor.runWorker(ThreadPoolExecutor.java:1149)
	at java.util.concurrent.ThreadPoolExecutor$Worker.run(ThreadPoolExecutor.java:624)
	at java.lang.Thread.run(Thread.java:748)

Dump of callerThis
Object type = [Ljava.lang.Object;
  Object[0] = class com.ibm.ws.app.manager.module.internal.WebModuleInfoImpl@4ae224ff
    contextRoot = "/v1/legacyDashboard"
    isDefaultContextRootUsed = false
    serialVersionUID = -1540279394520440503
    $$$tc$$$ = class com.ibm.websphere.ras.TraceComponent@7e6beeec
      strings[0] = "TraceComponent[com.ibm.ws.app.manager.module.internal.WebModuleInfoImpl,class com.ibm.ws.app.manager.module.internal.WebModuleInfoImpl,[applications, app.manager],,null]"
    tc = class com.ibm.websphere.ras.TraceComponent@2db05650
      strings[0] = "TraceComponent[com.ibm.ws.app.manager.module.internal.ExtendedModuleInfoImpl,class com.ibm.ws.app.manager.module.internal.ExtendedModuleInfoImpl,[app.manager],com.ibm.ws.app.manager.module.internal.resources.Messages,null]"
    appInfo = class com.ibm.ws.container.service.app.deploy.internal.ApplicationInfoImpl@4d469339
      appName = "legacy-integration-0.0.1-SNAPSHOT"
      appMetaData = class com.ibm.ws.container.service.app.deploy.internal.ApplicationMetaDataImpl@8e25ac3
      appContainer = class com.ibm.ws.adaptable.module.internal.AdaptableContainerImpl@638e0816
      configHelper = class com.ibm.ws.app.manager.module.ApplicationNestedConfigHelper@7462a6cc
      applicationInformation = class com.ibm.ws.app.manager.internal.ApplicationInstallInfo@625db54c
      serialVersionUID = -505303337196743781
      $$$tc$$$ = class com.ibm.websphere.ras.TraceComponent@3ec6ad5
    moduleName = "legacy-integration-0.0.1-SNAPSHOT"
    path = "legacy-integration-0.0.1-SNAPSHOT"
    moduleContainer = class com.ibm.ws.adaptable.module.internal.AdaptableContainerImpl@638e0816
      root = class com.ibm.ws.adaptable.module.internal.AdaptableContainerImpl@638e0816
      rootOverlay = class com.ibm.ws.artifact.overlay.internal.DirectoryBasedOverlayContainerImpl@204a7b72
      factoryHolder = class com.ibm.ws.adaptable.module.internal.AdaptableModuleFactoryImpl@66afb6bd
      delegate = class com.ibm.ws.artifact.overlay.internal.DirectoryBasedOverlayContainerImpl@204a7b72
      notifier = class com.ibm.ws.adaptable.module.internal.NotifierImpl@2e8d7eba
      serialVersionUID = -5621513278641113667
      $$$tc$$$ = class com.ibm.websphere.ras.TraceComponent@426558ce
    altDDEntry = null
    moduleClassesContainers = class java.util.ArrayList@3746c6f2
      serialVersionUID = 8683452581122892189
      DEFAULT_CAPACITY = 10
      EMPTY_ELEMENTDATA = class java.lang.Object[0]
      DEFAULTCAPACITY_EMPTY_ELEMENTDATA = class java.lang.Object[0]
      elementData = class java.lang.Object[73]
      size = 63
      MAX_ARRAY_SIZE = 2147483639
      modCount = 64
      MAX_ARRAY_SIZE = 2147483639
    classLoaderFactory = class com.ibm.ws.app.manager.war.internal.WARDeployedAppInfo@d3ec3be
      CONTEXT_ROOT = "context-root"
      webModuleHandler = class com.ibm.ws.app.manager.web.internal.WebModuleHandlerImpl@7bc17a1b
      webContainerModuleInfo = class com.ibm.ws.app.manager.module.internal.SimpleDeployedAppInfoBase$WebModuleContainerInfo@77921ef4
      DYNAMIC_IMPORT_PACKAGE_LIST = class java.util.Collections$UnmodifiableRandomAccessList@62119f43
      serialVersionUID = -6153587016903242961
      $$$tc$$$ = class com.ibm.websphere.ras.TraceComponent@18b4eed6
      _tc = class com.ibm.websphere.ras.TraceComponent@26fa5e21
      PERMISSION_XML = "permissions.xml"
      applicationInformation = class com.ibm.ws.app.manager.internal.ApplicationInstallInfo@625db54c
      location = "C:\Users\tkalam\Documents\projects\legacy-integration\legacy-integration\target\legacy-integration-0.0.1-SNAPSHOT"
      classLoadingService = class com.ibm.ws.classloading.internal.ClassLoadingServiceImpl@26547720
      globalSharedLibrary = class com.ibm.ws.library.internal.SharedLibraryImpl@12bc1abe
      sharedLibDeploymentInfo = class com.ibm.ws.app.manager.module.internal.DeployedAppInfoBase$SharedLibDeploymentInfo@7cb9742d
      futureMonitor = class com.ibm.ws.threading.internal.FutureMonitorImpl@33e944a2
      configAdmin = class com.ibm.ws.config.admin.internal.ConfigurationAdminImpl@86bf235
      libraryConfigHelper = class com.ibm.ws.classloading.ClassLoaderConfigHelper@793c1a1
      isDelegateLast = false
      permissionManager = class com.ibm.ws.security.java2sec.PermissionManager@75085207
      permissionsConfig = null
      serialVersionUID = -6908382869835671687
      appInfo = class com.ibm.ws.container.service.app.deploy.internal.ApplicationInfoImpl@4d469339
      modulesDeployed = class java.util.ArrayList@150af0bc
      starting = true
      started = false
      appInfoFactory = class com.ibm.ws.container.service.app.deploy.internal.ApplicationInfoFactoryImpl@c8db575
      metaDataService = class com.ibm.ws.container.service.metadata.internal.MetaDataServiceImpl@1089d638
      stateChangeService = class com.ibm.ws.container.service.state.internal.StateChangeServiceImpl@3b225689
      moduleClassesInfo = class com.ibm.ws.app.manager.module.internal.SimpleDeployedAppInfoBase$ModuleClassesInfoProvider@43b9429a
      moduleContainerInfos = class java.util.ArrayList@1f4c541
      activeModuleHandlers = class java.util.IdentityHashMap@6033fe17
      serialVersionUID = 7078125893012250887
      $$$tc$$$ = class com.ibm.websphere.ras.TraceComponent@73cc9530
    containerInfoType = class com.ibm.ws.container.service.app.deploy.ContainerInfo$Type@30152b93
      MANIFEST_CLASSPATH = class com.ibm.ws.container.service.app.deploy.ContainerInfo$Type@40a85caf
      WEB_INF_CLASSES = class com.ibm.ws.container.service.app.deploy.ContainerInfo$Type@67d14736
      WEB_INF_LIB = class com.ibm.ws.container.service.app.deploy.ContainerInfo$Type@186dde9d
      EAR_LIB = class com.ibm.ws.container.service.app.deploy.ContainerInfo$Type@321fcf4c
      WEB_MODULE = class com.ibm.ws.container.service.app.deploy.ContainerInfo$Type@30152b93
      EJB_MODULE = class com.ibm.ws.container.service.app.deploy.ContainerInfo$Type@3050b084
      CLIENT_MODULE = class com.ibm.ws.container.service.app.deploy.ContainerInfo$Type@5dd5b94f
      RAR_MODULE = class com.ibm.ws.container.service.app.deploy.ContainerInfo$Type@2bba0d5e
      JAR_MODULE = class com.ibm.ws.container.service.app.deploy.ContainerInfo$Type@6793c2ca
      SHARED_LIB = class com.ibm.ws.container.service.app.deploy.ContainerInfo$Type@52728a2c
      $VALUES = class com.ibm.ws.container.service.app.deploy.ContainerInfo$Type[10]
      $$$tc$$$ = class com.ibm.websphere.ras.TraceComponent@14660b3f
      name = "WEB_MODULE"
      ordinal = 4
    classLoader = class com.ibm.ws.classloading.internal.AppClassLoader@2fe5fac5
      tc = class com.ibm.websphere.ras.TraceComponent@fbee2f4
      PARENT_FIRST_SEARCH_ORDER = class java.util.Collections$UnmodifiableRandomAccessList@4469e270
      CLASS_LOADING_TRACE_PREFIX = "com.ibm.ws.class.load."
      DEFAULT_PACKAGE = "default.package"
      perPackageClassLoadingTraceComponents = class java.util.concurrent.ConcurrentHashMap@378b9064
      config = class com.ibm.ws.classloading.internal.ClassLoaderConfigurationImpl@2c0ad276
      privateLibraries = null
      delegateLoaders = class com.ibm.ws.classloading.internal.util.CompositeIterable@693711e3
      nativeLibraryFiles = class java.util.ArrayList@624614d7
      transformers = class java.util.ArrayList@925b04b
      apiAccess = class com.ibm.ws.classloading.internal.GatewayClassLoader@77fe5249
      generator = class com.ibm.ws.classloading.internal.ClassGeneratorManager@73465a7b
      protectionDomains = class java.util.concurrent.ConcurrentHashMap@22afe5f9
      parent = class com.ibm.ws.classloading.internal.GatewayClassLoader@77fe5249
      serialVersionUID = 952643806680066297
      tc = class com.ibm.websphere.ras.TraceComponent@2ed9966a
      EMPTY_URL_ARRAY = class java.net.URL[0]
      smartClassPath = class com.ibm.ws.classloading.internal.ContainerClassLoader$SmartClassPathImpl@549efc67
      nativeLibraryContainers = class java.util.ArrayList@154ae10d
      redefiner = class com.ibm.ws.classloading.internal.util.ClassRedefiner@48974e70
      mapCreationQueue = class java.util.concurrent.Executors$FinalizableDelegatedExecutorService@5579a1a0
      serialVersionUID = 7249739282446266343
      serialVersionUID = -7411549862368381758
      $$$tc$$$ = class com.ibm.websphere.ras.TraceComponent@7b9813f3
      serialVersionUID = -4868702105808481416
      $$$tc$$$ = class com.ibm.websphere.ras.TraceComponent@5c9aa0a7
      serialVersionUID = 2596921220292114344
      $$$tc$$$ = class com.ibm.websphere.ras.TraceComponent@6860e483
      initialized = true
      pdcache = class java.util.HashMap@5e5d2601
      debug = null
      parent = class com.ibm.ws.classloading.internal.GatewayClassLoader@77fe5249
      parallelLockMap = null
      package2certs = class java.util.Hashtable@10a17d14
      nocerts = class java.security.cert.Certificate[0]
      classes = class java.util.Vector@1ab3c0db
      defaultDomain = class java.security.ProtectionDomain@5315f710
      domains = class java.util.HashSet@644fbe5d
      packages = class java.util.HashMap@7f1d261d
      scl = class sun.misc.Launcher$AppClassLoader@18b4aac2
      sclSet = true
      loadedLibraryNames = class java.util.Vector@408f7c5d
      systemNativeLibraries = class java.util.Vector@56b80d3b
      nativeLibraries = class java.util.Vector@7bac843d
      nativeLibraryContext = class java.util.Stack@6eca57c5
      usr_paths = class java.lang.String[22]
      sys_paths = class java.lang.String[1]
      assertionLock = class com.ibm.ws.classloading.internal.AppClassLoader@2fe5fac5
      defaultAssertionStatus = false
      packageAssertionStatus = null
      classAssertionStatus = null
    moduleMetaData = class com.ibm.ws.webcontainer.osgi.metadata.WebModuleMetaDataImpl@1e94d1c
      applicationMetaData = class com.ibm.ws.container.service.app.deploy.internal.ApplicationMetaDataImpl@8e25ac3
      j2eeName = class com.ibm.ws.container.service.metadata.internal.J2EENameImpl@1770ba8e
      wccmd = class com.ibm.ws.webcontainer.osgi.metadata.WebCollaboratorComponentMetaDataImpl@7a69e566
      securityMetaData = class com.ibm.ws.webcontainer.security.metadata.SecurityServletConfiguratorHelper@29359782
      annotatedSecurityMetaData = null
      webAppConfig = class com.ibm.ws.webcontainer.osgi.webapp.WebAppConfiguration@331be425
      _isServlet23OrHigher = false
      jspComponentMetaData = class com.ibm.ws.jsp.runtime.metadata.JspComponentMetaData@212d8c02
      sessionCookieNameInUse = null
      mBeanServiceReg = null
      tc = class com.ibm.websphere.ras.TraceComponent@72c6a558
      NUM_STATIC_SLOTS = 4
      ID_UNINITIALIZED = -1
      id = 6
      metaDataInterface = class java.lang.Class@6512b345
      staticSlots = class java.lang.Object[4]
      dynamicSlots = class java.lang.Object[4]
    nestedModuleMetaDataTypes = null
    nestedModuleMetaDataValues = null
    serialVersionUID = 3986734351620206554
  Object[1] = class com.ibm.ws.webcontainer.osgi.WebContainer@4b3e034a
    tc = class com.ibm.websphere.ras.TraceComponent@3c4956f9
      strings[0] = "TraceComponent[com.ibm.ws.webcontainer.osgi.WebContainer,class com.ibm.ws.webcontainer.osgi.WebContainer,[webcontainer],com.ibm.ws.webcontainer.resources.LShimMessages,null]"
    CLASS_NAME = "com.ibm.ws.webcontainer.osgi.WebContainer"
    initialized = true
    eventService = class com.ibm.ws.event.internal.EventEngineImpl@1a106acd
      tc = class com.ibm.websphere.ras.TraceComponent@1c27bb2e
      OSGI_EVENT_HANDLER_REFERENCE_NAME = "OsgiEventHandler"
      WS_EVENT_HANDLER_REFERENCE_NAME = "WsEventHandler"
      CFG_KEY_REENTRANT_HANDLER_DEFAULT = "reentrant.handler.default"
      CFG_KEY_STAGE_PREFIX = "stage.topics."
      topicCache = class com.ibm.ws.event.internal.TopicBasedCache@27fc3266
      componentContext = class org.apache.felix.scr.impl.manager.ComponentContextImpl@2829173f
      bundleContext = class org.eclipse.osgi.internal.framework.BundleContextImpl@5e279cc6
      logService = class com.ibm.ws.logging.internal.osgi.TrLogServiceImpl@7cba4ef5
      frameworkEventAdapter = class com.ibm.ws.event.internal.adapter.FrameworkEventAdapter@b6ee435
      bundleEventAdapter = class com.ibm.ws.event.internal.adapter.BundleEventAdapter@4dc7883c
      serviceEventAdapter = class com.ibm.ws.event.internal.adapter.ServiceEventAdapter@2db7ee54
      executorServiceFactory = class com.ibm.ws.event.internal.WorkStageExecutorServiceFactory@354c0f1
      defaultReentrancy = true
      skipSchedule = false
      serialVersionUID = -3714378010555321089
    futureMonitor = class com.ibm.ws.threading.internal.FutureMonitorImpl@33e944a2
      _monitor = class java.util.concurrent.ConcurrentLinkedQueue@7eb0c866
      _executor = class com.ibm.ws.threading.internal.ScheduledExecutorImpl@1e128037
      _threadRunning = class java.util.concurrent.atomic.AtomicBoolean@5f1654ae
      _thread = class com.ibm.ws.threading.internal.FutureMonitorImpl$1@1d167b4d
      serialVersionUID = 2765238413969174390
      $$$tc$$$ = class com.ibm.websphere.ras.TraceComponent@44a09c12
    classLoadingSRRef = class com.ibm.wsspi.kernel.service.utils.AtomicServiceReference@4aa7ccf3
      referenceName = "classLoadingService"
      tuple = class java.util.concurrent.atomic.AtomicReference@58048a2f
      serialVersionUID = 2226592364007985000
      $$$tc$$$ = class com.ibm.websphere.ras.TraceComponent@1e93890
    sessionHelperSRRef = class com.ibm.wsspi.kernel.service.utils.AtomicServiceReference@738bfeb2
      referenceName = "sessionHelper"
      tuple = class java.util.concurrent.atomic.AtomicReference@9e7e1bc
      serialVersionUID = 2226592364007985000
      $$$tc$$$ = class com.ibm.websphere.ras.TraceComponent@1e93890
    cacheManagerSRRef = class com.ibm.wsspi.kernel.service.utils.AtomicServiceReference@6a54b40c
      referenceName = "cacheManager"
      tuple = class java.util.concurrent.atomic.AtomicReference@399dab44
      serialVersionUID = 2226592364007985000
      $$$tc$$$ = class com.ibm.websphere.ras.TraceComponent@1e93890
    injectionEngineSRRef = class com.ibm.wsspi.kernel.service.utils.AtomicServiceReference@13e131b0
      referenceName = "injectionEngine"
      tuple = class java.util.concurrent.atomic.AtomicReference@6f5ff318
      serialVersionUID = 2226592364007985000
      $$$tc$$$ = class com.ibm.websphere.ras.TraceComponent@1e93890
    managedObjectServiceSRRef = class com.ibm.wsspi.kernel.service.utils.AtomicServiceReference@67d5b76b
      referenceName = "managedObjectService"
      tuple = class java.util.concurrent.atomic.AtomicReference@7c140a37
      serialVersionUID = 2226592364007985000
      $$$tc$$$ = class com.ibm.websphere.ras.TraceComponent@1e93890
    backgroundWebAppStartFutures = class com.ibm.ws.webcontainer.util.OneTimeUseArrayList@4b87ab4d
      enabled = true
      runnables = class java.util.ArrayList@48b15e67
    REFERENCE_WEB_MBEAN_RUNTIME = "webMBeanRuntime"
    webMBeanRuntimeServiceRef = class com.ibm.wsspi.kernel.service.utils.AtomicServiceReference@43c82e5
      referenceName = "webMBeanRuntime"
      tuple = class java.util.concurrent.atomic.AtomicReference@5bd59ec1
      serialVersionUID = 2226592364007985000
      $$$tc$$$ = class com.ibm.websphere.ras.TraceComponent@1e93890
    servletContainerInitializers = class com.ibm.wsspi.kernel.service.utils.ConcurrentServiceReferenceSet@1eca5f63
      referenceName = "servletContainerInitializers"
      contextRef = class java.util.concurrent.atomic.AtomicReference@42b3f0e3
      elementMap = class java.util.LinkedHashMap@a710da3
      elementSet = class java.util.concurrent.ConcurrentSkipListSet@7ac3766f
      elementSetUnsorted = false
      serialVersionUID = 756240983881166148
      $$$tc$$$ = class com.ibm.websphere.ras.TraceComponent@daea217
    es = class com.ibm.ws.threading.internal.ExecutorServiceImpl@546ecd3e
      threadPool = class java.util.concurrent.ThreadPoolExecutor@6f8454cd
      threadPoolController = class com.ibm.ws.threading.internal.ThreadPoolController@2daceb7
      poolName = "Default Executor"
      componentConfig = class org.apache.felix.scr.impl.helper.ReadOnlyDictionary@2cb801b2
      interceptorsActive = false
      interceptors = class java.util.concurrent.CopyOnWriteArraySet@2230f9af
      threadFactory = null
      serialVersionUID = -5569391535960693817
      $$$tc$$$ = class com.ibm.websphere.ras.TraceComponent@2d76dc8e
    locationServiceRef = class java.util.concurrent.atomic.AtomicReference@22c5d93d
      serialVersionUID = -1848883965231344442
      unsafe = class sun.misc.Unsafe@108a284b
      valueOffset = 12
      value = class com.ibm.ws.kernel.service.location.internal.WsLocationAdminImpl@722572b4
    transferContextServiceRef = class com.ibm.wsspi.kernel.service.utils.ConcurrentServiceReferenceSet@420e5c2a
      referenceName = "transferService"
      contextRef = class java.util.concurrent.atomic.AtomicReference@65b5b7e9
      elementMap = class java.util.LinkedHashMap@4b8778aa
      elementSet = class java.util.concurrent.ConcurrentSkipListSet@224a9f1e
      elementSetUnsorted = false
      serialVersionUID = 756240983881166148
      $$$tc$$$ = class com.ibm.websphere.ras.TraceComponent@daea217
    encodingServiceRef = class java.util.concurrent.atomic.AtomicReference@ef3324f
      serialVersionUID = -1848883965231344442
      unsafe = class sun.misc.Unsafe@108a284b
      valueOffset = 12
      value = class com.ibm.ws.http.internal.EncodingUtilsImpl@4a48e8c3
    instance = class java.util.concurrent.atomic.AtomicReference@2cd60992
      serialVersionUID = -1848883965231344442
      unsafe = class sun.misc.Unsafe@108a284b
      valueOffset = 12
      value = class com.ibm.ws.webcontainer.osgi.WebContainer@4b3e034a
    vhostManager = class com.ibm.ws.webcontainer.osgi.DynamicVirtualHostManager@20d63104
      tc = class com.ibm.websphere.ras.TraceComponent@4e2e8870
      hostMap = class java.util.concurrent.ConcurrentHashMap@3ba43732
      transportMap = class java.util.concurrent.ConcurrentHashMap@57fd0465
      locationService = class com.ibm.ws.kernel.service.location.internal.WsLocationAdminImpl@722572b4
      schedExecutor = class com.ibm.ws.threading.internal.ScheduledExecutorImpl@1e128037
      pluginCfgVhostUris = class java.util.HashMap@62f288db
      PLUGIN_CFG = "plugin-cfg.xml"
    metaDataService = class com.ibm.ws.container.service.metadata.internal.MetaDataServiceImpl@1089d638
      applicationMetaDataManager = class com.ibm.ws.container.service.metadata.internal.ApplicationMetaDataManager@c07a446
      moduleMetaDataManager = class com.ibm.ws.container.service.metadata.internal.ModuleMetaDataManager@51ee79cd
      componentMetaDataManager = class com.ibm.ws.container.service.metadata.internal.ComponentMetaDataManager@53f06a46
      methodMetaDataManager = class com.ibm.ws.container.service.metadata.internal.MethodMetaDataManager@32e10e59
      appModuleNameToModuleContainer = class java.util.concurrent.ConcurrentHashMap@3f5a9d7
      jeeNameToComponentMetaData = class java.util.concurrent.ConcurrentHashMap@21778875
      deferredMetaDataFactories = class com.ibm.wsspi.kernel.service.utils.ConcurrentServiceReferenceSet@71857447
      deferredMetaDataInitializers = class com.ibm.wsspi.kernel.service.utils.ConcurrentServiceReferenceMap@4bac2fe8
      serialVersionUID = -2494605732980966097
      $$$tc$$$ = class com.ibm.websphere.ras.TraceComponent@e9555f1
    j2eeNameFactory = class com.ibm.ws.container.service.metadata.internal.J2EENameFactoryImpl@77fef2c
      serialVersionUID = 3486344295038028821
      $$$tc$$$ = class com.ibm.websphere.ras.TraceComponent@2b01ea05
    context = class org.apache.felix.scr.impl.manager.ComponentContextImpl@1b79ecc8
      m_componentManager = class org.apache.felix.scr.impl.manager.SingleComponentManager@789094a9
      edgeInfos = class org.apache.felix.scr.impl.manager.EdgeInfo[27]
      m_componentInstance = class org.apache.felix.scr.impl.manager.ComponentContextImpl$ComponentInstanceImpl@894486a
      m_usingBundle = class org.eclipse.osgi.internal.framework.EquinoxBundle@167607e3
      m_serviceRegistration = class org.eclipse.osgi.internal.serviceregistry.ServiceRegistrationImpl@619003be
      m_implementationObject = class com.ibm.ws.webcontainer.osgi.WebContainer@4b3e034a
      m_implementationAccessible = true
      accessibleLatch = class java.util.concurrent.CountDownLatch@2166c667
      serviceObjectsHelper = class org.apache.felix.scr.impl.helper.ComponentServiceObjectsHelper@5daf3b3e
      boundValues = null
    contextRoots = class java.util.Collections$SynchronizedSet@ab6b0b2
      serialVersionUID = 487447009682186044
      serialVersionUID = 3053995032091335093
      c = class java.util.HashSet@7f9e1dc5
      mutex = class java.util.Collections$SynchronizedSet@ab6b0b2
    pendingContextRoots = class java.util.HashMap@54509fca
      serialVersionUID = 362498820763181265
      DEFAULT_INITIAL_CAPACITY = 16
      MAXIMUM_CAPACITY = 1073741824
      DEFAULT_LOAD_FACTOR = 0.75
      TREEIFY_THRESHOLD = 8
      UNTREEIFY_THRESHOLD = 6
      MIN_TREEIFY_CAPACITY = 64
      table = null
      entrySet = null
      size = 0
      modCount = 0
      threshold = 0
      loadFactor = 0.75
      keySet = null
      values = null
    deployedModuleMap = class java.util.concurrent.ConcurrentHashMap@2cae0ce3
      serialVersionUID = 7249069246763182397
      MAXIMUM_CAPACITY = 1073741824
      DEFAULT_CAPACITY = 16
      MAX_ARRAY_SIZE = 2147483639
      DEFAULT_CONCURRENCY_LEVEL = 16
      LOAD_FACTOR = 0.75
      TREEIFY_THRESHOLD = 8
      UNTREEIFY_THRESHOLD = 6
      MIN_TREEIFY_CAPACITY = 64
      MIN_TRANSFER_STRIDE = 16
      RESIZE_STAMP_BITS = 16
      MAX_RESIZERS = 65535
      RESIZE_STAMP_SHIFT = 16
      MOVED = -1
      TREEBIN = -2
      RESERVED = -3
      HASH_BITS = 2147483647
      NCPU = 8
      serialPersistentFields = class java.io.ObjectStreamField[3]
      table = class java.util.concurrent.ConcurrentHashMap$Node[16]
      nextTable = null
      baseCount = 7
      sizeCtl = 12
      transferIndex = 0
      cellsBusy = 0
      counterCells = null
      keySet = null
      values = null
      entrySet = null
      U = class sun.misc.Unsafe@108a284b
      SIZECTL = 20
      TRANSFERINDEX = 32
      BASECOUNT = 24
      CELLSBUSY = 36
      CELLVALUE = 144
      ABASE = 16
      ASHIFT = 2
      keySet = null
      values = null
    connContextPool = class com.ibm.ws.webcontainer40.osgi.srt.factory.SRTConnectionContextPool40Impl@78e5ba12
      head = class java.lang.ThreadLocal@4aaca399
      serialVersionUID = 1328956725011480048
      $$$tc$$$ = class com.ibm.websphere.ras.TraceComponent@57dcec1f
    DEFAULT_PORT = "*"
    DEFAULT_VHOST_NAME = "default_host"
    cachedServerInfo = "IBM WebSphere Liberty/18.0.0.2"
    lock = class com.ibm.ws.webcontainer.osgi.WebContainer$1@4769a69c
      this$0 = class com.ibm.ws.webcontainer.osgi.WebContainer@4b3e034a
    webAppFactory = class com.ibm.ws.webcontainer40.osgi.webapp.factory.WebAppFactory40Impl@1797df74
      serialVersionUID = 8172918271897210367
      $$$tc$$$ = class com.ibm.websphere.ras.TraceComponent@3d7feb7d
    requestFactory = class com.ibm.ws.webcontainer40.osgi.response.factory.IRequestResponseFactory40Impl@4b021071
      serialVersionUID = 3336627925143380461
      $$$tc$$$ = class com.ibm.websphere.ras.TraceComponent@2b14bfe7
    responseFactory = class com.ibm.ws.webcontainer40.osgi.response.factory.IRequestResponseFactory40Impl@4b021071
    asyncContextFactory = class com.ibm.ws.webcontainer40.async.factory.AsyncContextFactory40Impl@1e621629
      serialVersionUID = 2251738312435757516
      $$$tc$$$ = class com.ibm.websphere.ras.TraceComponent@625d9003
    DEFAULT_MAX_VERSION = 30
    versionRef = class org.eclipse.osgi.internal.serviceregistry.ServiceReferenceImpl@14b51e3f
      registration = class org.eclipse.osgi.internal.serviceregistry.ServiceRegistrationImpl@60e06632
    serverStopping = class com.ibm.ws.staticvalue.StaticValue$FinalSingleton@3df00fa2
      singleton = class java.util.concurrent.atomic.AtomicBoolean@4714d357
      multiplex = false
    modulesStarting = 1
    uriMatcherFactory = class com.ibm.wsspi.webcontainer40.util.factory.URIMatcherFactory40Impl@66aa11f5
      serialVersionUID = 4507504838389585711
      $$$tc$$$ = class com.ibm.websphere.ras.TraceComponent@68e68b20
    SPEC_LEVEL_UNLOADED = -1
    SPEC_LEVEL_30 = 30
    SPEC_LEVEL_31 = 31
    SPEC_LEVEL_40 = 40
    DEFAULT_SPEC_LEVEL = 30
    loadedContainerSpecLevel = 40
    ISO = "ISO-8859-1"
    encoding = "UTF-8"
    decode = true
    wcconfig = class com.ibm.ws.webcontainer.osgi.WebContainerConfiguration@540f2f90
      properties = class org.apache.felix.scr.impl.helper.ReadOnlyDictionary@299e5f69
      CFG_KEY_ENFORCE_SEC = "enforce.security"
      logger = class com.ibm.ws.logging.internal.WsLogger@934c8dd
      CLASS_NAME = "com.ibm.ws.webcontainer.WebContainerConfiguration"
      _localeProps = null
      _jvmProps = null
      enableServletCaching = false
      defaultVirtualHostName = "default_host"
      ardEnabled = false
      ardIncludeTimeout = 0
      poolingDisabled = false
      maximumExpiredEntries = 0
      maximumResponseStoreSize = 0
      useAsyncRunnableWorkManager = false
      asyncRunnableWorkManagerName = null
      numAsyncTimerThreads = 2
      defaultAsyncServletTimeout = 30000
    applicationListeners = class java.util.ArrayList@693fa7ac
      serialVersionUID = 8683452581122892189
      DEFAULT_CAPACITY = 10
      EMPTY_ELEMENTDATA = class java.lang.Object[0]
      DEFAULTCAPACITY_EMPTY_ELEMENTDATA = class java.lang.Object[0]
      elementData = class java.lang.Object[0]
      size = 0
      MAX_ARRAY_SIZE = 2147483639
      modCount = 0
      MAX_ARRAY_SIZE = 2147483639
    servletListeners = class java.util.ArrayList@5fac36c7
      serialVersionUID = 8683452581122892189
      DEFAULT_CAPACITY = 10
      EMPTY_ELEMENTDATA = class java.lang.Object[0]
      DEFAULTCAPACITY_EMPTY_ELEMENTDATA = class java.lang.Object[0]
      elementData = class java.lang.Object[0]
      size = 0
      MAX_ARRAY_SIZE = 2147483639
      modCount = 0
      MAX_ARRAY_SIZE = 2147483639
    servletErrorListeners = class java.util.ArrayList@b8de05d
      serialVersionUID = 8683452581122892189
      DEFAULT_CAPACITY = 10
      EMPTY_ELEMENTDATA = class java.lang.Object[0]
      DEFAULTCAPACITY_EMPTY_ELEMENTDATA = class java.lang.Object[0]
      elementData = class java.lang.Object[0]
      size = 0
      MAX_ARRAY_SIZE = 2147483639
      modCount = 0
      MAX_ARRAY_SIZE = 2147483639
    servletInvocationListeners = class java.util.ArrayList@26533d13
      serialVersionUID = 8683452581122892189
      DEFAULT_CAPACITY = 10
      EMPTY_ELEMENTDATA = class java.lang.Object[0]
      DEFAULTCAPACITY_EMPTY_ELEMENTDATA = class java.lang.Object[0]
      elementData = class java.lang.Object[0]
      size = 0
      MAX_ARRAY_SIZE = 2147483639
      modCount = 0
      MAX_ARRAY_SIZE = 2147483639
    filterInvocationListeners = class java.util.ArrayList@32c5ecb2
      serialVersionUID = 8683452581122892189
      DEFAULT_CAPACITY = 10
      EMPTY_ELEMENTDATA = class java.lang.Object[0]
      DEFAULTCAPACITY_EMPTY_ELEMENTDATA = class java.lang.Object[0]
      elementData = class java.lang.Object[0]
      size = 0
      MAX_ARRAY_SIZE = 2147483639
      modCount = 0
      MAX_ARRAY_SIZE = 2147483639
    filterErrorListeners = class java.util.ArrayList@c61fe23
      serialVersionUID = 8683452581122892189
      DEFAULT_CAPACITY = 10
      EMPTY_ELEMENTDATA = class java.lang.Object[0]
      DEFAULTCAPACITY_EMPTY_ELEMENTDATA = class java.lang.Object[0]
      elementData = class java.lang.Object[0]
      size = 0
      MAX_ARRAY_SIZE = 2147483639
      modCount = 0
      MAX_ARRAY_SIZE = 2147483639
    filterListeners = class java.util.ArrayList@688a68fa
      serialVersionUID = 8683452581122892189
      DEFAULT_CAPACITY = 10
      EMPTY_ELEMENTDATA = class java.lang.Object[0]
      DEFAULTCAPACITY_EMPTY_ELEMENTDATA = class java.lang.Object[0]
      elementData = class java.lang.Object[0]
      size = 0
      MAX_ARRAY_SIZE = 2147483639
      modCount = 0
      MAX_ARRAY_SIZE = 2147483639
    servletRequestListeners = class java.util.ArrayList@570e6b5d
      serialVersionUID = 8683452581122892189
      DEFAULT_CAPACITY = 10
      EMPTY_ELEMENTDATA = class java.lang.Object[0]
      DEFAULTCAPACITY_EMPTY_ELEMENTDATA = class java.lang.Object[0]
      elementData = class java.lang.Object[0]
      size = 0
      MAX_ARRAY_SIZE = 2147483639
      modCount = 0
      MAX_ARRAY_SIZE = 2147483639
    servletRequestAttributeListeners = class java.util.ArrayList@4ab3ad72
      serialVersionUID = 8683452581122892189
      DEFAULT_CAPACITY = 10
      EMPTY_ELEMENTDATA = class java.lang.Object[0]
      DEFAULTCAPACITY_EMPTY_ELEMENTDATA = class java.lang.Object[0]
      elementData = class java.lang.Object[0]
      size = 0
      MAX_ARRAY_SIZE = 2147483639
      modCount = 0
      MAX_ARRAY_SIZE = 2147483639
    servletContextListeners = class java.util.ArrayList@49a0c2e1
      serialVersionUID = 8683452581122892189
      DEFAULT_CAPACITY = 10
      EMPTY_ELEMENTDATA = class java.lang.Object[0]
      DEFAULTCAPACITY_EMPTY_ELEMENTDATA = class java.lang.Object[0]
      elementData = class java.lang.Object[0]
      size = 0
      MAX_ARRAY_SIZE = 2147483639
      modCount = 0
      MAX_ARRAY_SIZE = 2147483639
    servletContextAttributeListeners = class java.util.ArrayList@72d6be97
      serialVersionUID = 8683452581122892189
      DEFAULT_CAPACITY = 10
      EMPTY_ELEMENTDATA = class java.lang.Object[0]
      DEFAULTCAPACITY_EMPTY_ELEMENTDATA = class java.lang.Object[0]
      elementData = class java.lang.Object[0]
      size = 0
      MAX_ARRAY_SIZE = 2147483639
      modCount = 0
      MAX_ARRAY_SIZE = 2147483639
    sessionListeners = class java.util.ArrayList@56267713
      serialVersionUID = 8683452581122892189
      DEFAULT_CAPACITY = 10
      EMPTY_ELEMENTDATA = class java.lang.Object[0]
      DEFAULTCAPACITY_EMPTY_ELEMENTDATA = class java.lang.Object[0]
      elementData = class java.lang.Object[0]
      size = 0
      MAX_ARRAY_SIZE = 2147483639
      modCount = 0
      MAX_ARRAY_SIZE = 2147483639
    sessionIdListeners = class java.util.ArrayList@1a99898
      serialVersionUID = 8683452581122892189
      DEFAULT_CAPACITY = 10
      EMPTY_ELEMENTDATA = class java.lang.Object[0]
      DEFAULTCAPACITY_EMPTY_ELEMENTDATA = class java.lang.Object[0]
      elementData = class java.lang.Object[0]
      size = 0
      MAX_ARRAY_SIZE = 2147483639
      modCount = 0
      MAX_ARRAY_SIZE = 2147483639
    sessionAttributeListeners = class java.util.ArrayList@4e51e586
      serialVersionUID = 8683452581122892189
      DEFAULT_CAPACITY = 10
      EMPTY_ELEMENTDATA = class java.lang.Object[0]
      DEFAULTCAPACITY_EMPTY_ELEMENTDATA = class java.lang.Object[0]
      elementData = class java.lang.Object[0]
      size = 0
      MAX_ARRAY_SIZE = 2147483639
      modCount = 0
      MAX_ARRAY_SIZE = 2147483639
    DEFAULT_HOST = "default_host"
    _initialized = true
    logger = class com.ibm.ws.logging.internal.WsLogger@934c8dd
      tc = class com.ibm.websphere.ras.TraceComponent@6216956d
      ivCachedResourceBundleName = "com.ibm.ws.webcontainer.resources.Messages"
      ivCachedResourceBundle = class com.ibm.ws.webcontainer.resources.Messages@1c47b882
      ivComponent = null
      ivOrganization = null
      ivProduct = null
      ivMinimumLocalizationLevelIntValue = 625
      ivTC = class com.ibm.websphere.ras.TraceComponent@4b50ee57
      loggerRegistrationComponent = class java.lang.ThreadLocal@39b1a0b3
      emptyHandlers = class java.util.logging.Handler[0]
      offValue = 2147483647
      SYSTEM_LOGGER_RB_NAME = "sun.util.logging.resources.logging"
      SYSTEM_BUNDLE = class java.util.logging.Logger$LoggerBundle@7785f30d
      NO_RESOURCE_BUNDLE = class java.util.logging.Logger$LoggerBundle@5627c6d7
      manager = class com.ibm.ws.kernel.boot.logging.WsLogManager@62a75098
      name = "com.ibm.ws.webcontainer"
      handlers = class java.util.concurrent.CopyOnWriteArrayList@5a729dc4
      loggerBundle = class java.util.logging.Logger$LoggerBundle@2b7101c
      useParentHandlers = true
      filter = null
      anonymous = false
      catalog = class com.ibm.ws.webcontainer.resources.Messages@1c47b882
      catalogName = "com.ibm.ws.webcontainer.resources.Messages"
      catalogLocale = class java.util.Locale@6a4e6fe3
      treeLock = class java.lang.Object@32b5d1a2
      parent = class java.util.logging.Logger@7ce7e68d
      kids = class java.util.ArrayList@46ea2efd
      levelObject = class java.util.logging.Level@5fc260b4
      levelValue = 800
      callersClassLoaderRef = class java.lang.ref.WeakReference@43e6922f
      isSystemLogger = false
      GLOBAL_LOGGER_NAME = "global"
      global = class java.util.logging.Logger@76c750
      $assertionsDisabled = true
    CLASS_NAME = "com.ibm.ws.webcontainer.internal.WebContainer"
    nls = class com.ibm.ejs.ras.TraceNLS@6ccfb807
      resolver = class com.ibm.ws.logging.internal.TraceNLSResolver@1c018922
      finder = class com.ibm.ws.logging.internal.StackFinder@33af93ad
      ivBundleName = "com.ibm.ws.webcontainer.resources.Messages"
      caller = class java.lang.Class@68f78057
    self = class java.util.concurrent.atomic.AtomicReference@21ef805e
      serialVersionUID = -1848883965231344442
      unsafe = class sun.misc.Unsafe@108a284b
      valueOffset = 12
      value = class com.ibm.ws.webcontainer.osgi.WebContainer@4b3e034a
    _cipherToBit = class java.util.HashMap@60532c30
      serialVersionUID = 362498820763181265
      DEFAULT_INITIAL_CAPACITY = 16
      MAXIMUM_CAPACITY = 1073741824
      DEFAULT_LOAD_FACTOR = 0.75
      TREEIFY_THRESHOLD = 8
      UNTREEIFY_THRESHOLD = 6
      MIN_TREEIFY_CAPACITY = 64
      table = null
      entrySet = null
      size = 0
      modCount = 0
      threshold = 0
      loadFactor = 0.75
      keySet = null
      values = null
    cacheKeyStringBuilder = class com.ibm.ws.util.WSThreadLocal@4f8e62c7
      tc = class com.ibm.ejs.ras.TraceComponent@3211d5a0
      count = 7
      index = 3
      SUSPECTED_MISUSAGE_THRESHOLD = 200
      threadLocalHashCode = -498336260
      nextHashCode = class java.util.concurrent.atomic.AtomicInteger@30ea0512
      HASH_INCREMENT = 1640531527
    listenersInitialized = true
    webConProperties = class java.util.Properties@5e90e4b1
      serialVersionUID = 4112578634029874840
      defaults = null
      hexDigit = {0123456789ABCDEF} /* array length = 16 */
      table = class java.util.Hashtable$Entry[95]
      count = 56
      threshold = 71
      loadFactor = 0.75
      modCount = 59
      serialVersionUID = 1421746759512286392
      MAX_ARRAY_SIZE = 2147483639
      keySet = null
      entrySet = null
      values = null
      KEYS = 0
      VALUES = 1
      ENTRIES = 2
    sessionRegistry = null
    isStopped = false
    readWriteLockForStopping = class java.util.concurrent.locks.ReentrantReadWriteLock@320724d
      serialVersionUID = -6992448646407690164
      readerLock = class java.util.concurrent.locks.ReentrantReadWriteLock$ReadLock@5b7799ee
      writerLock = class java.util.concurrent.locks.ReentrantReadWriteLock$WriteLock@2c770f45
      sync = class java.util.concurrent.locks.ReentrantReadWriteLock$NonfairSync@1a8d01dc
      UNSAFE = class sun.misc.Unsafe@108a284b
      TID_OFFSET = 40
    urlPrefix = ";jsessionid="
    extensionFactories = class java.util.ArrayList@7a6becb5
      serialVersionUID = 8683452581122892189
      DEFAULT_CAPACITY = 10
      EMPTY_ELEMENTDATA = class java.lang.Object[0]
      DEFAULTCAPACITY_EMPTY_ELEMENTDATA = class java.lang.Object[0]
      elementData = class java.lang.Object[10]
      size = 6
      MAX_ARRAY_SIZE = 2147483639
      modCount = 12
      MAX_ARRAY_SIZE = 2147483639
    postInitExtensionFactories = null
    httpResponseListeners = class java.util.ArrayList@46cf2165
      serialVersionUID = 8683452581122892189
      DEFAULT_CAPACITY = 10
      EMPTY_ELEMENTDATA = class java.lang.Object[0]
      DEFAULTCAPACITY_EMPTY_ELEMENTDATA = class java.lang.Object[0]
      elementData = class java.lang.Object[0]
      size = 0
      MAX_ARRAY_SIZE = 2147483639
      modCount = 0
      MAX_ARRAY_SIZE = 2147483639
    servletContainerInitializers = class java.util.ServiceLoader@1fa3f061
      PREFIX = "META-INF/services/"
      service = class java.lang.Class@4685ae9e
      loader = class org.eclipse.osgi.internal.loader.EquinoxClassLoader@39da8124
      acc = null
      providers = class java.util.LinkedHashMap@26813007
      lookupIterator = class java.util.ServiceLoader$LazyIterator@2b82dae4
    auditManager = class com.ibm.websphere.security.audit.context.AuditManager@1f114bc2
      threadLocal = class com.ibm.websphere.security.audit.context.AuditManager$AuditThreadLocal@396b783e
      serialVersionUID = 8297158904878279977
      $$$tc$$$ = class com.ibm.websphere.ras.TraceComponent@229a5ec5
    threadLocal = class java.lang.ThreadLocal@3a3a12d1
      threadLocalHashCode = 1142195267
      nextHashCode = class java.util.concurrent.atomic.AtomicInteger@30ea0512
      HASH_INCREMENT = 1640531527
    invocationCacheSize = 500
    decodePlusSign = true
    _cacheMap = class java.util.concurrent.ConcurrentHashMap@5c1c8fa
      serialVersionUID = 7249069246763182397
      MAXIMUM_CAPACITY = 1073741824
      DEFAULT_CAPACITY = 16
      MAX_ARRAY_SIZE = 2147483639
      DEFAULT_CONCURRENCY_LEVEL = 16
      LOAD_FACTOR = 0.75
      TREEIFY_THRESHOLD = 8
      UNTREEIFY_THRESHOLD = 6
      MIN_TREEIFY_CAPACITY = 64
      MIN_TRANSFER_STRIDE = 16
      RESIZE_STAMP_BITS = 16
      MAX_RESIZERS = 65535
      RESIZE_STAMP_SHIFT = 16
      MOVED = -1
      TREEBIN = -2
      RESERVED = -3
      HASH_BITS = 2147483647
      NCPU = 8
      serialPersistentFields = class java.io.ObjectStreamField[3]
      table = null
      nextTable = null
      baseCount = 0
      sizeCtl = 1024
      transferIndex = 0
      cellsBusy = 0
      counterCells = null
      keySet = null
      values = null
      entrySet = null
      U = class sun.misc.Unsafe@108a284b
      SIZECTL = 20
      TRANSFERINDEX = 32
      BASECOUNT = 24
      CELLSBUSY = 36
      CELLVALUE = 144
      ABASE = 16
      ASHIFT = 2
      keySet = null
      values = null
    _cacheSize = class java.util.concurrent.atomic.AtomicInteger@56100db
      serialVersionUID = 6214790243416807050
      unsafe = class sun.misc.Unsafe@108a284b
      valueOffset = 12
      value = 0
      serialVersionUID = -8742448824652078965
    vHostCompatFlag = false
    platformHelper = class com.ibm.ws.webcontainer.PlatformHelper@103b14ee
    isDefaultTempDir = true
    tempDir = null
    servletCachingInitNeeded = true
    appInstallBegun = true
    cacheServletWrapperFactory = class com.ibm.ws.webcontainer40.servlet.factory.CacheServletWrapperFactory40Impl@7afd20a2
      serialVersionUID = 6641793567262460833
      $$$tc$$$ = class com.ibm.websphere.ras.TraceComponent@2b2fc0f6
    commands = class java.util.ArrayList@7c9a1022
      serialVersionUID = 8683452581122892189
      DEFAULT_CAPACITY = 10
      EMPTY_ELEMENTDATA = class java.lang.Object[0]
      DEFAULTCAPACITY_EMPTY_ELEMENTDATA = class java.lang.Object[0]
      elementData = class java.lang.Object[3]
      size = 0
      MAX_ARRAY_SIZE = 2147483639
      modCount = 0
      MAX_ARRAY_SIZE = 2147483639
    requestMapper = class com.ibm.ws.webcontainer.util.VirtualHostContextRootMapper@34cef73b
      cachedMappers = class java.util.Collections$SynchronizedMap@1aa7ded2
      nls = class com.ibm.ejs.ras.TraceNLS@68d6bfbb
      logger = class com.ibm.ws.logging.internal.WsLogger@c1950a4
      CLASS_NAME = "com.ibm.ws.webcontainer.util.VirtualHostContextRootMapper"
      CLASSNAME = "com.ibm.ws.util.VirtualHostMapper"
      tc = class com.ibm.ejs.ras.TraceComponent@4d6f1c80
      vHostTable = class java.util.concurrent.ConcurrentHashMap@c765ec3
    parent = null
    name = "Was.webcontainer"
    isAlive = true
    subElements = class java.util.HashMap@53a91c92
      serialVersionUID = 362498820763181265
      DEFAULT_INITIAL_CAPACITY = 16
      MAXIMUM_CAPACITY = 1073741824
      DEFAULT_LOAD_FACTOR = 0.75
      TREEIFY_THRESHOLD = 8
      UNTREEIFY_THRESHOLD = 6
      MIN_TREEIFY_CAPACITY = 64
      table = class java.util.HashMap$Node[16]
      entrySet = null
      size = 1
      modCount = 1
      threshold = 12
      loadFactor = 0.75
      keySet = null
      values = null
    attributes = null
    config = null
    serialVersionUID = -8271459000149267764
    $$$tc$$$ = class com.ibm.websphere.ras.TraceComponent@7a8d0377
      strings[0] = "TraceComponent[com.ibm.ws.container.AbstractContainer,class com.ibm.ws.container.AbstractContainer,[],null,null]"

